#-----------------------------------------------------------
# Vivado v2024.2 (64-bit)
# SW Build 5239630 on Fri Nov 08 22:35:27 MST 2024
# IP Build 5239520 on Sun Nov 10 16:12:51 MST 2024
# SharedData Build 5239561 on Fri Nov 08 14:39:27 MST 2024
# Start of session at: Thu Apr 24 16:23:02 2025
# Process ID         : 15952
# Current directory  : C:/Users/andrej/Desktop/DE1 project/Digital_Scoreboard
# Command line       : vivado.exe -gui_launcher_event rodinguilauncherevent10876 C:\Users\andrej\Desktop\DE1 project\Digital_Scoreboard\Digital_Scoreboard.xpr
# Log file           : C:/Users/andrej/Desktop/DE1 project/Digital_Scoreboard/vivado.log
# Journal file       : C:/Users/andrej/Desktop/DE1 project/Digital_Scoreboard\vivado.jou
# Running On         : DESKTOP-NA8KE1C
# Platform           : Windows Server 2016 or Windows 10
# Operating System   : 26100
# Processor Detail   : 12th Gen Intel(R) Core(TM) i7-12700H
# CPU Frequency      : 2688 MHz
# CPU Physical cores : 14
# CPU Logical cores  : 20
# Host memory        : 33960 MB
# Swap memory        : 2147 MB
# Total Virtual      : 36108 MB
# Available Virtual  : 24807 MB
#-----------------------------------------------------------
start_gui
open_project {C:/Users/andrej/Desktop/DE1 project/Digital_Scoreboard/Digital_Scoreboard.xpr}
INFO: [filemgmt 56-3] Default IP Output Path : Could not find the directory 'C:/Users/andrej/Desktop/DE1 project/Digital_Scoreboard/Digital_Scoreboard.gen/sources_1'.
Scanning sources...
Finished scanning sources
INFO: [IP_Flow 19-234] Refreshing IP repositories
INFO: [IP_Flow 19-1704] No user IP repositories specified
INFO: [IP_Flow 19-2313] Loaded Vivado IP repository 'C:/Xilinx/Vivado/2024.2/data/ip'.
update_compile_order -fileset sources_1
reset_simulation
INFO: [Vivado 12-2266] Removing simulation data...
INFO: [Vivado 12-2267] Reset complete
launch_runs impl_1 -to_step write_bitstream -jobs 10
[Thu Apr 24 16:23:40 2025] Launched synth_1...
Run output will be captured here: C:/Users/andrej/Desktop/DE1 project/Digital_Scoreboard/Digital_Scoreboard.runs/synth_1/runme.log
[Thu Apr 24 16:23:40 2025] Launched impl_1...
Run output will be captured here: C:/Users/andrej/Desktop/DE1 project/Digital_Scoreboard/Digital_Scoreboard.runs/impl_1/runme.log
reset_run impl_1 -prev_step 
launch_runs impl_1 -to_step write_bitstream -jobs 10
[Thu Apr 24 16:25:02 2025] Launched impl_1...
Run output will be captured here: C:/Users/andrej/Desktop/DE1 project/Digital_Scoreboard/Digital_Scoreboard.runs/impl_1/runme.log
exit
INFO: [Common 17-206] Exiting Vivado at Thu Apr 24 16:26:14 2025...
