#-----------------------------------------------------------
# Vivado v2024.2 (64-bit)
# SW Build 5239630 on Fri Nov 08 22:35:27 MST 2024
# IP Build 5239520 on Sun Nov 10 16:12:51 MST 2024
# SharedData Build 5239561 on Fri Nov 08 14:39:27 MST 2024
# Start of session at: Wed Apr 23 13:12:20 2025
# Process ID         : 13880
# Current directory  : C:/Users/andrej/Desktop/DE1 project/Digital_Scoreboard
# Command line       : vivado.exe -gui_launcher_event rodinguilauncherevent7844 C:\Users\andrej\Desktop\DE1 project\Digital_Scoreboard\Digital_Scoreboard.xpr
# Log file           : C:/Users/andrej/Desktop/DE1 project/Digital_Scoreboard/vivado.log
# Journal file       : C:/Users/andrej/Desktop/DE1 project/Digital_Scoreboard\vivado.jou
# Running On         : DESKTOP-NA8KE1C
# Platform           : Windows Server 2016 or Windows 10
# Operating System   : 26100
# Processor Detail   : 12th Gen Intel(R) Core(TM) i7-12700H
# CPU Frequency      : 2688 MHz
# CPU Physical cores : 14
# CPU Logical cores  : 20
# Host memory        : 33960 MB
# Swap memory        : 2147 MB
# Total Virtual      : 36108 MB
# Available Virtual  : 22025 MB
#-----------------------------------------------------------
start_gui
open_project {C:/Users/andrej/Desktop/DE1 project/Digital_Scoreboard/Digital_Scoreboard.xpr}
INFO: [filemgmt 56-3] Default IP Output Path : Could not find the directory 'C:/Users/andrej/Desktop/DE1 project/Digital_Scoreboard/Digital_Scoreboard.gen/sources_1'.
Scanning sources...
Finished scanning sources
INFO: [IP_Flow 19-234] Refreshing IP repositories
INFO: [IP_Flow 19-1704] No user IP repositories specified
INFO: [IP_Flow 19-2313] Loaded Vivado IP repository 'C:/Xilinx/Vivado/2024.2/data/ip'.
update_compile_order -fileset sources_1
WARNING: [filemgmt 56-199] Attempt to get parsing info during refresh. "On-the-fly" syntax checking information may be incorrect. [C:\Users\andrej\Desktop\DE1 project\Digital_Scoreboard\Digital_Scoreboard.srcs\sources_1\new\counter_sec.vhd:]
WARNING: [filemgmt 56-199] Attempt to get parsing info during refresh. "On-the-fly" syntax checking information may be incorrect. [C:\Users\andrej\Desktop\DE1 project\Digital_Scoreboard\Digital_Scoreboard.srcs\sources_1\new\scoreboard.vhd:]
WARNING: [filemgmt 56-199] Attempt to get parsing info during refresh. "On-the-fly" syntax checking information may be incorrect. [C:\Users\andrej\Desktop\DE1 project\Digital_Scoreboard\Digital_Scoreboard.srcs\sources_1\new\counter_sec.vhd:]
WARNING: [filemgmt 56-199] Attempt to get parsing info during refresh. "On-the-fly" syntax checking information may be incorrect. [C:\Users\andrej\Desktop\DE1 project\Digital_Scoreboard\Digital_Scoreboard.srcs\sources_1\new\counter_sec.vhd:]
ERROR: [Common 17-180] Spawn failed: No error
WARNING: [filemgmt 56-199] Attempt to get parsing info during refresh. "On-the-fly" syntax checking information may be incorrect. [C:\Users\andrej\Desktop\DE1 project\Digital_Scoreboard\Digital_Scoreboard.srcs\sources_1\new\counter_sec.vhd:]
WARNING: [filemgmt 56-199] Attempt to get parsing info during refresh. "On-the-fly" syntax checking information may be incorrect. [C:\Users\andrej\Desktop\DE1 project\Digital_Scoreboard\Digital_Scoreboard.srcs\sources_1\new\scoreboard.vhd:]
WARNING: [filemgmt 56-199] Attempt to get parsing info during refresh. "On-the-fly" syntax checking information may be incorrect. [C:\Users\andrej\Desktop\DE1 project\Digital_Scoreboard\Digital_Scoreboard.srcs\sources_1\new\counter_sec.vhd:]
WARNING: [filemgmt 56-199] Attempt to get parsing info during refresh. "On-the-fly" syntax checking information may be incorrect. [C:\Users\andrej\Desktop\DE1 project\Digital_Scoreboard\Digital_Scoreboard.srcs\sources_1\new\counter_sec.vhd:]
WARNING: [filemgmt 56-199] Attempt to get parsing info during refresh. "On-the-fly" syntax checking information may be incorrect. [C:\Users\andrej\Desktop\DE1 project\Digital_Scoreboard\Digital_Scoreboard.srcs\sources_1\new\counter_sec.vhd:]
WARNING: [filemgmt 56-199] Attempt to get parsing info during refresh. "On-the-fly" syntax checking information may be incorrect. [C:\Users\andrej\Desktop\DE1 project\Digital_Scoreboard\Digital_Scoreboard.srcs\sources_1\new\scoreboard.vhd:]
WARNING: [filemgmt 56-199] Attempt to get parsing info during refresh. "On-the-fly" syntax checking information may be incorrect. [C:\Users\andrej\Desktop\DE1 project\Digital_Scoreboard\Digital_Scoreboard.srcs\sources_1\new\counter_sec.vhd:]
WARNING: [filemgmt 56-199] Attempt to get parsing info during refresh. "On-the-fly" syntax checking information may be incorrect. [C:\Users\andrej\Desktop\DE1 project\Digital_Scoreboard\Digital_Scoreboard.srcs\sources_1\new\counter_sec.vhd:]
ERROR: [Common 17-180] Spawn failed: No error
WARNING: [filemgmt 56-199] Attempt to get parsing info during refresh. "On-the-fly" syntax checking information may be incorrect. [C:\Users\andrej\Desktop\DE1 project\Digital_Scoreboard\Digital_Scoreboard.srcs\sources_1\new\counter_sec.vhd:]
WARNING: [filemgmt 56-199] Attempt to get parsing info during refresh. "On-the-fly" syntax checking information may be incorrect. [C:\Users\andrej\Desktop\DE1 project\Digital_Scoreboard\Digital_Scoreboard.srcs\sources_1\new\scoreboard.vhd:]
WARNING: [filemgmt 56-199] Attempt to get parsing info during refresh. "On-the-fly" syntax checking information may be incorrect. [C:\Users\andrej\Desktop\DE1 project\Digital_Scoreboard\Digital_Scoreboard.srcs\sources_1\new\scoreboard.vhd:]
WARNING: [filemgmt 56-199] Attempt to get parsing info during refresh. "On-the-fly" syntax checking information may be incorrect. [C:\Users\andrej\Desktop\DE1 project\Digital_Scoreboard\Digital_Scoreboard.srcs\sources_1\new\scoreboard.vhd:]
ERROR: [Common 17-180] Spawn failed: No error
set_property top cfg_tb_counter_sec [get_filesets sim_1]
set_property top_lib xil_defaultlib [get_filesets sim_1]
WARNING: [filemgmt 56-199] Attempt to get parsing info during refresh. "On-the-fly" syntax checking information may be incorrect. [C:\Users\andrej\Desktop\DE1 project\Digital_Scoreboard\Digital_Scoreboard.srcs\sources_1\new\counter_sec.vhd:]
WARNING: [filemgmt 56-199] Attempt to get parsing info during refresh. "On-the-fly" syntax checking information may be incorrect. [C:\Users\andrej\Desktop\DE1 project\Digital_Scoreboard\Digital_Scoreboard.srcs\sources_1\new\scoreboard.vhd:]
WARNING: [filemgmt 56-199] Attempt to get parsing info during refresh. "On-the-fly" syntax checking information may be incorrect. [C:\Users\andrej\Desktop\DE1 project\Digital_Scoreboard\Digital_Scoreboard.srcs\sources_1\new\counter_sec.vhd:]
WARNING: [filemgmt 56-199] Attempt to get parsing info during refresh. "On-the-fly" syntax checking information may be incorrect. [C:\Users\andrej\Desktop\DE1 project\Digital_Scoreboard\Digital_Scoreboard.srcs\sources_1\new\counter_sec.vhd:]
ERROR: [Common 17-180] Spawn failed: No error
update_compile_order -fileset sim_1
WARNING: [filemgmt 56-199] Attempt to get parsing info during refresh. "On-the-fly" syntax checking information may be incorrect. [C:\Users\andrej\Desktop\DE1 project\Digital_Scoreboard\Digital_Scoreboard.srcs\sources_1\new\counter_sec.vhd:]
WARNING: [filemgmt 56-199] Attempt to get parsing info during refresh. "On-the-fly" syntax checking information may be incorrect. [C:\Users\andrej\Desktop\DE1 project\Digital_Scoreboard\Digital_Scoreboard.srcs\sources_1\new\scoreboard.vhd:]
WARNING: [filemgmt 56-199] Attempt to get parsing info during refresh. "On-the-fly" syntax checking information may be incorrect. [C:\Users\andrej\Desktop\DE1 project\Digital_Scoreboard\Digital_Scoreboard.srcs\sources_1\new\counter_sec.vhd:]
WARNING: [filemgmt 56-199] Attempt to get parsing info during refresh. "On-the-fly" syntax checking information may be incorrect. [C:\Users\andrej\Desktop\DE1 project\Digital_Scoreboard\Digital_Scoreboard.srcs\sources_1\new\counter_sec.vhd:]
ERROR: [Common 17-180] Spawn failed: No error
launch_simulation
Command: launch_simulation 
INFO: [Vivado 12-12493] Simulation top is 'cfg_tb_counter_sec'
WARNING: [Vivado 12-13340] Unable to auto find GCC executables from simulator install path! (path not set)
INFO: [Vivado 12-5682] Launching behavioral simulation in 'C:/Users/andrej/Desktop/DE1 project/Digital_Scoreboard/Digital_Scoreboard.sim/sim_1/behav/xsim'
INFO: [SIM-utils-51] Simulation object is 'sim_1'
INFO: [SIM-utils-72] Using boost library from 'C:/Xilinx/Vivado/2024.2/tps/boost_1_72_0'
INFO: [SIM-utils-54] Inspecting design source files for 'cfg_tb_counter_sec' in fileset 'sim_1'...
INFO: [USF-XSim-97] Finding global include files...
INFO: [USF-XSim-98] Fetching design files from 'sim_1'...
INFO: [USF-XSim-2] XSim::Compile design
INFO: [USF-XSim-61] Executing 'COMPILE and ANALYZE' step in 'C:/Users/andrej/Desktop/DE1 project/Digital_Scoreboard/Digital_Scoreboard.sim/sim_1/behav/xsim'
"xvhdl --incr --relax -prj cfg_tb_counter_sec_vhdl.prj"
INFO: [VRFC 10-163] Analyzing VHDL file "C:/Users/andrej/Desktop/DE1 project/Digital_Scoreboard/Digital_Scoreboard.srcs/sources_1/new/counter_sec.vhd" into library xil_defaultlib
INFO: [VRFC 10-3107] analyzing entity 'counter_sec'
ERROR: [VRFC 10-1478] type of aggregate cannot be determined without context ; 0 visible types match here [C:/Users/andrej/Desktop/DE1 project/Digital_Scoreboard/Digital_Scoreboard.srcs/sources_1/new/counter_sec.vhd:59]
ERROR: [VRFC 10-9458] unit 'behavioral' is ignored due to previous errors [C:/Users/andrej/Desktop/DE1 project/Digital_Scoreboard/Digital_Scoreboard.srcs/sources_1/new/counter_sec.vhd:44]
INFO: [VRFC 10-8704] VHDL file 'C:/Users/andrej/Desktop/DE1 project/Digital_Scoreboard/Digital_Scoreboard.srcs/sources_1/new/counter_sec.vhd' is ignored due to errors
INFO: [USF-XSim-69] 'compile' step finished in '2' seconds
INFO: [USF-XSim-99] Step results log file:'C:/Users/andrej/Desktop/DE1 project/Digital_Scoreboard/Digital_Scoreboard.sim/sim_1/behav/xsim/xvhdl.log'
ERROR: [USF-XSim-62] 'compile' step failed with error(s). Please check the Tcl console output or 'C:/Users/andrej/Desktop/DE1 project/Digital_Scoreboard/Digital_Scoreboard.sim/sim_1/behav/xsim/xvhdl.log' file for more information.
ERROR: [Vivado 12-4473] Detected error while running simulation. Please correct the issue and retry this operation.
ERROR: [Common 17-39] 'launch_simulation' failed due to earlier errors.
WARNING: [filemgmt 56-199] Attempt to get parsing info during refresh. "On-the-fly" syntax checking information may be incorrect. [C:\Users\andrej\Desktop\DE1 project\Digital_Scoreboard\Digital_Scoreboard.srcs\sources_1\new\counter_sec.vhd:]
WARNING: [filemgmt 56-199] Attempt to get parsing info during refresh. "On-the-fly" syntax checking information may be incorrect. [C:\Users\andrej\Desktop\DE1 project\Digital_Scoreboard\Digital_Scoreboard.srcs\sources_1\new\scoreboard.vhd:]
WARNING: [filemgmt 56-199] Attempt to get parsing info during refresh. "On-the-fly" syntax checking information may be incorrect. [C:\Users\andrej\Desktop\DE1 project\Digital_Scoreboard\Digital_Scoreboard.srcs\sim_1\new\counter_sec_tb.vhd:]
WARNING: [filemgmt 56-199] Attempt to get parsing info during refresh. "On-the-fly" syntax checking information may be incorrect. [C:\Users\andrej\Desktop\DE1 project\Digital_Scoreboard\Digital_Scoreboard.srcs\sources_1\new\counter_sec.vhd:]
WARNING: [filemgmt 56-199] Attempt to get parsing info during refresh. "On-the-fly" syntax checking information may be incorrect. [C:\Users\andrej\Desktop\DE1 project\Digital_Scoreboard\Digital_Scoreboard.srcs\sources_1\new\counter_sec.vhd:]
WARNING: [filemgmt 56-199] Attempt to get parsing info during refresh. "On-the-fly" syntax checking information may be incorrect. [C:\Users\andrej\Desktop\DE1 project\Digital_Scoreboard\Digital_Scoreboard.srcs\sources_1\new\counter_sec.vhd:]
WARNING: [filemgmt 56-199] Attempt to get parsing info during refresh. "On-the-fly" syntax checking information may be incorrect. [C:\Users\andrej\Desktop\DE1 project\Digital_Scoreboard\Digital_Scoreboard.srcs\sources_1\new\scoreboard.vhd:]
WARNING: [filemgmt 56-199] Attempt to get parsing info during refresh. "On-the-fly" syntax checking information may be incorrect. [C:\Users\andrej\Desktop\DE1 project\Digital_Scoreboard\Digital_Scoreboard.srcs\sim_1\new\counter_sec_tb.vhd:]
WARNING: [filemgmt 56-199] Attempt to get parsing info during refresh. "On-the-fly" syntax checking information may be incorrect. [C:\Users\andrej\Desktop\DE1 project\Digital_Scoreboard\Digital_Scoreboard.srcs\sim_1\new\counter_sec_tb.vhd:]
WARNING: [filemgmt 56-199] Attempt to get parsing info during refresh. "On-the-fly" syntax checking information may be incorrect. [C:\Users\andrej\Desktop\DE1 project\Digital_Scoreboard\Digital_Scoreboard.srcs\sim_1\new\counter_sec_tb.vhd:]
ERROR: [Common 17-180] Spawn failed: No error
launch_simulation
Command: launch_simulation 
INFO: [Vivado 12-12493] Simulation top is 'cfg_tb_counter_sec'
WARNING: [Vivado 12-13340] Unable to auto find GCC executables from simulator install path! (path not set)
INFO: [Vivado 12-5682] Launching behavioral simulation in 'C:/Users/andrej/Desktop/DE1 project/Digital_Scoreboard/Digital_Scoreboard.sim/sim_1/behav/xsim'
INFO: [SIM-utils-51] Simulation object is 'sim_1'
INFO: [SIM-utils-72] Using boost library from 'C:/Xilinx/Vivado/2024.2/tps/boost_1_72_0'
INFO: [SIM-utils-54] Inspecting design source files for 'cfg_tb_counter_sec' in fileset 'sim_1'...
INFO: [USF-XSim-97] Finding global include files...
INFO: [USF-XSim-98] Fetching design files from 'sim_1'...
INFO: [USF-XSim-2] XSim::Compile design
INFO: [USF-XSim-61] Executing 'COMPILE and ANALYZE' step in 'C:/Users/andrej/Desktop/DE1 project/Digital_Scoreboard/Digital_Scoreboard.sim/sim_1/behav/xsim'
"xvhdl --incr --relax -prj cfg_tb_counter_sec_vhdl.prj"
INFO: [VRFC 10-163] Analyzing VHDL file "C:/Users/andrej/Desktop/DE1 project/Digital_Scoreboard/Digital_Scoreboard.srcs/sources_1/new/counter_sec.vhd" into library xil_defaultlib
INFO: [VRFC 10-3107] analyzing entity 'counter_sec'
ERROR: [VRFC 10-1478] type of aggregate cannot be determined without context ; 0 visible types match here [C:/Users/andrej/Desktop/DE1 project/Digital_Scoreboard/Digital_Scoreboard.srcs/sources_1/new/counter_sec.vhd:59]
ERROR: [VRFC 10-9458] unit 'behavioral' is ignored due to previous errors [C:/Users/andrej/Desktop/DE1 project/Digital_Scoreboard/Digital_Scoreboard.srcs/sources_1/new/counter_sec.vhd:44]
INFO: [VRFC 10-8704] VHDL file 'C:/Users/andrej/Desktop/DE1 project/Digital_Scoreboard/Digital_Scoreboard.srcs/sources_1/new/counter_sec.vhd' is ignored due to errors
INFO: [USF-XSim-69] 'compile' step finished in '2' seconds
INFO: [USF-XSim-99] Step results log file:'C:/Users/andrej/Desktop/DE1 project/Digital_Scoreboard/Digital_Scoreboard.sim/sim_1/behav/xsim/xvhdl.log'
ERROR: [USF-XSim-62] 'compile' step failed with error(s). Please check the Tcl console output or 'C:/Users/andrej/Desktop/DE1 project/Digital_Scoreboard/Digital_Scoreboard.sim/sim_1/behav/xsim/xvhdl.log' file for more information.
ERROR: [Vivado 12-4473] Detected error while running simulation. Please correct the issue and retry this operation.
ERROR: [Common 17-39] 'launch_simulation' failed due to earlier errors.
WARNING: [filemgmt 56-199] Attempt to get parsing info during refresh. "On-the-fly" syntax checking information may be incorrect. [C:\Users\andrej\Desktop\DE1 project\Digital_Scoreboard\Digital_Scoreboard.srcs\sources_1\new\counter_sec.vhd:]
WARNING: [filemgmt 56-199] Attempt to get parsing info during refresh. "On-the-fly" syntax checking information may be incorrect. [C:\Users\andrej\Desktop\DE1 project\Digital_Scoreboard\Digital_Scoreboard.srcs\sources_1\new\scoreboard.vhd:]
WARNING: [filemgmt 56-199] Attempt to get parsing info during refresh. "On-the-fly" syntax checking information may be incorrect. [C:\Users\andrej\Desktop\DE1 project\Digital_Scoreboard\Digital_Scoreboard.srcs\sim_1\new\counter_sec_tb.vhd:]
WARNING: [filemgmt 56-199] Attempt to get parsing info during refresh. "On-the-fly" syntax checking information may be incorrect. [C:\Users\andrej\Desktop\DE1 project\Digital_Scoreboard\Digital_Scoreboard.srcs\sources_1\new\scoreboard.vhd:]
WARNING: [filemgmt 56-199] Attempt to get parsing info during refresh. "On-the-fly" syntax checking information may be incorrect. [C:\Users\andrej\Desktop\DE1 project\Digital_Scoreboard\Digital_Scoreboard.srcs\sources_1\new\scoreboard.vhd:]
reset_simulation -simset sim_1 -mode behavioral
INFO: [Vivado 12-2266] Removing simulation data...
INFO: [Vivado 12-2267] Reset complete
WARNING: [filemgmt 56-199] Attempt to get parsing info during refresh. "On-the-fly" syntax checking information may be incorrect. [C:\Users\andrej\Desktop\DE1 project\Digital_Scoreboard\Digital_Scoreboard.srcs\sources_1\new\counter_sec.vhd:]
WARNING: [filemgmt 56-199] Attempt to get parsing info during refresh. "On-the-fly" syntax checking information may be incorrect. [C:\Users\andrej\Desktop\DE1 project\Digital_Scoreboard\Digital_Scoreboard.srcs\sources_1\new\scoreboard.vhd:]
WARNING: [filemgmt 56-199] Attempt to get parsing info during refresh. "On-the-fly" syntax checking information may be incorrect. [C:\Users\andrej\Desktop\DE1 project\Digital_Scoreboard\Digital_Scoreboard.srcs\sim_1\new\counter_sec_tb.vhd:]
WARNING: [filemgmt 56-199] Attempt to get parsing info during refresh. "On-the-fly" syntax checking information may be incorrect. [C:\Users\andrej\Desktop\DE1 project\Digital_Scoreboard\Digital_Scoreboard.srcs\sources_1\new\counter_sec.vhd:]
WARNING: [filemgmt 56-199] Attempt to get parsing info during refresh. "On-the-fly" syntax checking information may be incorrect. [C:\Users\andrej\Desktop\DE1 project\Digital_Scoreboard\Digital_Scoreboard.srcs\sources_1\new\counter_sec.vhd:]
launch_simulation
Command: launch_simulation 
INFO: [Vivado 12-12493] Simulation top is 'cfg_tb_counter_sec'
WARNING: [Vivado 12-13340] Unable to auto find GCC executables from simulator install path! (path not set)
INFO: [Vivado 12-5682] Launching behavioral simulation in 'C:/Users/andrej/Desktop/DE1 project/Digital_Scoreboard/Digital_Scoreboard.sim/sim_1/behav/xsim'
INFO: [SIM-utils-51] Simulation object is 'sim_1'
INFO: [SIM-utils-72] Using boost library from 'C:/Xilinx/Vivado/2024.2/tps/boost_1_72_0'
INFO: [SIM-utils-54] Inspecting design source files for 'cfg_tb_counter_sec' in fileset 'sim_1'...
INFO: [USF-XSim-97] Finding global include files...
INFO: [USF-XSim-98] Fetching design files from 'sim_1'...
INFO: [USF-XSim-2] XSim::Compile design
INFO: [USF-XSim-61] Executing 'COMPILE and ANALYZE' step in 'C:/Users/andrej/Desktop/DE1 project/Digital_Scoreboard/Digital_Scoreboard.sim/sim_1/behav/xsim'
"xvhdl --incr --relax -prj cfg_tb_counter_sec_vhdl.prj"
INFO: [VRFC 10-163] Analyzing VHDL file "C:/Users/andrej/Desktop/DE1 project/Digital_Scoreboard/Digital_Scoreboard.srcs/sources_1/new/counter_sec.vhd" into library xil_defaultlib
INFO: [VRFC 10-3107] analyzing entity 'counter_sec'
ERROR: [VRFC 10-3215] character ''0'' is not in type 'integer_32' [C:/Users/andrej/Desktop/DE1 project/Digital_Scoreboard/Digital_Scoreboard.srcs/sources_1/new/counter_sec.vhd:59]
ERROR: [VRFC 10-9458] unit 'behavioral' is ignored due to previous errors [C:/Users/andrej/Desktop/DE1 project/Digital_Scoreboard/Digital_Scoreboard.srcs/sources_1/new/counter_sec.vhd:44]
INFO: [VRFC 10-8704] VHDL file 'C:/Users/andrej/Desktop/DE1 project/Digital_Scoreboard/Digital_Scoreboard.srcs/sources_1/new/counter_sec.vhd' is ignored due to errors
INFO: [USF-XSim-69] 'compile' step finished in '1' seconds
INFO: [USF-XSim-99] Step results log file:'C:/Users/andrej/Desktop/DE1 project/Digital_Scoreboard/Digital_Scoreboard.sim/sim_1/behav/xsim/xvhdl.log'
ERROR: [USF-XSim-62] 'compile' step failed with error(s). Please check the Tcl console output or 'C:/Users/andrej/Desktop/DE1 project/Digital_Scoreboard/Digital_Scoreboard.sim/sim_1/behav/xsim/xvhdl.log' file for more information.
ERROR: [Vivado 12-4473] Detected error while running simulation. Please correct the issue and retry this operation.
ERROR: [Common 17-39] 'launch_simulation' failed due to earlier errors.
WARNING: [filemgmt 56-199] Attempt to get parsing info during refresh. "On-the-fly" syntax checking information may be incorrect. [C:\Users\andrej\Desktop\DE1 project\Digital_Scoreboard\Digital_Scoreboard.srcs\sources_1\new\counter_sec.vhd:]
WARNING: [filemgmt 56-199] Attempt to get parsing info during refresh. "On-the-fly" syntax checking information may be incorrect. [C:\Users\andrej\Desktop\DE1 project\Digital_Scoreboard\Digital_Scoreboard.srcs\sources_1\new\scoreboard.vhd:]
WARNING: [filemgmt 56-199] Attempt to get parsing info during refresh. "On-the-fly" syntax checking information may be incorrect. [C:\Users\andrej\Desktop\DE1 project\Digital_Scoreboard\Digital_Scoreboard.srcs\sim_1\new\counter_sec_tb.vhd:]
WARNING: [filemgmt 56-199] Attempt to get parsing info during refresh. "On-the-fly" syntax checking information may be incorrect. [C:\Users\andrej\Desktop\DE1 project\Digital_Scoreboard\Digital_Scoreboard.srcs\sources_1\new\scoreboard.vhd:]
WARNING: [filemgmt 56-199] Attempt to get parsing info during refresh. "On-the-fly" syntax checking information may be incorrect. [C:\Users\andrej\Desktop\DE1 project\Digital_Scoreboard\Digital_Scoreboard.srcs\sources_1\new\scoreboard.vhd:]
reset_simulation -simset sim_1 -mode behavioral
INFO: [Vivado 12-2266] Removing simulation data...
INFO: [Vivado 12-2267] Reset complete
WARNING: [filemgmt 56-199] Attempt to get parsing info during refresh. "On-the-fly" syntax checking information may be incorrect. [C:\Users\andrej\Desktop\DE1 project\Digital_Scoreboard\Digital_Scoreboard.srcs\sources_1\new\counter_sec.vhd:]
WARNING: [filemgmt 56-199] Attempt to get parsing info during refresh. "On-the-fly" syntax checking information may be incorrect. [C:\Users\andrej\Desktop\DE1 project\Digital_Scoreboard\Digital_Scoreboard.srcs\sources_1\new\scoreboard.vhd:]
WARNING: [filemgmt 56-199] Attempt to get parsing info during refresh. "On-the-fly" syntax checking information may be incorrect. [C:\Users\andrej\Desktop\DE1 project\Digital_Scoreboard\Digital_Scoreboard.srcs\sim_1\new\counter_sec_tb.vhd:]
WARNING: [filemgmt 56-199] Attempt to get parsing info during refresh. "On-the-fly" syntax checking information may be incorrect. [C:\Users\andrej\Desktop\DE1 project\Digital_Scoreboard\Digital_Scoreboard.srcs\sources_1\new\scoreboard.vhd:]
WARNING: [filemgmt 56-199] Attempt to get parsing info during refresh. "On-the-fly" syntax checking information may be incorrect. [C:\Users\andrej\Desktop\DE1 project\Digital_Scoreboard\Digital_Scoreboard.srcs\sources_1\new\scoreboard.vhd:]
WARNING: [filemgmt 56-199] Attempt to get parsing info during refresh. "On-the-fly" syntax checking information may be incorrect. [C:\Users\andrej\Desktop\DE1 project\Digital_Scoreboard\Digital_Scoreboard.srcs\sources_1\new\counter_sec.vhd:]
WARNING: [filemgmt 56-199] Attempt to get parsing info during refresh. "On-the-fly" syntax checking information may be incorrect. [C:\Users\andrej\Desktop\DE1 project\Digital_Scoreboard\Digital_Scoreboard.srcs\sources_1\new\scoreboard.vhd:]
WARNING: [filemgmt 56-199] Attempt to get parsing info during refresh. "On-the-fly" syntax checking information may be incorrect. [C:\Users\andrej\Desktop\DE1 project\Digital_Scoreboard\Digital_Scoreboard.srcs\sim_1\new\counter_sec_tb.vhd:]
WARNING: [filemgmt 56-199] Attempt to get parsing info during refresh. "On-the-fly" syntax checking information may be incorrect. [C:\Users\andrej\Desktop\DE1 project\Digital_Scoreboard\Digital_Scoreboard.srcs\sim_1\new\counter_sec_tb.vhd:]
WARNING: [filemgmt 56-199] Attempt to get parsing info during refresh. "On-the-fly" syntax checking information may be incorrect. [C:\Users\andrej\Desktop\DE1 project\Digital_Scoreboard\Digital_Scoreboard.srcs\sim_1\new\counter_sec_tb.vhd:]
ERROR: [Common 17-180] Spawn failed: No error
launch_simulation
Command: launch_simulation 
INFO: [Vivado 12-12493] Simulation top is 'cfg_tb_counter_sec'
WARNING: [Vivado 12-13340] Unable to auto find GCC executables from simulator install path! (path not set)
INFO: [Vivado 12-5682] Launching behavioral simulation in 'C:/Users/andrej/Desktop/DE1 project/Digital_Scoreboard/Digital_Scoreboard.sim/sim_1/behav/xsim'
INFO: [SIM-utils-51] Simulation object is 'sim_1'
INFO: [SIM-utils-72] Using boost library from 'C:/Xilinx/Vivado/2024.2/tps/boost_1_72_0'
INFO: [SIM-utils-54] Inspecting design source files for 'cfg_tb_counter_sec' in fileset 'sim_1'...
INFO: [USF-XSim-97] Finding global include files...
INFO: [USF-XSim-98] Fetching design files from 'sim_1'...
INFO: [USF-XSim-2] XSim::Compile design
INFO: [USF-XSim-61] Executing 'COMPILE and ANALYZE' step in 'C:/Users/andrej/Desktop/DE1 project/Digital_Scoreboard/Digital_Scoreboard.sim/sim_1/behav/xsim'
"xvhdl --incr --relax -prj cfg_tb_counter_sec_vhdl.prj"
INFO: [VRFC 10-163] Analyzing VHDL file "C:/Users/andrej/Desktop/DE1 project/Digital_Scoreboard/Digital_Scoreboard.srcs/sources_1/new/counter_sec.vhd" into library xil_defaultlib
INFO: [VRFC 10-3107] analyzing entity 'counter_sec'
INFO: [VRFC 10-163] Analyzing VHDL file "C:/Users/andrej/Desktop/DE1 project/Digital_Scoreboard/Digital_Scoreboard.srcs/sim_1/new/counter_sec_tb.vhd" into library xil_defaultlib
INFO: [VRFC 10-3107] analyzing entity 'tb_counter_sec'
INFO: [USF-XSim-69] 'compile' step finished in '2' seconds
INFO: [USF-XSim-3] XSim::Elaborate design
INFO: [USF-XSim-61] Executing 'ELABORATE' step in 'C:/Users/andrej/Desktop/DE1 project/Digital_Scoreboard/Digital_Scoreboard.sim/sim_1/behav/xsim'
"xelab --incr --debug typical --relax --mt 2 -L xil_defaultlib -L secureip --snapshot cfg_tb_counter_sec_behav xil_defaultlib.cfg_tb_counter_sec -log elaborate.log"
Vivado Simulator v2024.2.0
Copyright 1986-2022 Xilinx, Inc. All Rights Reserved.
Copyright 2022-2024 Advanced Micro Devices, Inc. All Rights Reserved.
Running: C:/Xilinx/Vivado/2024.2/bin/unwrapped/win64.o/xelab.exe --incr --debug typical --relax --mt 2 -L xil_defaultlib -L secureip --snapshot cfg_tb_counter_sec_behav xil_defaultlib.cfg_tb_counter_sec -log elaborate.log 
Using 2 slave threads.
Starting static elaboration
Completed static elaboration
Starting simulation data flow analysis
Completed simulation data flow analysis
Time Resolution for simulation is 1ps
Compiling package std.standard
Compiling package std.textio
Compiling package ieee.std_logic_1164
Compiling package ieee.std_logic_arith
Compiling package ieee.std_logic_unsigned
Compiling architecture behavioral of entity xil_defaultlib.counter_sec [counter_sec_default]
Compiling architecture tb of entity xil_defaultlib.tb_counter_sec [tb_counter_sec_cfg_tb_counter_se...]
Built simulation snapshot cfg_tb_counter_sec_behav
INFO: [USF-XSim-69] 'elaborate' step finished in '4' seconds
INFO: [USF-XSim-4] XSim::Simulate design
INFO: [USF-XSim-61] Executing 'SIMULATE' step in 'C:/Users/andrej/Desktop/DE1 project/Digital_Scoreboard/Digital_Scoreboard.sim/sim_1/behav/xsim'
INFO: [USF-XSim-98] *** Running xsim
   with args "cfg_tb_counter_sec_behav -key {Behavioral:sim_1:Functional:cfg_tb_counter_sec} -tclbatch {cfg_tb_counter_sec.tcl} -log {simulate.log}"
INFO: [USF-XSim-8] Loading simulator feature
Time resolution is 1 ps
source cfg_tb_counter_sec.tcl
# set curr_wave [current_wave_config]
# if { [string length $curr_wave] == 0 } {
#   if { [llength [get_objects]] > 0} {
#     add_wave /
#     set_property needs_save false [current_wave_config]
#   } else {
#      send_msg_id Add_Wave-1 WARNING "No top level signals found. Simulator will start without a wave window. If you want to open a wave window go to 'File->New Waveform Configuration' or type 'create_wave_config' in the TCL console."
#   }
# }
# run 10000ns
INFO: [USF-XSim-96] XSim completed. Design snapshot 'cfg_tb_counter_sec_behav' loaded.
INFO: [USF-XSim-97] XSim simulation ran for 10000ns
launch_simulation: Time (s): cpu = 00:00:03 ; elapsed = 00:00:08 . Memory (MB): peak = 1287.453 ; gain = 17.703
current_wave_config {Untitled 1}
Untitled 1
add_wave {{/tb_counter_sec_cfg_tb_counter_sec/dut/sig_ht}} 
relaunch_sim
Command: launch_simulation -step compile -simset sim_1 -mode behavioral
INFO: [Vivado 12-12493] Simulation top is 'cfg_tb_counter_sec'
WARNING: [Vivado 12-13340] Unable to auto find GCC executables from simulator install path! (path not set)
INFO: [Vivado 12-5682] Launching behavioral simulation in 'C:/Users/andrej/Desktop/DE1 project/Digital_Scoreboard/Digital_Scoreboard.sim/sim_1/behav/xsim'
INFO: [SIM-utils-51] Simulation object is 'sim_1'
INFO: [SIM-utils-72] Using boost library from 'C:/Xilinx/Vivado/2024.2/tps/boost_1_72_0'
INFO: [SIM-utils-54] Inspecting design source files for 'cfg_tb_counter_sec' in fileset 'sim_1'...
INFO: [USF-XSim-97] Finding global include files...
INFO: [USF-XSim-98] Fetching design files from 'sim_1'...
INFO: [USF-XSim-2] XSim::Compile design
INFO: [USF-XSim-61] Executing 'COMPILE and ANALYZE' step in 'C:/Users/andrej/Desktop/DE1 project/Digital_Scoreboard/Digital_Scoreboard.sim/sim_1/behav/xsim'
"xvhdl --incr --relax -prj cfg_tb_counter_sec_vhdl.prj"
INFO: [USF-XSim-69] 'compile' step finished in '1' seconds
Command: launch_simulation -step elaborate -simset sim_1 -mode behavioral
INFO: [Vivado 12-12493] Simulation top is 'cfg_tb_counter_sec'
WARNING: [Vivado 12-13340] Unable to auto find GCC executables from simulator install path! (path not set)
INFO: [Vivado 12-5682] Launching behavioral simulation in 'C:/Users/andrej/Desktop/DE1 project/Digital_Scoreboard/Digital_Scoreboard.sim/sim_1/behav/xsim'
INFO: [SIM-utils-51] Simulation object is 'sim_1'
INFO: [USF-XSim-3] XSim::Elaborate design
INFO: [USF-XSim-61] Executing 'ELABORATE' step in 'C:/Users/andrej/Desktop/DE1 project/Digital_Scoreboard/Digital_Scoreboard.sim/sim_1/behav/xsim'
"xelab --incr --debug typical --relax --mt 2 -L xil_defaultlib -L secureip --snapshot cfg_tb_counter_sec_behav xil_defaultlib.cfg_tb_counter_sec -log elaborate.log"
Vivado Simulator v2024.2.0
Copyright 1986-2022 Xilinx, Inc. All Rights Reserved.
Copyright 2022-2024 Advanced Micro Devices, Inc. All Rights Reserved.
Running: C:/Xilinx/Vivado/2024.2/bin/unwrapped/win64.o/xelab.exe --incr --debug typical --relax --mt 2 -L xil_defaultlib -L secureip --snapshot cfg_tb_counter_sec_behav xil_defaultlib.cfg_tb_counter_sec -log elaborate.log 
Using 2 slave threads.
Starting static elaboration
Completed static elaboration
INFO: [XSIM 43-4323] No Change in HDL. Linking previously generated obj files to create kernel
INFO: [USF-XSim-69] 'elaborate' step finished in '1' seconds
Time resolution is 1 ps
WARNING: [filemgmt 56-199] Attempt to get parsing info during refresh. "On-the-fly" syntax checking information may be incorrect. [C:\Users\andrej\Desktop\DE1 project\Digital_Scoreboard\Digital_Scoreboard.srcs\sources_1\new\counter_sec.vhd:]
WARNING: [filemgmt 56-199] Attempt to get parsing info during refresh. "On-the-fly" syntax checking information may be incorrect. [C:\Users\andrej\Desktop\DE1 project\Digital_Scoreboard\Digital_Scoreboard.srcs\sources_1\new\scoreboard.vhd:]
WARNING: [filemgmt 56-199] Attempt to get parsing info during refresh. "On-the-fly" syntax checking information may be incorrect. [C:\Users\andrej\Desktop\DE1 project\Digital_Scoreboard\Digital_Scoreboard.srcs\sim_1\new\counter_sec_tb.vhd:]
WARNING: [filemgmt 56-199] Attempt to get parsing info during refresh. "On-the-fly" syntax checking information may be incorrect. [C:\Users\andrej\Desktop\DE1 project\Digital_Scoreboard\Digital_Scoreboard.srcs\sources_1\new\counter_sec.vhd:]
WARNING: [filemgmt 56-199] Attempt to get parsing info during refresh. "On-the-fly" syntax checking information may be incorrect. [C:\Users\andrej\Desktop\DE1 project\Digital_Scoreboard\Digital_Scoreboard.srcs\sources_1\new\counter_sec.vhd:]
WARNING: [filemgmt 56-199] Attempt to get parsing info during refresh. "On-the-fly" syntax checking information may be incorrect. [C:\Users\andrej\Desktop\DE1 project\Digital_Scoreboard\Digital_Scoreboard.srcs\sources_1\new\counter_sec.vhd:]
WARNING: [filemgmt 56-199] Attempt to get parsing info during refresh. "On-the-fly" syntax checking information may be incorrect. [C:\Users\andrej\Desktop\DE1 project\Digital_Scoreboard\Digital_Scoreboard.srcs\sources_1\new\scoreboard.vhd:]
WARNING: [filemgmt 56-199] Attempt to get parsing info during refresh. "On-the-fly" syntax checking information may be incorrect. [C:\Users\andrej\Desktop\DE1 project\Digital_Scoreboard\Digital_Scoreboard.srcs\sim_1\new\counter_sec_tb.vhd:]
WARNING: [filemgmt 56-199] Attempt to get parsing info during refresh. "On-the-fly" syntax checking information may be incorrect. [C:\Users\andrej\Desktop\DE1 project\Digital_Scoreboard\Digital_Scoreboard.srcs\sim_1\new\counter_sec_tb.vhd:]
WARNING: [filemgmt 56-199] Attempt to get parsing info during refresh. "On-the-fly" syntax checking information may be incorrect. [C:\Users\andrej\Desktop\DE1 project\Digital_Scoreboard\Digital_Scoreboard.srcs\sim_1\new\counter_sec_tb.vhd:]
ERROR: [Common 17-180] Spawn failed: No error
close_sim
INFO: [Simtcl 6-16] Simulation closed
launch_simulation
Command: launch_simulation 
INFO: [Vivado 12-12493] Simulation top is 'cfg_tb_counter_sec'
WARNING: [Vivado 12-13340] Unable to auto find GCC executables from simulator install path! (path not set)
INFO: [Vivado 12-5682] Launching behavioral simulation in 'C:/Users/andrej/Desktop/DE1 project/Digital_Scoreboard/Digital_Scoreboard.sim/sim_1/behav/xsim'
INFO: [SIM-utils-51] Simulation object is 'sim_1'
INFO: [SIM-utils-72] Using boost library from 'C:/Xilinx/Vivado/2024.2/tps/boost_1_72_0'
INFO: [SIM-utils-54] Inspecting design source files for 'cfg_tb_counter_sec' in fileset 'sim_1'...
INFO: [USF-XSim-97] Finding global include files...
INFO: [USF-XSim-98] Fetching design files from 'sim_1'...
INFO: [USF-XSim-2] XSim::Compile design
INFO: [USF-XSim-61] Executing 'COMPILE and ANALYZE' step in 'C:/Users/andrej/Desktop/DE1 project/Digital_Scoreboard/Digital_Scoreboard.sim/sim_1/behav/xsim'
"xvhdl --incr --relax -prj cfg_tb_counter_sec_vhdl.prj"
INFO: [VRFC 10-163] Analyzing VHDL file "C:/Users/andrej/Desktop/DE1 project/Digital_Scoreboard/Digital_Scoreboard.srcs/sources_1/new/counter_sec.vhd" into library xil_defaultlib
INFO: [VRFC 10-3107] analyzing entity 'counter_sec'
INFO: [USF-XSim-69] 'compile' step finished in '1' seconds
INFO: [USF-XSim-3] XSim::Elaborate design
INFO: [USF-XSim-61] Executing 'ELABORATE' step in 'C:/Users/andrej/Desktop/DE1 project/Digital_Scoreboard/Digital_Scoreboard.sim/sim_1/behav/xsim'
"xelab --incr --debug typical --relax --mt 2 -L xil_defaultlib -L secureip --snapshot cfg_tb_counter_sec_behav xil_defaultlib.cfg_tb_counter_sec -log elaborate.log"
Vivado Simulator v2024.2.0
Copyright 1986-2022 Xilinx, Inc. All Rights Reserved.
Copyright 2022-2024 Advanced Micro Devices, Inc. All Rights Reserved.
Running: C:/Xilinx/Vivado/2024.2/bin/unwrapped/win64.o/xelab.exe --incr --debug typical --relax --mt 2 -L xil_defaultlib -L secureip --snapshot cfg_tb_counter_sec_behav xil_defaultlib.cfg_tb_counter_sec -log elaborate.log 
Using 2 slave threads.
Starting static elaboration
Completed static elaboration
Starting simulation data flow analysis
Completed simulation data flow analysis
Time Resolution for simulation is 1ps
Compiling package std.standard
Compiling package std.textio
Compiling package ieee.std_logic_1164
Compiling package ieee.std_logic_arith
Compiling package ieee.std_logic_unsigned
Compiling architecture behavioral of entity xil_defaultlib.counter_sec [counter_sec_default]
Compiling architecture tb of entity xil_defaultlib.tb_counter_sec [tb_counter_sec_cfg_tb_counter_se...]
Built simulation snapshot cfg_tb_counter_sec_behav
INFO: [USF-XSim-69] 'elaborate' step finished in '1' seconds
INFO: [USF-XSim-4] XSim::Simulate design
INFO: [USF-XSim-61] Executing 'SIMULATE' step in 'C:/Users/andrej/Desktop/DE1 project/Digital_Scoreboard/Digital_Scoreboard.sim/sim_1/behav/xsim'
INFO: [USF-XSim-98] *** Running xsim
   with args "cfg_tb_counter_sec_behav -key {Behavioral:sim_1:Functional:cfg_tb_counter_sec} -tclbatch {cfg_tb_counter_sec.tcl} -log {simulate.log}"
INFO: [USF-XSim-8] Loading simulator feature
Time resolution is 1 ps
source cfg_tb_counter_sec.tcl
# set curr_wave [current_wave_config]
# if { [string length $curr_wave] == 0 } {
#   if { [llength [get_objects]] > 0} {
#     add_wave /
#     set_property needs_save false [current_wave_config]
#   } else {
#      send_msg_id Add_Wave-1 WARNING "No top level signals found. Simulator will start without a wave window. If you want to open a wave window go to 'File->New Waveform Configuration' or type 'create_wave_config' in the TCL console."
#   }
# }
# run 10000ns
INFO: [USF-XSim-96] XSim completed. Design snapshot 'cfg_tb_counter_sec_behav' loaded.
INFO: [USF-XSim-97] XSim simulation ran for 10000ns
current_wave_config {Untitled 2}
Untitled 2
add_wave {{/tb_counter_sec_cfg_tb_counter_sec/dut/sig_ht}} 
relaunch_sim
Command: launch_simulation -step compile -simset sim_1 -mode behavioral
INFO: [Vivado 12-12493] Simulation top is 'cfg_tb_counter_sec'
WARNING: [Vivado 12-13340] Unable to auto find GCC executables from simulator install path! (path not set)
INFO: [Vivado 12-5682] Launching behavioral simulation in 'C:/Users/andrej/Desktop/DE1 project/Digital_Scoreboard/Digital_Scoreboard.sim/sim_1/behav/xsim'
INFO: [SIM-utils-51] Simulation object is 'sim_1'
INFO: [USF-XSim-2] XSim::Compile design
INFO: [USF-XSim-61] Executing 'COMPILE and ANALYZE' step in 'C:/Users/andrej/Desktop/DE1 project/Digital_Scoreboard/Digital_Scoreboard.sim/sim_1/behav/xsim'
"xvhdl --incr --relax -prj cfg_tb_counter_sec_vhdl.prj"
INFO: [USF-XSim-69] 'compile' step finished in '1' seconds
Command: launch_simulation -step elaborate -simset sim_1 -mode behavioral
INFO: [Vivado 12-12493] Simulation top is 'cfg_tb_counter_sec'
WARNING: [Vivado 12-13340] Unable to auto find GCC executables from simulator install path! (path not set)
INFO: [Vivado 12-5682] Launching behavioral simulation in 'C:/Users/andrej/Desktop/DE1 project/Digital_Scoreboard/Digital_Scoreboard.sim/sim_1/behav/xsim'
INFO: [SIM-utils-51] Simulation object is 'sim_1'
INFO: [USF-XSim-3] XSim::Elaborate design
INFO: [USF-XSim-61] Executing 'ELABORATE' step in 'C:/Users/andrej/Desktop/DE1 project/Digital_Scoreboard/Digital_Scoreboard.sim/sim_1/behav/xsim'
"xelab --incr --debug typical --relax --mt 2 -L xil_defaultlib -L secureip --snapshot cfg_tb_counter_sec_behav xil_defaultlib.cfg_tb_counter_sec -log elaborate.log"
Vivado Simulator v2024.2.0
Copyright 1986-2022 Xilinx, Inc. All Rights Reserved.
Copyright 2022-2024 Advanced Micro Devices, Inc. All Rights Reserved.
Running: C:/Xilinx/Vivado/2024.2/bin/unwrapped/win64.o/xelab.exe --incr --debug typical --relax --mt 2 -L xil_defaultlib -L secureip --snapshot cfg_tb_counter_sec_behav xil_defaultlib.cfg_tb_counter_sec -log elaborate.log 
Using 2 slave threads.
Starting static elaboration
Completed static elaboration
INFO: [XSIM 43-4323] No Change in HDL. Linking previously generated obj files to create kernel
INFO: [USF-XSim-69] 'elaborate' step finished in '2' seconds
Time resolution is 1 ps
WARNING: [filemgmt 56-199] Attempt to get parsing info during refresh. "On-the-fly" syntax checking information may be incorrect. [C:\Users\andrej\Desktop\DE1 project\Digital_Scoreboard\Digital_Scoreboard.srcs\sources_1\new\counter_sec.vhd:]
WARNING: [filemgmt 56-199] Attempt to get parsing info during refresh. "On-the-fly" syntax checking information may be incorrect. [C:\Users\andrej\Desktop\DE1 project\Digital_Scoreboard\Digital_Scoreboard.srcs\sources_1\new\scoreboard.vhd:]
WARNING: [filemgmt 56-199] Attempt to get parsing info during refresh. "On-the-fly" syntax checking information may be incorrect. [C:\Users\andrej\Desktop\DE1 project\Digital_Scoreboard\Digital_Scoreboard.srcs\sim_1\new\counter_sec_tb.vhd:]
WARNING: [filemgmt 56-199] Attempt to get parsing info during refresh. "On-the-fly" syntax checking information may be incorrect. [C:\Users\andrej\Desktop\DE1 project\Digital_Scoreboard\Digital_Scoreboard.srcs\sources_1\new\scoreboard.vhd:]
WARNING: [filemgmt 56-199] Attempt to get parsing info during refresh. "On-the-fly" syntax checking information may be incorrect. [C:\Users\andrej\Desktop\DE1 project\Digital_Scoreboard\Digital_Scoreboard.srcs\sources_1\new\scoreboard.vhd:]
WARNING: [filemgmt 56-199] Attempt to get parsing info during refresh. "On-the-fly" syntax checking information may be incorrect. [C:\Users\andrej\Desktop\DE1 project\Digital_Scoreboard\Digital_Scoreboard.srcs\sources_1\new\counter_sec.vhd:]
WARNING: [filemgmt 56-199] Attempt to get parsing info during refresh. "On-the-fly" syntax checking information may be incorrect. [C:\Users\andrej\Desktop\DE1 project\Digital_Scoreboard\Digital_Scoreboard.srcs\sources_1\new\scoreboard.vhd:]
WARNING: [filemgmt 56-199] Attempt to get parsing info during refresh. "On-the-fly" syntax checking information may be incorrect. [C:\Users\andrej\Desktop\DE1 project\Digital_Scoreboard\Digital_Scoreboard.srcs\sim_1\new\counter_sec_tb.vhd:]
WARNING: [filemgmt 56-199] Attempt to get parsing info during refresh. "On-the-fly" syntax checking information may be incorrect. [C:\Users\andrej\Desktop\DE1 project\Digital_Scoreboard\Digital_Scoreboard.srcs\sources_1\new\counter_sec.vhd:]
WARNING: [filemgmt 56-199] Attempt to get parsing info during refresh. "On-the-fly" syntax checking information may be incorrect. [C:\Users\andrej\Desktop\DE1 project\Digital_Scoreboard\Digital_Scoreboard.srcs\sources_1\new\scoreboard.vhd:]
WARNING: [filemgmt 56-199] Attempt to get parsing info during refresh. "On-the-fly" syntax checking information may be incorrect. [C:\Users\andrej\Desktop\DE1 project\Digital_Scoreboard\Digital_Scoreboard.srcs\sim_1\new\counter_sec_tb.vhd:]
WARNING: [filemgmt 56-199] Attempt to get parsing info during refresh. "On-the-fly" syntax checking information may be incorrect. [C:\Users\andrej\Desktop\DE1 project\Digital_Scoreboard\Digital_Scoreboard.srcs\sources_1\new\counter_sec.vhd:]
WARNING: [filemgmt 56-199] Attempt to get parsing info during refresh. "On-the-fly" syntax checking information may be incorrect. [C:\Users\andrej\Desktop\DE1 project\Digital_Scoreboard\Digital_Scoreboard.srcs\sources_1\new\counter_sec.vhd:]
close_sim
WARNING: [filemgmt 56-199] Attempt to get parsing info during refresh. "On-the-fly" syntax checking information may be incorrect. [C:\Users\andrej\Desktop\DE1 project\Digital_Scoreboard\Digital_Scoreboard.srcs\sources_1\new\counter_sec.vhd:]
WARNING: [filemgmt 56-199] Attempt to get parsing info during refresh. "On-the-fly" syntax checking information may be incorrect. [C:\Users\andrej\Desktop\DE1 project\Digital_Scoreboard\Digital_Scoreboard.srcs\sources_1\new\scoreboard.vhd:]
WARNING: [filemgmt 56-199] Attempt to get parsing info during refresh. "On-the-fly" syntax checking information may be incorrect. [C:\Users\andrej\Desktop\DE1 project\Digital_Scoreboard\Digital_Scoreboard.srcs\sim_1\new\counter_sec_tb.vhd:]
WARNING: [filemgmt 56-199] Attempt to get parsing info during refresh. "On-the-fly" syntax checking information may be incorrect. [C:\Users\andrej\Desktop\DE1 project\Digital_Scoreboard\Digital_Scoreboard.srcs\sources_1\new\scoreboard.vhd:]
WARNING: [filemgmt 56-199] Attempt to get parsing info during refresh. "On-the-fly" syntax checking information may be incorrect. [C:\Users\andrej\Desktop\DE1 project\Digital_Scoreboard\Digital_Scoreboard.srcs\sources_1\new\scoreboard.vhd:]
ERROR: [Common 17-180] Spawn failed: No error
INFO: [Simtcl 6-16] Simulation closed
ERROR: [Common 17-39] 'close_sim' failed due to earlier errors.
launch_simulation
Command: launch_simulation 
INFO: [Vivado 12-12493] Simulation top is 'cfg_tb_counter_sec'
WARNING: [Vivado 12-13340] Unable to auto find GCC executables from simulator install path! (path not set)
INFO: [Vivado 12-5682] Launching behavioral simulation in 'C:/Users/andrej/Desktop/DE1 project/Digital_Scoreboard/Digital_Scoreboard.sim/sim_1/behav/xsim'
INFO: [SIM-utils-51] Simulation object is 'sim_1'
INFO: [SIM-utils-72] Using boost library from 'C:/Xilinx/Vivado/2024.2/tps/boost_1_72_0'
INFO: [SIM-utils-54] Inspecting design source files for 'cfg_tb_counter_sec' in fileset 'sim_1'...
INFO: [USF-XSim-97] Finding global include files...
INFO: [USF-XSim-98] Fetching design files from 'sim_1'...
INFO: [USF-XSim-2] XSim::Compile design
INFO: [USF-XSim-61] Executing 'COMPILE and ANALYZE' step in 'C:/Users/andrej/Desktop/DE1 project/Digital_Scoreboard/Digital_Scoreboard.sim/sim_1/behav/xsim'
"xvhdl --incr --relax -prj cfg_tb_counter_sec_vhdl.prj"
INFO: [VRFC 10-163] Analyzing VHDL file "C:/Users/andrej/Desktop/DE1 project/Digital_Scoreboard/Digital_Scoreboard.srcs/sim_1/new/counter_sec_tb.vhd" into library xil_defaultlib
INFO: [VRFC 10-3107] analyzing entity 'tb_counter_sec'
INFO: [USF-XSim-69] 'compile' step finished in '1' seconds
INFO: [USF-XSim-3] XSim::Elaborate design
INFO: [USF-XSim-61] Executing 'ELABORATE' step in 'C:/Users/andrej/Desktop/DE1 project/Digital_Scoreboard/Digital_Scoreboard.sim/sim_1/behav/xsim'
"xelab --incr --debug typical --relax --mt 2 -L xil_defaultlib -L secureip --snapshot cfg_tb_counter_sec_behav xil_defaultlib.cfg_tb_counter_sec -log elaborate.log"
Vivado Simulator v2024.2.0
Copyright 1986-2022 Xilinx, Inc. All Rights Reserved.
Copyright 2022-2024 Advanced Micro Devices, Inc. All Rights Reserved.
Running: C:/Xilinx/Vivado/2024.2/bin/unwrapped/win64.o/xelab.exe --incr --debug typical --relax --mt 2 -L xil_defaultlib -L secureip --snapshot cfg_tb_counter_sec_behav xil_defaultlib.cfg_tb_counter_sec -log elaborate.log 
Using 2 slave threads.
Starting static elaboration
Completed static elaboration
Starting simulation data flow analysis
Completed simulation data flow analysis
Time Resolution for simulation is 1ps
Compiling package std.standard
Compiling package std.textio
Compiling package ieee.std_logic_1164
Compiling package ieee.std_logic_arith
Compiling package ieee.std_logic_unsigned
Compiling architecture behavioral of entity xil_defaultlib.counter_sec [counter_sec_default]
Compiling architecture tb of entity xil_defaultlib.tb_counter_sec [tb_counter_sec_cfg_tb_counter_se...]
Built simulation snapshot cfg_tb_counter_sec_behav
INFO: [USF-XSim-69] 'elaborate' step finished in '2' seconds
INFO: [USF-XSim-4] XSim::Simulate design
INFO: [USF-XSim-61] Executing 'SIMULATE' step in 'C:/Users/andrej/Desktop/DE1 project/Digital_Scoreboard/Digital_Scoreboard.sim/sim_1/behav/xsim'
INFO: [USF-XSim-98] *** Running xsim
   with args "cfg_tb_counter_sec_behav -key {Behavioral:sim_1:Functional:cfg_tb_counter_sec} -tclbatch {cfg_tb_counter_sec.tcl} -log {simulate.log}"
INFO: [USF-XSim-8] Loading simulator feature
Time resolution is 1 ps
source cfg_tb_counter_sec.tcl
# set curr_wave [current_wave_config]
# if { [string length $curr_wave] == 0 } {
#   if { [llength [get_objects]] > 0} {
#     add_wave /
#     set_property needs_save false [current_wave_config]
#   } else {
#      send_msg_id Add_Wave-1 WARNING "No top level signals found. Simulator will start without a wave window. If you want to open a wave window go to 'File->New Waveform Configuration' or type 'create_wave_config' in the TCL console."
#   }
# }
# run 10000ns
INFO: [USF-XSim-96] XSim completed. Design snapshot 'cfg_tb_counter_sec_behav' loaded.
INFO: [USF-XSim-97] XSim simulation ran for 10000ns
WARNING: [filemgmt 56-199] Attempt to get parsing info during refresh. "On-the-fly" syntax checking information may be incorrect. [C:\Users\andrej\Desktop\DE1 project\Digital_Scoreboard\Digital_Scoreboard.srcs\sources_1\new\counter_sec.vhd:]
WARNING: [filemgmt 56-199] Attempt to get parsing info during refresh. "On-the-fly" syntax checking information may be incorrect. [C:\Users\andrej\Desktop\DE1 project\Digital_Scoreboard\Digital_Scoreboard.srcs\sources_1\new\scoreboard.vhd:]
WARNING: [filemgmt 56-199] Attempt to get parsing info during refresh. "On-the-fly" syntax checking information may be incorrect. [C:\Users\andrej\Desktop\DE1 project\Digital_Scoreboard\Digital_Scoreboard.srcs\sim_1\new\counter_sec_tb.vhd:]
WARNING: [filemgmt 56-199] Attempt to get parsing info during refresh. "On-the-fly" syntax checking information may be incorrect. [C:\Users\andrej\Desktop\DE1 project\Digital_Scoreboard\Digital_Scoreboard.srcs\sources_1\new\counter_sec.vhd:]
WARNING: [filemgmt 56-199] Attempt to get parsing info during refresh. "On-the-fly" syntax checking information may be incorrect. [C:\Users\andrej\Desktop\DE1 project\Digital_Scoreboard\Digital_Scoreboard.srcs\sources_1\new\counter_sec.vhd:]
relaunch_sim
WARNING: [filemgmt 56-199] Attempt to get parsing info during refresh. "On-the-fly" syntax checking information may be incorrect. [C:\Users\andrej\Desktop\DE1 project\Digital_Scoreboard\Digital_Scoreboard.srcs\sources_1\new\counter_sec.vhd:]
WARNING: [filemgmt 56-199] Attempt to get parsing info during refresh. "On-the-fly" syntax checking information may be incorrect. [C:\Users\andrej\Desktop\DE1 project\Digital_Scoreboard\Digital_Scoreboard.srcs\sources_1\new\scoreboard.vhd:]
WARNING: [filemgmt 56-199] Attempt to get parsing info during refresh. "On-the-fly" syntax checking information may be incorrect. [C:\Users\andrej\Desktop\DE1 project\Digital_Scoreboard\Digital_Scoreboard.srcs\sim_1\new\counter_sec_tb.vhd:]
WARNING: [filemgmt 56-199] Attempt to get parsing info during refresh. "On-the-fly" syntax checking information may be incorrect. [C:\Users\andrej\Desktop\DE1 project\Digital_Scoreboard\Digital_Scoreboard.srcs\sources_1\new\scoreboard.vhd:]
WARNING: [filemgmt 56-199] Attempt to get parsing info during refresh. "On-the-fly" syntax checking information may be incorrect. [C:\Users\andrej\Desktop\DE1 project\Digital_Scoreboard\Digital_Scoreboard.srcs\sources_1\new\scoreboard.vhd:]
Command: launch_simulation -step compile -simset sim_1 -mode behavioral
INFO: [Vivado 12-12493] Simulation top is 'cfg_tb_counter_sec'
WARNING: [Vivado 12-13340] Unable to auto find GCC executables from simulator install path! (path not set)
INFO: [Vivado 12-5682] Launching behavioral simulation in 'C:/Users/andrej/Desktop/DE1 project/Digital_Scoreboard/Digital_Scoreboard.sim/sim_1/behav/xsim'
INFO: [SIM-utils-51] Simulation object is 'sim_1'
INFO: [USF-XSim-2] XSim::Compile design
INFO: [USF-XSim-61] Executing 'COMPILE and ANALYZE' step in 'C:/Users/andrej/Desktop/DE1 project/Digital_Scoreboard/Digital_Scoreboard.sim/sim_1/behav/xsim'
"xvhdl --incr --relax -prj cfg_tb_counter_sec_vhdl.prj"
INFO: [VRFC 10-163] Analyzing VHDL file "C:/Users/andrej/Desktop/DE1 project/Digital_Scoreboard/Digital_Scoreboard.srcs/sim_1/new/counter_sec_tb.vhd" into library xil_defaultlib
INFO: [VRFC 10-3107] analyzing entity 'tb_counter_sec'
INFO: [USF-XSim-69] 'compile' step finished in '1' seconds
Command: launch_simulation -step elaborate -simset sim_1 -mode behavioral
INFO: [Vivado 12-12493] Simulation top is 'cfg_tb_counter_sec'
WARNING: [Vivado 12-13340] Unable to auto find GCC executables from simulator install path! (path not set)
INFO: [Vivado 12-5682] Launching behavioral simulation in 'C:/Users/andrej/Desktop/DE1 project/Digital_Scoreboard/Digital_Scoreboard.sim/sim_1/behav/xsim'
INFO: [SIM-utils-51] Simulation object is 'sim_1'
INFO: [USF-XSim-3] XSim::Elaborate design
INFO: [USF-XSim-61] Executing 'ELABORATE' step in 'C:/Users/andrej/Desktop/DE1 project/Digital_Scoreboard/Digital_Scoreboard.sim/sim_1/behav/xsim'
"xelab --incr --debug typical --relax --mt 2 -L xil_defaultlib -L secureip --snapshot cfg_tb_counter_sec_behav xil_defaultlib.cfg_tb_counter_sec -log elaborate.log"
Vivado Simulator v2024.2.0
Copyright 1986-2022 Xilinx, Inc. All Rights Reserved.
Copyright 2022-2024 Advanced Micro Devices, Inc. All Rights Reserved.
Running: C:/Xilinx/Vivado/2024.2/bin/unwrapped/win64.o/xelab.exe --incr --debug typical --relax --mt 2 -L xil_defaultlib -L secureip --snapshot cfg_tb_counter_sec_behav xil_defaultlib.cfg_tb_counter_sec -log elaborate.log 
Using 2 slave threads.
Starting static elaboration
Completed static elaboration
Starting simulation data flow analysis
Completed simulation data flow analysis
Time Resolution for simulation is 1ps
Compiling package std.standard
Compiling package std.textio
Compiling package ieee.std_logic_1164
Compiling package ieee.std_logic_arith
Compiling package ieee.std_logic_unsigned
Compiling architecture behavioral of entity xil_defaultlib.counter_sec [counter_sec_default]
Compiling architecture tb of entity xil_defaultlib.tb_counter_sec [tb_counter_sec_cfg_tb_counter_se...]
Built simulation snapshot cfg_tb_counter_sec_behav
INFO: [USF-XSim-69] 'elaborate' step finished in '2' seconds
Time resolution is 1 ps
WARNING: [filemgmt 56-199] Attempt to get parsing info during refresh. "On-the-fly" syntax checking information may be incorrect. [C:\Users\andrej\Desktop\DE1 project\Digital_Scoreboard\Digital_Scoreboard.srcs\sources_1\new\counter_sec.vhd:]
WARNING: [filemgmt 56-199] Attempt to get parsing info during refresh. "On-the-fly" syntax checking information may be incorrect. [C:\Users\andrej\Desktop\DE1 project\Digital_Scoreboard\Digital_Scoreboard.srcs\sources_1\new\scoreboard.vhd:]
WARNING: [filemgmt 56-199] Attempt to get parsing info during refresh. "On-the-fly" syntax checking information may be incorrect. [C:\Users\andrej\Desktop\DE1 project\Digital_Scoreboard\Digital_Scoreboard.srcs\sim_1\new\counter_sec_tb.vhd:]
WARNING: [filemgmt 56-199] Attempt to get parsing info during refresh. "On-the-fly" syntax checking information may be incorrect. [C:\Users\andrej\Desktop\DE1 project\Digital_Scoreboard\Digital_Scoreboard.srcs\sources_1\new\counter_sec.vhd:]
WARNING: [filemgmt 56-199] Attempt to get parsing info during refresh. "On-the-fly" syntax checking information may be incorrect. [C:\Users\andrej\Desktop\DE1 project\Digital_Scoreboard\Digital_Scoreboard.srcs\sources_1\new\counter_sec.vhd:]
WARNING: [filemgmt 56-199] Attempt to get parsing info during refresh. "On-the-fly" syntax checking information may be incorrect. [C:\Users\andrej\Desktop\DE1 project\Digital_Scoreboard\Digital_Scoreboard.srcs\sources_1\new\counter_sec.vhd:]
WARNING: [filemgmt 56-199] Attempt to get parsing info during refresh. "On-the-fly" syntax checking information may be incorrect. [C:\Users\andrej\Desktop\DE1 project\Digital_Scoreboard\Digital_Scoreboard.srcs\sources_1\new\scoreboard.vhd:]
WARNING: [filemgmt 56-199] Attempt to get parsing info during refresh. "On-the-fly" syntax checking information may be incorrect. [C:\Users\andrej\Desktop\DE1 project\Digital_Scoreboard\Digital_Scoreboard.srcs\sim_1\new\counter_sec_tb.vhd:]
WARNING: [filemgmt 56-199] Attempt to get parsing info during refresh. "On-the-fly" syntax checking information may be incorrect. [C:\Users\andrej\Desktop\DE1 project\Digital_Scoreboard\Digital_Scoreboard.srcs\sources_1\new\scoreboard.vhd:]
WARNING: [filemgmt 56-199] Attempt to get parsing info during refresh. "On-the-fly" syntax checking information may be incorrect. [C:\Users\andrej\Desktop\DE1 project\Digital_Scoreboard\Digital_Scoreboard.srcs\sources_1\new\scoreboard.vhd:]
WARNING: [filemgmt 56-199] Attempt to get parsing info during refresh. "On-the-fly" syntax checking information may be incorrect. [C:\Users\andrej\Desktop\DE1 project\Digital_Scoreboard\Digital_Scoreboard.srcs\sources_1\new\counter_sec.vhd:]
WARNING: [filemgmt 56-199] Attempt to get parsing info during refresh. "On-the-fly" syntax checking information may be incorrect. [C:\Users\andrej\Desktop\DE1 project\Digital_Scoreboard\Digital_Scoreboard.srcs\sources_1\new\scoreboard.vhd:]
WARNING: [filemgmt 56-199] Attempt to get parsing info during refresh. "On-the-fly" syntax checking information may be incorrect. [C:\Users\andrej\Desktop\DE1 project\Digital_Scoreboard\Digital_Scoreboard.srcs\sim_1\new\counter_sec_tb.vhd:]
WARNING: [filemgmt 56-199] Attempt to get parsing info during refresh. "On-the-fly" syntax checking information may be incorrect. [C:\Users\andrej\Desktop\DE1 project\Digital_Scoreboard\Digital_Scoreboard.srcs\sources_1\new\scoreboard.vhd:]
WARNING: [filemgmt 56-199] Attempt to get parsing info during refresh. "On-the-fly" syntax checking information may be incorrect. [C:\Users\andrej\Desktop\DE1 project\Digital_Scoreboard\Digital_Scoreboard.srcs\sources_1\new\scoreboard.vhd:]
WARNING: [filemgmt 56-199] Attempt to get parsing info during refresh. "On-the-fly" syntax checking information may be incorrect. [C:\Users\andrej\Desktop\DE1 project\Digital_Scoreboard\Digital_Scoreboard.srcs\sources_1\new\counter_sec.vhd:]
WARNING: [filemgmt 56-199] Attempt to get parsing info during refresh. "On-the-fly" syntax checking information may be incorrect. [C:\Users\andrej\Desktop\DE1 project\Digital_Scoreboard\Digital_Scoreboard.srcs\sources_1\new\scoreboard.vhd:]
WARNING: [filemgmt 56-199] Attempt to get parsing info during refresh. "On-the-fly" syntax checking information may be incorrect. [C:\Users\andrej\Desktop\DE1 project\Digital_Scoreboard\Digital_Scoreboard.srcs\sim_1\new\counter_sec_tb.vhd:]
WARNING: [filemgmt 56-199] Attempt to get parsing info during refresh. "On-the-fly" syntax checking information may be incorrect. [C:\Users\andrej\Desktop\DE1 project\Digital_Scoreboard\Digital_Scoreboard.srcs\sources_1\new\counter_sec.vhd:]
WARNING: [filemgmt 56-199] Attempt to get parsing info during refresh. "On-the-fly" syntax checking information may be incorrect. [C:\Users\andrej\Desktop\DE1 project\Digital_Scoreboard\Digital_Scoreboard.srcs\sources_1\new\counter_sec.vhd:]
close_sim
INFO: [Simtcl 6-16] Simulation closed
launch_simulation
Command: launch_simulation 
INFO: [Vivado 12-12493] Simulation top is 'cfg_tb_counter_sec'
WARNING: [Vivado 12-13340] Unable to auto find GCC executables from simulator install path! (path not set)
INFO: [Vivado 12-5682] Launching behavioral simulation in 'C:/Users/andrej/Desktop/DE1 project/Digital_Scoreboard/Digital_Scoreboard.sim/sim_1/behav/xsim'
INFO: [SIM-utils-51] Simulation object is 'sim_1'
INFO: [SIM-utils-72] Using boost library from 'C:/Xilinx/Vivado/2024.2/tps/boost_1_72_0'
INFO: [SIM-utils-54] Inspecting design source files for 'cfg_tb_counter_sec' in fileset 'sim_1'...
INFO: [USF-XSim-97] Finding global include files...
INFO: [USF-XSim-98] Fetching design files from 'sim_1'...
INFO: [USF-XSim-2] XSim::Compile design
INFO: [USF-XSim-61] Executing 'COMPILE and ANALYZE' step in 'C:/Users/andrej/Desktop/DE1 project/Digital_Scoreboard/Digital_Scoreboard.sim/sim_1/behav/xsim'
"xvhdl --incr --relax -prj cfg_tb_counter_sec_vhdl.prj"
INFO: [VRFC 10-163] Analyzing VHDL file "C:/Users/andrej/Desktop/DE1 project/Digital_Scoreboard/Digital_Scoreboard.srcs/sim_1/new/counter_sec_tb.vhd" into library xil_defaultlib
INFO: [VRFC 10-3107] analyzing entity 'tb_counter_sec'
INFO: [USF-XSim-69] 'compile' step finished in '1' seconds
INFO: [USF-XSim-3] XSim::Elaborate design
INFO: [USF-XSim-61] Executing 'ELABORATE' step in 'C:/Users/andrej/Desktop/DE1 project/Digital_Scoreboard/Digital_Scoreboard.sim/sim_1/behav/xsim'
"xelab --incr --debug typical --relax --mt 2 -L xil_defaultlib -L secureip --snapshot cfg_tb_counter_sec_behav xil_defaultlib.cfg_tb_counter_sec -log elaborate.log"
Vivado Simulator v2024.2.0
Copyright 1986-2022 Xilinx, Inc. All Rights Reserved.
Copyright 2022-2024 Advanced Micro Devices, Inc. All Rights Reserved.
Running: C:/Xilinx/Vivado/2024.2/bin/unwrapped/win64.o/xelab.exe --incr --debug typical --relax --mt 2 -L xil_defaultlib -L secureip --snapshot cfg_tb_counter_sec_behav xil_defaultlib.cfg_tb_counter_sec -log elaborate.log 
Using 2 slave threads.
Starting static elaboration
Completed static elaboration
Starting simulation data flow analysis
Completed simulation data flow analysis
Time Resolution for simulation is 1ps
Compiling package std.standard
Compiling package std.textio
Compiling package ieee.std_logic_1164
Compiling package ieee.std_logic_arith
Compiling package ieee.std_logic_unsigned
Compiling architecture behavioral of entity xil_defaultlib.counter_sec [counter_sec_default]
Compiling architecture tb of entity xil_defaultlib.tb_counter_sec [tb_counter_sec_cfg_tb_counter_se...]
Built simulation snapshot cfg_tb_counter_sec_behav
INFO: [USF-XSim-69] 'elaborate' step finished in '1' seconds
INFO: [USF-XSim-4] XSim::Simulate design
INFO: [USF-XSim-61] Executing 'SIMULATE' step in 'C:/Users/andrej/Desktop/DE1 project/Digital_Scoreboard/Digital_Scoreboard.sim/sim_1/behav/xsim'
INFO: [USF-XSim-98] *** Running xsim
   with args "cfg_tb_counter_sec_behav -key {Behavioral:sim_1:Functional:cfg_tb_counter_sec} -tclbatch {cfg_tb_counter_sec.tcl} -log {simulate.log}"
INFO: [USF-XSim-8] Loading simulator feature
Time resolution is 1 ps
source cfg_tb_counter_sec.tcl
# set curr_wave [current_wave_config]
# if { [string length $curr_wave] == 0 } {
#   if { [llength [get_objects]] > 0} {
#     add_wave /
#     set_property needs_save false [current_wave_config]
#   } else {
#      send_msg_id Add_Wave-1 WARNING "No top level signals found. Simulator will start without a wave window. If you want to open a wave window go to 'File->New Waveform Configuration' or type 'create_wave_config' in the TCL console."
#   }
# }
# run 10000ns
INFO: [USF-XSim-96] XSim completed. Design snapshot 'cfg_tb_counter_sec_behav' loaded.
INFO: [USF-XSim-97] XSim simulation ran for 10000ns
WARNING: [filemgmt 56-199] Attempt to get parsing info during refresh. "On-the-fly" syntax checking information may be incorrect. [C:\Users\andrej\Desktop\DE1 project\Digital_Scoreboard\Digital_Scoreboard.srcs\sources_1\new\counter_sec.vhd:]
WARNING: [filemgmt 56-199] Attempt to get parsing info during refresh. "On-the-fly" syntax checking information may be incorrect. [C:\Users\andrej\Desktop\DE1 project\Digital_Scoreboard\Digital_Scoreboard.srcs\sources_1\new\scoreboard.vhd:]
WARNING: [filemgmt 56-199] Attempt to get parsing info during refresh. "On-the-fly" syntax checking information may be incorrect. [C:\Users\andrej\Desktop\DE1 project\Digital_Scoreboard\Digital_Scoreboard.srcs\sim_1\new\counter_sec_tb.vhd:]
WARNING: [filemgmt 56-199] Attempt to get parsing info during refresh. "On-the-fly" syntax checking information may be incorrect. [C:\Users\andrej\Desktop\DE1 project\Digital_Scoreboard\Digital_Scoreboard.srcs\sources_1\new\counter_sec.vhd:]
WARNING: [filemgmt 56-199] Attempt to get parsing info during refresh. "On-the-fly" syntax checking information may be incorrect. [C:\Users\andrej\Desktop\DE1 project\Digital_Scoreboard\Digital_Scoreboard.srcs\sources_1\new\counter_sec.vhd:]
close_sim
INFO: [Simtcl 6-16] Simulation closed
launch_simulation
Command: launch_simulation 
INFO: [Vivado 12-12493] Simulation top is 'cfg_tb_counter_sec'
WARNING: [Vivado 12-13340] Unable to auto find GCC executables from simulator install path! (path not set)
INFO: [Vivado 12-5682] Launching behavioral simulation in 'C:/Users/andrej/Desktop/DE1 project/Digital_Scoreboard/Digital_Scoreboard.sim/sim_1/behav/xsim'
INFO: [SIM-utils-51] Simulation object is 'sim_1'
INFO: [SIM-utils-72] Using boost library from 'C:/Xilinx/Vivado/2024.2/tps/boost_1_72_0'
INFO: [SIM-utils-54] Inspecting design source files for 'cfg_tb_counter_sec' in fileset 'sim_1'...
INFO: [USF-XSim-97] Finding global include files...
INFO: [USF-XSim-98] Fetching design files from 'sim_1'...
INFO: [USF-XSim-2] XSim::Compile design
INFO: [USF-XSim-61] Executing 'COMPILE and ANALYZE' step in 'C:/Users/andrej/Desktop/DE1 project/Digital_Scoreboard/Digital_Scoreboard.sim/sim_1/behav/xsim'
"xvhdl --incr --relax -prj cfg_tb_counter_sec_vhdl.prj"
INFO: [VRFC 10-163] Analyzing VHDL file "C:/Users/andrej/Desktop/DE1 project/Digital_Scoreboard/Digital_Scoreboard.srcs/sim_1/new/counter_sec_tb.vhd" into library xil_defaultlib
INFO: [VRFC 10-3107] analyzing entity 'tb_counter_sec'
INFO: [USF-XSim-69] 'compile' step finished in '1' seconds
INFO: [USF-XSim-3] XSim::Elaborate design
INFO: [USF-XSim-61] Executing 'ELABORATE' step in 'C:/Users/andrej/Desktop/DE1 project/Digital_Scoreboard/Digital_Scoreboard.sim/sim_1/behav/xsim'
"xelab --incr --debug typical --relax --mt 2 -L xil_defaultlib -L secureip --snapshot cfg_tb_counter_sec_behav xil_defaultlib.cfg_tb_counter_sec -log elaborate.log"
Vivado Simulator v2024.2.0
Copyright 1986-2022 Xilinx, Inc. All Rights Reserved.
Copyright 2022-2024 Advanced Micro Devices, Inc. All Rights Reserved.
Running: C:/Xilinx/Vivado/2024.2/bin/unwrapped/win64.o/xelab.exe --incr --debug typical --relax --mt 2 -L xil_defaultlib -L secureip --snapshot cfg_tb_counter_sec_behav xil_defaultlib.cfg_tb_counter_sec -log elaborate.log 
Using 2 slave threads.
Starting static elaboration
Completed static elaboration
Starting simulation data flow analysis
Completed simulation data flow analysis
Time Resolution for simulation is 1ps
Compiling package std.standard
Compiling package std.textio
Compiling package ieee.std_logic_1164
Compiling package ieee.std_logic_arith
Compiling package ieee.std_logic_unsigned
Compiling architecture behavioral of entity xil_defaultlib.counter_sec [counter_sec_default]
Compiling architecture tb of entity xil_defaultlib.tb_counter_sec [tb_counter_sec_cfg_tb_counter_se...]
Built simulation snapshot cfg_tb_counter_sec_behav
INFO: [USF-XSim-69] 'elaborate' step finished in '1' seconds
INFO: [USF-XSim-4] XSim::Simulate design
INFO: [USF-XSim-61] Executing 'SIMULATE' step in 'C:/Users/andrej/Desktop/DE1 project/Digital_Scoreboard/Digital_Scoreboard.sim/sim_1/behav/xsim'
INFO: [USF-XSim-98] *** Running xsim
   with args "cfg_tb_counter_sec_behav -key {Behavioral:sim_1:Functional:cfg_tb_counter_sec} -tclbatch {cfg_tb_counter_sec.tcl} -log {simulate.log}"
INFO: [USF-XSim-8] Loading simulator feature
Time resolution is 1 ps
source cfg_tb_counter_sec.tcl
# set curr_wave [current_wave_config]
# if { [string length $curr_wave] == 0 } {
#   if { [llength [get_objects]] > 0} {
#     add_wave /
#     set_property needs_save false [current_wave_config]
#   } else {
#      send_msg_id Add_Wave-1 WARNING "No top level signals found. Simulator will start without a wave window. If you want to open a wave window go to 'File->New Waveform Configuration' or type 'create_wave_config' in the TCL console."
#   }
# }
# run 10000ns
INFO: [USF-XSim-96] XSim completed. Design snapshot 'cfg_tb_counter_sec_behav' loaded.
INFO: [USF-XSim-97] XSim simulation ran for 10000ns
WARNING: [filemgmt 56-199] Attempt to get parsing info during refresh. "On-the-fly" syntax checking information may be incorrect. [C:\Users\andrej\Desktop\DE1 project\Digital_Scoreboard\Digital_Scoreboard.srcs\sources_1\new\counter_sec.vhd:]
WARNING: [filemgmt 56-199] Attempt to get parsing info during refresh. "On-the-fly" syntax checking information may be incorrect. [C:\Users\andrej\Desktop\DE1 project\Digital_Scoreboard\Digital_Scoreboard.srcs\sources_1\new\scoreboard.vhd:]
WARNING: [filemgmt 56-199] Attempt to get parsing info during refresh. "On-the-fly" syntax checking information may be incorrect. [C:\Users\andrej\Desktop\DE1 project\Digital_Scoreboard\Digital_Scoreboard.srcs\sim_1\new\counter_sec_tb.vhd:]
WARNING: [filemgmt 56-199] Attempt to get parsing info during refresh. "On-the-fly" syntax checking information may be incorrect. [C:\Users\andrej\Desktop\DE1 project\Digital_Scoreboard\Digital_Scoreboard.srcs\sources_1\new\counter_sec.vhd:]
WARNING: [filemgmt 56-199] Attempt to get parsing info during refresh. "On-the-fly" syntax checking information may be incorrect. [C:\Users\andrej\Desktop\DE1 project\Digital_Scoreboard\Digital_Scoreboard.srcs\sources_1\new\counter_sec.vhd:]
close_sim
WARNING: [filemgmt 56-199] Attempt to get parsing info during refresh. "On-the-fly" syntax checking information may be incorrect. [C:\Users\andrej\Desktop\DE1 project\Digital_Scoreboard\Digital_Scoreboard.srcs\sources_1\new\counter_sec.vhd:]
WARNING: [filemgmt 56-199] Attempt to get parsing info during refresh. "On-the-fly" syntax checking information may be incorrect. [C:\Users\andrej\Desktop\DE1 project\Digital_Scoreboard\Digital_Scoreboard.srcs\sources_1\new\scoreboard.vhd:]
WARNING: [filemgmt 56-199] Attempt to get parsing info during refresh. "On-the-fly" syntax checking information may be incorrect. [C:\Users\andrej\Desktop\DE1 project\Digital_Scoreboard\Digital_Scoreboard.srcs\sim_1\new\counter_sec_tb.vhd:]
WARNING: [filemgmt 56-199] Attempt to get parsing info during refresh. "On-the-fly" syntax checking information may be incorrect. [C:\Users\andrej\Desktop\DE1 project\Digital_Scoreboard\Digital_Scoreboard.srcs\sources_1\new\scoreboard.vhd:]
WARNING: [filemgmt 56-199] Attempt to get parsing info during refresh. "On-the-fly" syntax checking information may be incorrect. [C:\Users\andrej\Desktop\DE1 project\Digital_Scoreboard\Digital_Scoreboard.srcs\sources_1\new\scoreboard.vhd:]
INFO: [Simtcl 6-16] Simulation closed
launch_simulation
Command: launch_simulation 
INFO: [Vivado 12-12493] Simulation top is 'cfg_tb_counter_sec'
WARNING: [Vivado 12-13340] Unable to auto find GCC executables from simulator install path! (path not set)
INFO: [Vivado 12-5682] Launching behavioral simulation in 'C:/Users/andrej/Desktop/DE1 project/Digital_Scoreboard/Digital_Scoreboard.sim/sim_1/behav/xsim'
INFO: [SIM-utils-51] Simulation object is 'sim_1'
INFO: [SIM-utils-72] Using boost library from 'C:/Xilinx/Vivado/2024.2/tps/boost_1_72_0'
INFO: [SIM-utils-54] Inspecting design source files for 'cfg_tb_counter_sec' in fileset 'sim_1'...
INFO: [USF-XSim-97] Finding global include files...
INFO: [USF-XSim-98] Fetching design files from 'sim_1'...
INFO: [USF-XSim-2] XSim::Compile design
INFO: [USF-XSim-61] Executing 'COMPILE and ANALYZE' step in 'C:/Users/andrej/Desktop/DE1 project/Digital_Scoreboard/Digital_Scoreboard.sim/sim_1/behav/xsim'
"xvhdl --incr --relax -prj cfg_tb_counter_sec_vhdl.prj"
INFO: [VRFC 10-163] Analyzing VHDL file "C:/Users/andrej/Desktop/DE1 project/Digital_Scoreboard/Digital_Scoreboard.srcs/sim_1/new/counter_sec_tb.vhd" into library xil_defaultlib
INFO: [VRFC 10-3107] analyzing entity 'tb_counter_sec'
INFO: [USF-XSim-69] 'compile' step finished in '1' seconds
INFO: [USF-XSim-3] XSim::Elaborate design
INFO: [USF-XSim-61] Executing 'ELABORATE' step in 'C:/Users/andrej/Desktop/DE1 project/Digital_Scoreboard/Digital_Scoreboard.sim/sim_1/behav/xsim'
"xelab --incr --debug typical --relax --mt 2 -L xil_defaultlib -L secureip --snapshot cfg_tb_counter_sec_behav xil_defaultlib.cfg_tb_counter_sec -log elaborate.log"
Vivado Simulator v2024.2.0
Copyright 1986-2022 Xilinx, Inc. All Rights Reserved.
Copyright 2022-2024 Advanced Micro Devices, Inc. All Rights Reserved.
Running: C:/Xilinx/Vivado/2024.2/bin/unwrapped/win64.o/xelab.exe --incr --debug typical --relax --mt 2 -L xil_defaultlib -L secureip --snapshot cfg_tb_counter_sec_behav xil_defaultlib.cfg_tb_counter_sec -log elaborate.log 
Using 2 slave threads.
Starting static elaboration
Completed static elaboration
Starting simulation data flow analysis
Completed simulation data flow analysis
Time Resolution for simulation is 1ps
Compiling package std.standard
Compiling package std.textio
Compiling package ieee.std_logic_1164
Compiling package ieee.std_logic_arith
Compiling package ieee.std_logic_unsigned
Compiling architecture behavioral of entity xil_defaultlib.counter_sec [counter_sec_default]
Compiling architecture tb of entity xil_defaultlib.tb_counter_sec [tb_counter_sec_cfg_tb_counter_se...]
Built simulation snapshot cfg_tb_counter_sec_behav
INFO: [USF-XSim-69] 'elaborate' step finished in '2' seconds
INFO: [USF-XSim-4] XSim::Simulate design
INFO: [USF-XSim-61] Executing 'SIMULATE' step in 'C:/Users/andrej/Desktop/DE1 project/Digital_Scoreboard/Digital_Scoreboard.sim/sim_1/behav/xsim'
INFO: [USF-XSim-98] *** Running xsim
   with args "cfg_tb_counter_sec_behav -key {Behavioral:sim_1:Functional:cfg_tb_counter_sec} -tclbatch {cfg_tb_counter_sec.tcl} -log {simulate.log}"
INFO: [USF-XSim-8] Loading simulator feature
Time resolution is 1 ps
source cfg_tb_counter_sec.tcl
# set curr_wave [current_wave_config]
# if { [string length $curr_wave] == 0 } {
#   if { [llength [get_objects]] > 0} {
#     add_wave /
#     set_property needs_save false [current_wave_config]
#   } else {
#      send_msg_id Add_Wave-1 WARNING "No top level signals found. Simulator will start without a wave window. If you want to open a wave window go to 'File->New Waveform Configuration' or type 'create_wave_config' in the TCL console."
#   }
# }
# run 10000ns
INFO: [USF-XSim-96] XSim completed. Design snapshot 'cfg_tb_counter_sec_behav' loaded.
INFO: [USF-XSim-97] XSim simulation ran for 10000ns
WARNING: [filemgmt 56-199] Attempt to get parsing info during refresh. "On-the-fly" syntax checking information may be incorrect. [C:\Users\andrej\Desktop\DE1 project\Digital_Scoreboard\Digital_Scoreboard.srcs\sources_1\new\counter_sec.vhd:]
WARNING: [filemgmt 56-199] Attempt to get parsing info during refresh. "On-the-fly" syntax checking information may be incorrect. [C:\Users\andrej\Desktop\DE1 project\Digital_Scoreboard\Digital_Scoreboard.srcs\sources_1\new\scoreboard.vhd:]
WARNING: [filemgmt 56-199] Attempt to get parsing info during refresh. "On-the-fly" syntax checking information may be incorrect. [C:\Users\andrej\Desktop\DE1 project\Digital_Scoreboard\Digital_Scoreboard.srcs\sim_1\new\counter_sec_tb.vhd:]
WARNING: [filemgmt 56-199] Attempt to get parsing info during refresh. "On-the-fly" syntax checking information may be incorrect. [C:\Users\andrej\Desktop\DE1 project\Digital_Scoreboard\Digital_Scoreboard.srcs\sources_1\new\counter_sec.vhd:]
WARNING: [filemgmt 56-199] Attempt to get parsing info during refresh. "On-the-fly" syntax checking information may be incorrect. [C:\Users\andrej\Desktop\DE1 project\Digital_Scoreboard\Digital_Scoreboard.srcs\sources_1\new\counter_sec.vhd:]
WARNING: [filemgmt 56-199] Attempt to get parsing info during refresh. "On-the-fly" syntax checking information may be incorrect. [C:\Users\andrej\Desktop\DE1 project\Digital_Scoreboard\Digital_Scoreboard.srcs\sources_1\new\counter_sec.vhd:]
WARNING: [filemgmt 56-199] Attempt to get parsing info during refresh. "On-the-fly" syntax checking information may be incorrect. [C:\Users\andrej\Desktop\DE1 project\Digital_Scoreboard\Digital_Scoreboard.srcs\sources_1\new\scoreboard.vhd:]
WARNING: [filemgmt 56-199] Attempt to get parsing info during refresh. "On-the-fly" syntax checking information may be incorrect. [C:\Users\andrej\Desktop\DE1 project\Digital_Scoreboard\Digital_Scoreboard.srcs\sim_1\new\counter_sec_tb.vhd:]
WARNING: [filemgmt 56-199] Attempt to get parsing info during refresh. "On-the-fly" syntax checking information may be incorrect. [C:\Users\andrej\Desktop\DE1 project\Digital_Scoreboard\Digital_Scoreboard.srcs\sources_1\new\scoreboard.vhd:]
WARNING: [filemgmt 56-199] Attempt to get parsing info during refresh. "On-the-fly" syntax checking information may be incorrect. [C:\Users\andrej\Desktop\DE1 project\Digital_Scoreboard\Digital_Scoreboard.srcs\sources_1\new\scoreboard.vhd:]
WARNING: [filemgmt 56-199] Attempt to get parsing info during refresh. "On-the-fly" syntax checking information may be incorrect. [C:\Users\andrej\Desktop\DE1 project\Digital_Scoreboard\Digital_Scoreboard.srcs\sources_1\new\counter_sec.vhd:]
WARNING: [filemgmt 56-199] Attempt to get parsing info during refresh. "On-the-fly" syntax checking information may be incorrect. [C:\Users\andrej\Desktop\DE1 project\Digital_Scoreboard\Digital_Scoreboard.srcs\sources_1\new\scoreboard.vhd:]
WARNING: [filemgmt 56-199] Attempt to get parsing info during refresh. "On-the-fly" syntax checking information may be incorrect. [C:\Users\andrej\Desktop\DE1 project\Digital_Scoreboard\Digital_Scoreboard.srcs\sim_1\new\counter_sec_tb.vhd:]
WARNING: [filemgmt 56-199] Attempt to get parsing info during refresh. "On-the-fly" syntax checking information may be incorrect. [C:\Users\andrej\Desktop\DE1 project\Digital_Scoreboard\Digital_Scoreboard.srcs\sim_1\new\counter_sec_tb.vhd:]
WARNING: [filemgmt 56-199] Attempt to get parsing info during refresh. "On-the-fly" syntax checking information may be incorrect. [C:\Users\andrej\Desktop\DE1 project\Digital_Scoreboard\Digital_Scoreboard.srcs\sim_1\new\counter_sec_tb.vhd:]
close_sim
INFO: [Simtcl 6-16] Simulation closed
launch_simulation
Command: launch_simulation 
INFO: [Vivado 12-12493] Simulation top is 'cfg_tb_counter_sec'
WARNING: [Vivado 12-13340] Unable to auto find GCC executables from simulator install path! (path not set)
INFO: [Vivado 12-5682] Launching behavioral simulation in 'C:/Users/andrej/Desktop/DE1 project/Digital_Scoreboard/Digital_Scoreboard.sim/sim_1/behav/xsim'
INFO: [SIM-utils-51] Simulation object is 'sim_1'
INFO: [SIM-utils-72] Using boost library from 'C:/Xilinx/Vivado/2024.2/tps/boost_1_72_0'
INFO: [SIM-utils-54] Inspecting design source files for 'cfg_tb_counter_sec' in fileset 'sim_1'...
INFO: [USF-XSim-97] Finding global include files...
INFO: [USF-XSim-98] Fetching design files from 'sim_1'...
INFO: [USF-XSim-2] XSim::Compile design
INFO: [USF-XSim-61] Executing 'COMPILE and ANALYZE' step in 'C:/Users/andrej/Desktop/DE1 project/Digital_Scoreboard/Digital_Scoreboard.sim/sim_1/behav/xsim'
"xvhdl --incr --relax -prj cfg_tb_counter_sec_vhdl.prj"
INFO: [VRFC 10-163] Analyzing VHDL file "C:/Users/andrej/Desktop/DE1 project/Digital_Scoreboard/Digital_Scoreboard.srcs/sources_1/new/counter_sec.vhd" into library xil_defaultlib
INFO: [VRFC 10-3107] analyzing entity 'counter_sec'
INFO: [VRFC 10-163] Analyzing VHDL file "C:/Users/andrej/Desktop/DE1 project/Digital_Scoreboard/Digital_Scoreboard.srcs/sim_1/new/counter_sec_tb.vhd" into library xil_defaultlib
INFO: [VRFC 10-3107] analyzing entity 'tb_counter_sec'
INFO: [USF-XSim-69] 'compile' step finished in '1' seconds
INFO: [USF-XSim-3] XSim::Elaborate design
INFO: [USF-XSim-61] Executing 'ELABORATE' step in 'C:/Users/andrej/Desktop/DE1 project/Digital_Scoreboard/Digital_Scoreboard.sim/sim_1/behav/xsim'
"xelab --incr --debug typical --relax --mt 2 -L xil_defaultlib -L secureip --snapshot cfg_tb_counter_sec_behav xil_defaultlib.cfg_tb_counter_sec -log elaborate.log"
Vivado Simulator v2024.2.0
Copyright 1986-2022 Xilinx, Inc. All Rights Reserved.
Copyright 2022-2024 Advanced Micro Devices, Inc. All Rights Reserved.
Running: C:/Xilinx/Vivado/2024.2/bin/unwrapped/win64.o/xelab.exe --incr --debug typical --relax --mt 2 -L xil_defaultlib -L secureip --snapshot cfg_tb_counter_sec_behav xil_defaultlib.cfg_tb_counter_sec -log elaborate.log 
Using 2 slave threads.
Starting static elaboration
Completed static elaboration
Starting simulation data flow analysis
Completed simulation data flow analysis
Time Resolution for simulation is 1ps
Compiling package std.standard
Compiling package std.textio
Compiling package ieee.std_logic_1164
Compiling package ieee.std_logic_arith
Compiling package ieee.std_logic_unsigned
Compiling architecture behavioral of entity xil_defaultlib.counter_sec [counter_sec_default]
Compiling architecture tb of entity xil_defaultlib.tb_counter_sec [tb_counter_sec_cfg_tb_counter_se...]
Built simulation snapshot cfg_tb_counter_sec_behav
INFO: [USF-XSim-69] 'elaborate' step finished in '2' seconds
INFO: [USF-XSim-4] XSim::Simulate design
INFO: [USF-XSim-61] Executing 'SIMULATE' step in 'C:/Users/andrej/Desktop/DE1 project/Digital_Scoreboard/Digital_Scoreboard.sim/sim_1/behav/xsim'
INFO: [USF-XSim-98] *** Running xsim
   with args "cfg_tb_counter_sec_behav -key {Behavioral:sim_1:Functional:cfg_tb_counter_sec} -tclbatch {cfg_tb_counter_sec.tcl} -log {simulate.log}"
INFO: [USF-XSim-8] Loading simulator feature
Time resolution is 1 ps
source cfg_tb_counter_sec.tcl
# set curr_wave [current_wave_config]
# if { [string length $curr_wave] == 0 } {
#   if { [llength [get_objects]] > 0} {
#     add_wave /
#     set_property needs_save false [current_wave_config]
#   } else {
#      send_msg_id Add_Wave-1 WARNING "No top level signals found. Simulator will start without a wave window. If you want to open a wave window go to 'File->New Waveform Configuration' or type 'create_wave_config' in the TCL console."
#   }
# }
# run 10000ns
INFO: [USF-XSim-96] XSim completed. Design snapshot 'cfg_tb_counter_sec_behav' loaded.
INFO: [USF-XSim-97] XSim simulation ran for 10000ns
WARNING: [filemgmt 56-199] Attempt to get parsing info during refresh. "On-the-fly" syntax checking information may be incorrect. [C:\Users\andrej\Desktop\DE1 project\Digital_Scoreboard\Digital_Scoreboard.srcs\sources_1\new\counter_sec.vhd:]
WARNING: [filemgmt 56-199] Attempt to get parsing info during refresh. "On-the-fly" syntax checking information may be incorrect. [C:\Users\andrej\Desktop\DE1 project\Digital_Scoreboard\Digital_Scoreboard.srcs\sources_1\new\scoreboard.vhd:]
WARNING: [filemgmt 56-199] Attempt to get parsing info during refresh. "On-the-fly" syntax checking information may be incorrect. [C:\Users\andrej\Desktop\DE1 project\Digital_Scoreboard\Digital_Scoreboard.srcs\sim_1\new\counter_sec_tb.vhd:]
WARNING: [filemgmt 56-199] Attempt to get parsing info during refresh. "On-the-fly" syntax checking information may be incorrect. [C:\Users\andrej\Desktop\DE1 project\Digital_Scoreboard\Digital_Scoreboard.srcs\sources_1\new\counter_sec.vhd:]
WARNING: [filemgmt 56-199] Attempt to get parsing info during refresh. "On-the-fly" syntax checking information may be incorrect. [C:\Users\andrej\Desktop\DE1 project\Digital_Scoreboard\Digital_Scoreboard.srcs\sources_1\new\counter_sec.vhd:]
WARNING: [filemgmt 56-199] Attempt to get parsing info during refresh. "On-the-fly" syntax checking information may be incorrect. [C:\Users\andrej\Desktop\DE1 project\Digital_Scoreboard\Digital_Scoreboard.srcs\sources_1\new\counter_sec.vhd:]
WARNING: [filemgmt 56-199] Attempt to get parsing info during refresh. "On-the-fly" syntax checking information may be incorrect. [C:\Users\andrej\Desktop\DE1 project\Digital_Scoreboard\Digital_Scoreboard.srcs\sources_1\new\scoreboard.vhd:]
WARNING: [filemgmt 56-199] Attempt to get parsing info during refresh. "On-the-fly" syntax checking information may be incorrect. [C:\Users\andrej\Desktop\DE1 project\Digital_Scoreboard\Digital_Scoreboard.srcs\sim_1\new\counter_sec_tb.vhd:]
WARNING: [filemgmt 56-199] Attempt to get parsing info during refresh. "On-the-fly" syntax checking information may be incorrect. [C:\Users\andrej\Desktop\DE1 project\Digital_Scoreboard\Digital_Scoreboard.srcs\sources_1\new\scoreboard.vhd:]
WARNING: [filemgmt 56-199] Attempt to get parsing info during refresh. "On-the-fly" syntax checking information may be incorrect. [C:\Users\andrej\Desktop\DE1 project\Digital_Scoreboard\Digital_Scoreboard.srcs\sources_1\new\scoreboard.vhd:]
ERROR: [Common 17-180] Spawn failed: No error
WARNING: [filemgmt 56-199] Attempt to get parsing info during refresh. "On-the-fly" syntax checking information may be incorrect. [C:\Users\andrej\Desktop\DE1 project\Digital_Scoreboard\Digital_Scoreboard.srcs\sources_1\new\counter_sec.vhd:]
WARNING: [filemgmt 56-199] Attempt to get parsing info during refresh. "On-the-fly" syntax checking information may be incorrect. [C:\Users\andrej\Desktop\DE1 project\Digital_Scoreboard\Digital_Scoreboard.srcs\sources_1\new\scoreboard.vhd:]
WARNING: [filemgmt 56-199] Attempt to get parsing info during refresh. "On-the-fly" syntax checking information may be incorrect. [C:\Users\andrej\Desktop\DE1 project\Digital_Scoreboard\Digital_Scoreboard.srcs\sim_1\new\counter_sec_tb.vhd:]
WARNING: [filemgmt 56-199] Attempt to get parsing info during refresh. "On-the-fly" syntax checking information may be incorrect. [C:\Users\andrej\Desktop\DE1 project\Digital_Scoreboard\Digital_Scoreboard.srcs\sources_1\new\counter_sec.vhd:]
WARNING: [filemgmt 56-199] Attempt to get parsing info during refresh. "On-the-fly" syntax checking information may be incorrect. [C:\Users\andrej\Desktop\DE1 project\Digital_Scoreboard\Digital_Scoreboard.srcs\sources_1\new\counter_sec.vhd:]
close_sim
INFO: [Simtcl 6-16] Simulation closed
launch_simulation
Command: launch_simulation 
INFO: [Vivado 12-12493] Simulation top is 'cfg_tb_counter_sec'
WARNING: [Vivado 12-13340] Unable to auto find GCC executables from simulator install path! (path not set)
INFO: [Vivado 12-5682] Launching behavioral simulation in 'C:/Users/andrej/Desktop/DE1 project/Digital_Scoreboard/Digital_Scoreboard.sim/sim_1/behav/xsim'
INFO: [SIM-utils-51] Simulation object is 'sim_1'
INFO: [SIM-utils-72] Using boost library from 'C:/Xilinx/Vivado/2024.2/tps/boost_1_72_0'
INFO: [SIM-utils-54] Inspecting design source files for 'cfg_tb_counter_sec' in fileset 'sim_1'...
INFO: [USF-XSim-97] Finding global include files...
INFO: [USF-XSim-98] Fetching design files from 'sim_1'...
INFO: [USF-XSim-2] XSim::Compile design
INFO: [USF-XSim-61] Executing 'COMPILE and ANALYZE' step in 'C:/Users/andrej/Desktop/DE1 project/Digital_Scoreboard/Digital_Scoreboard.sim/sim_1/behav/xsim'
"xvhdl --incr --relax -prj cfg_tb_counter_sec_vhdl.prj"
INFO: [VRFC 10-163] Analyzing VHDL file "C:/Users/andrej/Desktop/DE1 project/Digital_Scoreboard/Digital_Scoreboard.srcs/sources_1/new/counter_sec.vhd" into library xil_defaultlib
INFO: [VRFC 10-3107] analyzing entity 'counter_sec'
INFO: [USF-XSim-69] 'compile' step finished in '1' seconds
INFO: [USF-XSim-3] XSim::Elaborate design
INFO: [USF-XSim-61] Executing 'ELABORATE' step in 'C:/Users/andrej/Desktop/DE1 project/Digital_Scoreboard/Digital_Scoreboard.sim/sim_1/behav/xsim'
"xelab --incr --debug typical --relax --mt 2 -L xil_defaultlib -L secureip --snapshot cfg_tb_counter_sec_behav xil_defaultlib.cfg_tb_counter_sec -log elaborate.log"
Vivado Simulator v2024.2.0
Copyright 1986-2022 Xilinx, Inc. All Rights Reserved.
Copyright 2022-2024 Advanced Micro Devices, Inc. All Rights Reserved.
Running: C:/Xilinx/Vivado/2024.2/bin/unwrapped/win64.o/xelab.exe --incr --debug typical --relax --mt 2 -L xil_defaultlib -L secureip --snapshot cfg_tb_counter_sec_behav xil_defaultlib.cfg_tb_counter_sec -log elaborate.log 
Using 2 slave threads.
Starting static elaboration
Completed static elaboration
Starting simulation data flow analysis
Completed simulation data flow analysis
Time Resolution for simulation is 1ps
Compiling package std.standard
Compiling package std.textio
Compiling package ieee.std_logic_1164
Compiling package ieee.std_logic_arith
Compiling package ieee.std_logic_unsigned
Compiling architecture behavioral of entity xil_defaultlib.counter_sec [counter_sec_default]
Compiling architecture tb of entity xil_defaultlib.tb_counter_sec [tb_counter_sec_cfg_tb_counter_se...]
Built simulation snapshot cfg_tb_counter_sec_behav
INFO: [USF-XSim-69] 'elaborate' step finished in '1' seconds
INFO: [USF-XSim-4] XSim::Simulate design
INFO: [USF-XSim-61] Executing 'SIMULATE' step in 'C:/Users/andrej/Desktop/DE1 project/Digital_Scoreboard/Digital_Scoreboard.sim/sim_1/behav/xsim'
INFO: [USF-XSim-98] *** Running xsim
   with args "cfg_tb_counter_sec_behav -key {Behavioral:sim_1:Functional:cfg_tb_counter_sec} -tclbatch {cfg_tb_counter_sec.tcl} -log {simulate.log}"
INFO: [USF-XSim-8] Loading simulator feature
Time resolution is 1 ps
source cfg_tb_counter_sec.tcl
# set curr_wave [current_wave_config]
# if { [string length $curr_wave] == 0 } {
#   if { [llength [get_objects]] > 0} {
#     add_wave /
#     set_property needs_save false [current_wave_config]
#   } else {
#      send_msg_id Add_Wave-1 WARNING "No top level signals found. Simulator will start without a wave window. If you want to open a wave window go to 'File->New Waveform Configuration' or type 'create_wave_config' in the TCL console."
#   }
# }
# run 10000ns
INFO: [USF-XSim-96] XSim completed. Design snapshot 'cfg_tb_counter_sec_behav' loaded.
INFO: [USF-XSim-97] XSim simulation ran for 10000ns
WARNING: [filemgmt 56-199] Attempt to get parsing info during refresh. "On-the-fly" syntax checking information may be incorrect. [C:\Users\andrej\Desktop\DE1 project\Digital_Scoreboard\Digital_Scoreboard.srcs\sources_1\new\counter_sec.vhd:]
WARNING: [filemgmt 56-199] Attempt to get parsing info during refresh. "On-the-fly" syntax checking information may be incorrect. [C:\Users\andrej\Desktop\DE1 project\Digital_Scoreboard\Digital_Scoreboard.srcs\sources_1\new\scoreboard.vhd:]
WARNING: [filemgmt 56-199] Attempt to get parsing info during refresh. "On-the-fly" syntax checking information may be incorrect. [C:\Users\andrej\Desktop\DE1 project\Digital_Scoreboard\Digital_Scoreboard.srcs\sim_1\new\counter_sec_tb.vhd:]
WARNING: [filemgmt 56-199] Attempt to get parsing info during refresh. "On-the-fly" syntax checking information may be incorrect. [C:\Users\andrej\Desktop\DE1 project\Digital_Scoreboard\Digital_Scoreboard.srcs\sources_1\new\counter_sec.vhd:]
WARNING: [filemgmt 56-199] Attempt to get parsing info during refresh. "On-the-fly" syntax checking information may be incorrect. [C:\Users\andrej\Desktop\DE1 project\Digital_Scoreboard\Digital_Scoreboard.srcs\sources_1\new\counter_sec.vhd:]
WARNING: [filemgmt 56-199] Attempt to get parsing info during refresh. "On-the-fly" syntax checking information may be incorrect. [C:\Users\andrej\Desktop\DE1 project\Digital_Scoreboard\Digital_Scoreboard.srcs\sources_1\new\counter_sec.vhd:]
WARNING: [filemgmt 56-199] Attempt to get parsing info during refresh. "On-the-fly" syntax checking information may be incorrect. [C:\Users\andrej\Desktop\DE1 project\Digital_Scoreboard\Digital_Scoreboard.srcs\sources_1\new\scoreboard.vhd:]
WARNING: [filemgmt 56-199] Attempt to get parsing info during refresh. "On-the-fly" syntax checking information may be incorrect. [C:\Users\andrej\Desktop\DE1 project\Digital_Scoreboard\Digital_Scoreboard.srcs\sim_1\new\counter_sec_tb.vhd:]
WARNING: [filemgmt 56-199] Attempt to get parsing info during refresh. "On-the-fly" syntax checking information may be incorrect. [C:\Users\andrej\Desktop\DE1 project\Digital_Scoreboard\Digital_Scoreboard.srcs\sources_1\new\counter_sec.vhd:]
WARNING: [filemgmt 56-199] Attempt to get parsing info during refresh. "On-the-fly" syntax checking information may be incorrect. [C:\Users\andrej\Desktop\DE1 project\Digital_Scoreboard\Digital_Scoreboard.srcs\sources_1\new\counter_sec.vhd:]
ERROR: [Common 17-180] Spawn failed: No error
WARNING: [filemgmt 56-199] Attempt to get parsing info during refresh. "On-the-fly" syntax checking information may be incorrect. [C:\Users\andrej\Desktop\DE1 project\Digital_Scoreboard\Digital_Scoreboard.srcs\sources_1\new\counter_sec.vhd:]
WARNING: [filemgmt 56-199] Attempt to get parsing info during refresh. "On-the-fly" syntax checking information may be incorrect. [C:\Users\andrej\Desktop\DE1 project\Digital_Scoreboard\Digital_Scoreboard.srcs\sources_1\new\scoreboard.vhd:]
WARNING: [filemgmt 56-199] Attempt to get parsing info during refresh. "On-the-fly" syntax checking information may be incorrect. [C:\Users\andrej\Desktop\DE1 project\Digital_Scoreboard\Digital_Scoreboard.srcs\sim_1\new\counter_sec_tb.vhd:]
WARNING: [filemgmt 56-199] Attempt to get parsing info during refresh. "On-the-fly" syntax checking information may be incorrect. [C:\Users\andrej\Desktop\DE1 project\Digital_Scoreboard\Digital_Scoreboard.srcs\sources_1\new\counter_sec.vhd:]
WARNING: [filemgmt 56-199] Attempt to get parsing info during refresh. "On-the-fly" syntax checking information may be incorrect. [C:\Users\andrej\Desktop\DE1 project\Digital_Scoreboard\Digital_Scoreboard.srcs\sources_1\new\counter_sec.vhd:]
WARNING: [filemgmt 56-199] Attempt to get parsing info during refresh. "On-the-fly" syntax checking information may be incorrect. [C:\Users\andrej\Desktop\DE1 project\Digital_Scoreboard\Digital_Scoreboard.srcs\sources_1\new\counter_sec.vhd:]
WARNING: [filemgmt 56-199] Attempt to get parsing info during refresh. "On-the-fly" syntax checking information may be incorrect. [C:\Users\andrej\Desktop\DE1 project\Digital_Scoreboard\Digital_Scoreboard.srcs\sources_1\new\scoreboard.vhd:]
WARNING: [filemgmt 56-199] Attempt to get parsing info during refresh. "On-the-fly" syntax checking information may be incorrect. [C:\Users\andrej\Desktop\DE1 project\Digital_Scoreboard\Digital_Scoreboard.srcs\sim_1\new\counter_sec_tb.vhd:]
WARNING: [filemgmt 56-199] Attempt to get parsing info during refresh. "On-the-fly" syntax checking information may be incorrect. [C:\Users\andrej\Desktop\DE1 project\Digital_Scoreboard\Digital_Scoreboard.srcs\sources_1\new\scoreboard.vhd:]
WARNING: [filemgmt 56-199] Attempt to get parsing info during refresh. "On-the-fly" syntax checking information may be incorrect. [C:\Users\andrej\Desktop\DE1 project\Digital_Scoreboard\Digital_Scoreboard.srcs\sources_1\new\scoreboard.vhd:]
ERROR: [Common 17-180] Spawn failed: No error
update_compile_order -fileset sim_1
WARNING: [filemgmt 56-199] Attempt to get parsing info during refresh. "On-the-fly" syntax checking information may be incorrect. [C:\Users\andrej\Desktop\DE1 project\Digital_Scoreboard\Digital_Scoreboard.srcs\sources_1\new\counter_sec.vhd:]
WARNING: [filemgmt 56-199] Attempt to get parsing info during refresh. "On-the-fly" syntax checking information may be incorrect. [C:\Users\andrej\Desktop\DE1 project\Digital_Scoreboard\Digital_Scoreboard.srcs\sources_1\new\scoreboard.vhd:]
WARNING: [filemgmt 56-199] Attempt to get parsing info during refresh. "On-the-fly" syntax checking information may be incorrect. [C:\Users\andrej\Desktop\DE1 project\Digital_Scoreboard\Digital_Scoreboard.srcs\sim_1\new\counter_sec_tb.vhd:]
WARNING: [filemgmt 56-199] Attempt to get parsing info during refresh. "On-the-fly" syntax checking information may be incorrect. [C:\Users\andrej\Desktop\DE1 project\Digital_Scoreboard\Digital_Scoreboard.srcs\sim_1\new\counter_sec_tb.vhd:]
WARNING: [filemgmt 56-199] Attempt to get parsing info during refresh. "On-the-fly" syntax checking information may be incorrect. [C:\Users\andrej\Desktop\DE1 project\Digital_Scoreboard\Digital_Scoreboard.srcs\sim_1\new\counter_sec_tb.vhd:]
WARNING: [filemgmt 56-199] Attempt to get parsing info during refresh. "On-the-fly" syntax checking information may be incorrect. [C:\Users\andrej\Desktop\DE1 project\Digital_Scoreboard\Digital_Scoreboard.srcs\sources_1\new\counter_sec.vhd:]
WARNING: [filemgmt 56-199] Attempt to get parsing info during refresh. "On-the-fly" syntax checking information may be incorrect. [C:\Users\andrej\Desktop\DE1 project\Digital_Scoreboard\Digital_Scoreboard.srcs\sources_1\new\scoreboard.vhd:]
WARNING: [filemgmt 56-199] Attempt to get parsing info during refresh. "On-the-fly" syntax checking information may be incorrect. [C:\Users\andrej\Desktop\DE1 project\Digital_Scoreboard\Digital_Scoreboard.srcs\sources_1\new\counter_sec.vhd:]
WARNING: [filemgmt 56-199] Attempt to get parsing info during refresh. "On-the-fly" syntax checking information may be incorrect. [C:\Users\andrej\Desktop\DE1 project\Digital_Scoreboard\Digital_Scoreboard.srcs\sources_1\new\scoreboard.vhd:]
WARNING: [filemgmt 56-199] Attempt to get parsing info during refresh. "On-the-fly" syntax checking information may be incorrect. [C:\Users\andrej\Desktop\DE1 project\Digital_Scoreboard\Digital_Scoreboard.srcs\sim_1\new\counter_sec_tb.vhd:]
WARNING: [filemgmt 56-199] Attempt to get parsing info during refresh. "On-the-fly" syntax checking information may be incorrect. [C:\Users\andrej\Desktop\DE1 project\Digital_Scoreboard\Digital_Scoreboard.srcs\sources_1\new\scoreboard.vhd:]
WARNING: [filemgmt 56-199] Attempt to get parsing info during refresh. "On-the-fly" syntax checking information may be incorrect. [C:\Users\andrej\Desktop\DE1 project\Digital_Scoreboard\Digital_Scoreboard.srcs\sources_1\new\scoreboard.vhd:]
WARNING: [filemgmt 56-199] Attempt to get parsing info during refresh. "On-the-fly" syntax checking information may be incorrect. [C:\Users\andrej\Desktop\DE1 project\Digital_Scoreboard\Digital_Scoreboard.srcs\sources_1\new\counter_sec.vhd:]
WARNING: [filemgmt 56-199] Attempt to get parsing info during refresh. "On-the-fly" syntax checking information may be incorrect. [C:\Users\andrej\Desktop\DE1 project\Digital_Scoreboard\Digital_Scoreboard.srcs\sources_1\new\scoreboard.vhd:]
WARNING: [filemgmt 56-199] Attempt to get parsing info during refresh. "On-the-fly" syntax checking information may be incorrect. [C:\Users\andrej\Desktop\DE1 project\Digital_Scoreboard\Digital_Scoreboard.srcs\sim_1\new\counter_sec_tb.vhd:]
WARNING: [filemgmt 56-199] Attempt to get parsing info during refresh. "On-the-fly" syntax checking information may be incorrect. [C:\Users\andrej\Desktop\DE1 project\Digital_Scoreboard\Digital_Scoreboard.srcs\sources_1\new\counter_sec.vhd:]
WARNING: [filemgmt 56-199] Attempt to get parsing info during refresh. "On-the-fly" syntax checking information may be incorrect. [C:\Users\andrej\Desktop\DE1 project\Digital_Scoreboard\Digital_Scoreboard.srcs\sources_1\new\counter_sec.vhd:]
launch_simulation
Command: launch_simulation 
INFO: [Vivado 12-12493] Simulation top is 'cfg_tb_anode_picker'
WARNING: [Vivado 12-13340] Unable to auto find GCC executables from simulator install path! (path not set)
boost::filesystem::remove: The process cannot access the file because it is being used by another process: "C:/Users/andrej/Desktop/DE1 project/Digital_Scoreboard/Digital_Scoreboard.sim/sim_1/behav/xsim/simulate.log"
update_compile_order -fileset sim_1
WARNING: [filemgmt 56-199] Attempt to get parsing info during refresh. "On-the-fly" syntax checking information may be incorrect. [C:\Users\andrej\Desktop\DE1 project\Digital_Scoreboard\Digital_Scoreboard.srcs\sources_1\new\counter_sec.vhd:]
WARNING: [filemgmt 56-199] Attempt to get parsing info during refresh. "On-the-fly" syntax checking information may be incorrect. [C:\Users\andrej\Desktop\DE1 project\Digital_Scoreboard\Digital_Scoreboard.srcs\sources_1\new\scoreboard.vhd:]
WARNING: [filemgmt 56-199] Attempt to get parsing info during refresh. "On-the-fly" syntax checking information may be incorrect. [C:\Users\andrej\Desktop\DE1 project\Digital_Scoreboard\Digital_Scoreboard.srcs\sim_1\new\counter_sec_tb.vhd:]
WARNING: [filemgmt 56-199] Attempt to get parsing info during refresh. "On-the-fly" syntax checking information may be incorrect. [C:\Users\andrej\Desktop\DE1 project\Digital_Scoreboard\Digital_Scoreboard.srcs\sim_1\new\counter_sec_tb.vhd:]
WARNING: [filemgmt 56-199] Attempt to get parsing info during refresh. "On-the-fly" syntax checking information may be incorrect. [C:\Users\andrej\Desktop\DE1 project\Digital_Scoreboard\Digital_Scoreboard.srcs\sim_1\new\counter_sec_tb.vhd:]
launch_simulation
Command: launch_simulation 
INFO: [Vivado 12-12493] Simulation top is 'cfg_tb_anode_picker'
WARNING: [Vivado 12-13340] Unable to auto find GCC executables from simulator install path! (path not set)
boost::filesystem::remove: The process cannot access the file because it is being used by another process: "C:/Users/andrej/Desktop/DE1 project/Digital_Scoreboard/Digital_Scoreboard.sim/sim_1/behav/xsim/simulate.log"
launch_simulation
Command: launch_simulation 
INFO: [Vivado 12-12493] Simulation top is 'cfg_tb_anode_picker'
WARNING: [Vivado 12-13340] Unable to auto find GCC executables from simulator install path! (path not set)
boost::filesystem::remove: The process cannot access the file because it is being used by another process: "C:/Users/andrej/Desktop/DE1 project/Digital_Scoreboard/Digital_Scoreboard.sim/sim_1/behav/xsim/simulate.log"
close_sim
INFO: [Simtcl 6-16] Simulation closed
exit
INFO: [Common 17-206] Exiting Vivado at Wed Apr 23 13:26:09 2025...
