#-----------------------------------------------------------
# Vivado v2024.2 (64-bit)
# SW Build 5239630 on Fri Nov 08 22:35:27 MST 2024
# IP Build 5239520 on Sun Nov 10 16:12:51 MST 2024
# SharedData Build 5239561 on Fri Nov 08 14:39:27 MST 2024
# Start of session at: Thu Apr 24 16:26:16 2025
# Process ID         : 12016
# Current directory  : C:/Users/andrej/Desktop/DE1 project/Digital_Scoreboard
# Command line       : vivado.exe -gui_launcher_event rodinguilauncherevent3228 C:\Users\andrej\Desktop\DE1 project\Digital_Scoreboard\Digital_Scoreboard.xpr
# Log file           : C:/Users/andrej/Desktop/DE1 project/Digital_Scoreboard/vivado.log
# Journal file       : C:/Users/andrej/Desktop/DE1 project/Digital_Scoreboard\vivado.jou
# Running On         : DESKTOP-NA8KE1C
# Platform           : Windows Server 2016 or Windows 10
# Operating System   : 26100
# Processor Detail   : 12th Gen Intel(R) Core(TM) i7-12700H
# CPU Frequency      : 2688 MHz
# CPU Physical cores : 14
# CPU Logical cores  : 20
# Host memory        : 33960 MB
# Swap memory        : 2147 MB
# Total Virtual      : 36108 MB
# Available Virtual  : 24974 MB
#-----------------------------------------------------------
start_gui
open_project {C:/Users/andrej/Desktop/DE1 project/Digital_Scoreboard/Digital_Scoreboard.xpr}
INFO: [filemgmt 56-3] Default IP Output Path : Could not find the directory 'C:/Users/andrej/Desktop/DE1 project/Digital_Scoreboard/Digital_Scoreboard.gen/sources_1'.
Scanning sources...
Finished scanning sources
INFO: [IP_Flow 19-234] Refreshing IP repositories
INFO: [IP_Flow 19-1704] No user IP repositories specified
INFO: [IP_Flow 19-2313] Loaded Vivado IP repository 'C:/Xilinx/Vivado/2024.2/data/ip'.
update_compile_order -fileset sources_1
reset_run impl_1 -prev_step 
launch_runs impl_1 -to_step write_bitstream -jobs 20
[Thu Apr 24 16:26:45 2025] Launched impl_1...
Run output will be captured here: C:/Users/andrej/Desktop/DE1 project/Digital_Scoreboard/Digital_Scoreboard.runs/impl_1/runme.log
WARNING: [filemgmt 56-199] Attempt to get parsing info during refresh. "On-the-fly" syntax checking information may be incorrect. [C:\Users\andrej\Desktop\DE1 project\Digital_Scoreboard\Digital_Scoreboard.srcs\sources_1\new\debounce.vhd:]
WARNING: [filemgmt 56-199] Attempt to get parsing info during refresh. "On-the-fly" syntax checking information may be incorrect. [C:\Users\andrej\Desktop\DE1 project\Digital_Scoreboard\Digital_Scoreboard.srcs\sources_1\new\top_level.vhd:]
WARNING: [filemgmt 56-199] Attempt to get parsing info during refresh. "On-the-fly" syntax checking information may be incorrect. [C:\Users\andrej\Desktop\DE1 project\Digital_Scoreboard\Digital_Scoreboard.srcs\sources_1\new\debounce.vhd:]
WARNING: [filemgmt 56-199] Attempt to get parsing info during refresh. "On-the-fly" syntax checking information may be incorrect. [C:\Users\andrej\Desktop\DE1 project\Digital_Scoreboard\Digital_Scoreboard.srcs\sources_1\new\debounce.vhd:]
ERROR: [Common 17-180] Spawn failed: No error
WARNING: [filemgmt 56-199] Attempt to get parsing info during refresh. "On-the-fly" syntax checking information may be incorrect. [C:\Users\andrej\Desktop\DE1 project\Digital_Scoreboard\Digital_Scoreboard.srcs\sources_1\new\debounce.vhd:]
WARNING: [filemgmt 56-199] Attempt to get parsing info during refresh. "On-the-fly" syntax checking information may be incorrect. [C:\Users\andrej\Desktop\DE1 project\Digital_Scoreboard\Digital_Scoreboard.srcs\sources_1\new\top_level.vhd:]
WARNING: [filemgmt 56-199] Attempt to get parsing info during refresh. "On-the-fly" syntax checking information may be incorrect. [C:\Users\andrej\Desktop\DE1 project\Digital_Scoreboard\Digital_Scoreboard.srcs\sources_1\new\debounce.vhd:]
WARNING: [filemgmt 56-199] Attempt to get parsing info during refresh. "On-the-fly" syntax checking information may be incorrect. [C:\Users\andrej\Desktop\DE1 project\Digital_Scoreboard\Digital_Scoreboard.srcs\sources_1\new\debounce.vhd:]
ERROR: [Common 17-180] Spawn failed: No error
WARNING: [filemgmt 56-199] Attempt to get parsing info during refresh. "On-the-fly" syntax checking information may be incorrect. [C:\Users\andrej\Desktop\DE1 project\Digital_Scoreboard\Digital_Scoreboard.srcs\sources_1\new\debounce.vhd:]
WARNING: [filemgmt 56-199] Attempt to get parsing info during refresh. "On-the-fly" syntax checking information may be incorrect. [C:\Users\andrej\Desktop\DE1 project\Digital_Scoreboard\Digital_Scoreboard.srcs\sources_1\new\top_level.vhd:]
WARNING: [filemgmt 56-199] Attempt to get parsing info during refresh. "On-the-fly" syntax checking information may be incorrect. [C:\Users\andrej\Desktop\DE1 project\Digital_Scoreboard\Digital_Scoreboard.srcs\sources_1\new\debounce.vhd:]
WARNING: [filemgmt 56-199] Attempt to get parsing info during refresh. "On-the-fly" syntax checking information may be incorrect. [C:\Users\andrej\Desktop\DE1 project\Digital_Scoreboard\Digital_Scoreboard.srcs\sources_1\new\debounce.vhd:]
ERROR: [Common 17-180] Spawn failed: No error
WARNING: [filemgmt 56-199] Attempt to get parsing info during refresh. "On-the-fly" syntax checking information may be incorrect. [C:\Users\andrej\Desktop\DE1 project\Digital_Scoreboard\Digital_Scoreboard.srcs\sources_1\new\debounce.vhd:]
WARNING: [filemgmt 56-199] Attempt to get parsing info during refresh. "On-the-fly" syntax checking information may be incorrect. [C:\Users\andrej\Desktop\DE1 project\Digital_Scoreboard\Digital_Scoreboard.srcs\sources_1\new\top_level.vhd:]
WARNING: [filemgmt 56-199] Attempt to get parsing info during refresh. "On-the-fly" syntax checking information may be incorrect. [C:\Users\andrej\Desktop\DE1 project\Digital_Scoreboard\Digital_Scoreboard.srcs\sources_1\new\debounce.vhd:]
WARNING: [filemgmt 56-199] Attempt to get parsing info during refresh. "On-the-fly" syntax checking information may be incorrect. [C:\Users\andrej\Desktop\DE1 project\Digital_Scoreboard\Digital_Scoreboard.srcs\sources_1\new\debounce.vhd:]
ERROR: [Common 17-180] Spawn failed: No error
WARNING: [filemgmt 56-199] Attempt to get parsing info during refresh. "On-the-fly" syntax checking information may be incorrect. [C:\Users\andrej\Desktop\DE1 project\Digital_Scoreboard\Digital_Scoreboard.srcs\sources_1\new\debounce.vhd:]
WARNING: [filemgmt 56-199] Attempt to get parsing info during refresh. "On-the-fly" syntax checking information may be incorrect. [C:\Users\andrej\Desktop\DE1 project\Digital_Scoreboard\Digital_Scoreboard.srcs\sources_1\new\top_level.vhd:]
WARNING: [filemgmt 56-199] Attempt to get parsing info during refresh. "On-the-fly" syntax checking information may be incorrect. [C:\Users\andrej\Desktop\DE1 project\Digital_Scoreboard\Digital_Scoreboard.srcs\sources_1\new\debounce.vhd:]
WARNING: [filemgmt 56-199] Attempt to get parsing info during refresh. "On-the-fly" syntax checking information may be incorrect. [C:\Users\andrej\Desktop\DE1 project\Digital_Scoreboard\Digital_Scoreboard.srcs\sources_1\new\debounce.vhd:]
ERROR: [Common 17-180] Spawn failed: No error
WARNING: [filemgmt 56-199] Attempt to get parsing info during refresh. "On-the-fly" syntax checking information may be incorrect. [C:\Users\andrej\Desktop\DE1 project\Digital_Scoreboard\Digital_Scoreboard.srcs\sources_1\new\debounce.vhd:]
WARNING: [filemgmt 56-199] Attempt to get parsing info during refresh. "On-the-fly" syntax checking information may be incorrect. [C:\Users\andrej\Desktop\DE1 project\Digital_Scoreboard\Digital_Scoreboard.srcs\sources_1\new\top_level.vhd:]
WARNING: [filemgmt 56-199] Attempt to get parsing info during refresh. "On-the-fly" syntax checking information may be incorrect. [C:\Users\andrej\Desktop\DE1 project\Digital_Scoreboard\Digital_Scoreboard.srcs\sources_1\new\debounce.vhd:]
WARNING: [filemgmt 56-199] Attempt to get parsing info during refresh. "On-the-fly" syntax checking information may be incorrect. [C:\Users\andrej\Desktop\DE1 project\Digital_Scoreboard\Digital_Scoreboard.srcs\sources_1\new\debounce.vhd:]
ERROR: [Common 17-180] Spawn failed: No error
WARNING: [filemgmt 56-199] Attempt to get parsing info during refresh. "On-the-fly" syntax checking information may be incorrect. [C:\Users\andrej\Desktop\DE1 project\Digital_Scoreboard\Digital_Scoreboard.srcs\sources_1\new\debounce.vhd:]
WARNING: [filemgmt 56-199] Attempt to get parsing info during refresh. "On-the-fly" syntax checking information may be incorrect. [C:\Users\andrej\Desktop\DE1 project\Digital_Scoreboard\Digital_Scoreboard.srcs\sources_1\new\top_level.vhd:]
WARNING: [filemgmt 56-199] Attempt to get parsing info during refresh. "On-the-fly" syntax checking information may be incorrect. [C:\Users\andrej\Desktop\DE1 project\Digital_Scoreboard\Digital_Scoreboard.srcs\sources_1\new\debounce.vhd:]
WARNING: [filemgmt 56-199] Attempt to get parsing info during refresh. "On-the-fly" syntax checking information may be incorrect. [C:\Users\andrej\Desktop\DE1 project\Digital_Scoreboard\Digital_Scoreboard.srcs\sources_1\new\debounce.vhd:]
ERROR: [Common 17-180] Spawn failed: No error
WARNING: [filemgmt 56-199] Attempt to get parsing info during refresh. "On-the-fly" syntax checking information may be incorrect. [C:\Users\andrej\Desktop\DE1 project\Digital_Scoreboard\Digital_Scoreboard.srcs\sources_1\new\debounce.vhd:]
WARNING: [filemgmt 56-199] Attempt to get parsing info during refresh. "On-the-fly" syntax checking information may be incorrect. [C:\Users\andrej\Desktop\DE1 project\Digital_Scoreboard\Digital_Scoreboard.srcs\sources_1\new\top_level.vhd:]
WARNING: [filemgmt 56-199] Attempt to get parsing info during refresh. "On-the-fly" syntax checking information may be incorrect. [C:\Users\andrej\Desktop\DE1 project\Digital_Scoreboard\Digital_Scoreboard.srcs\sources_1\new\top_level.vhd:]
WARNING: [filemgmt 56-199] Attempt to get parsing info during refresh. "On-the-fly" syntax checking information may be incorrect. [C:\Users\andrej\Desktop\DE1 project\Digital_Scoreboard\Digital_Scoreboard.srcs\sources_1\new\top_level.vhd:]
ERROR: [Common 17-180] Spawn failed: No error
WARNING: [filemgmt 56-199] Attempt to get parsing info during refresh. "On-the-fly" syntax checking information may be incorrect. [C:\Users\andrej\Desktop\DE1 project\Digital_Scoreboard\Digital_Scoreboard.srcs\sources_1\new\anode_picker.vhd:]
WARNING: [filemgmt 56-199] Attempt to get parsing info during refresh. "On-the-fly" syntax checking information may be incorrect. [C:\Users\andrej\Desktop\DE1 project\Digital_Scoreboard\Digital_Scoreboard.srcs\sources_1\imports\new\bin2seg.vhd:]
WARNING: [filemgmt 56-199] Attempt to get parsing info during refresh. "On-the-fly" syntax checking information may be incorrect. [C:\Users\andrej\Desktop\DE1 project\Digital_Scoreboard\Digital_Scoreboard.srcs\sources_1\new\top_level.vhd:]
WARNING: [filemgmt 56-199] Attempt to get parsing info during refresh. "On-the-fly" syntax checking information may be incorrect. [C:\Users\andrej\Desktop\DE1 project\Digital_Scoreboard\Digital_Scoreboard.srcs\sources_1\new\anode_picker.vhd:]
WARNING: [filemgmt 56-199] Attempt to get parsing info during refresh. "On-the-fly" syntax checking information may be incorrect. [C:\Users\andrej\Desktop\DE1 project\Digital_Scoreboard\Digital_Scoreboard.srcs\sources_1\new\anode_picker.vhd:]
WARNING: [filemgmt 56-199] Attempt to get parsing info during refresh. "On-the-fly" syntax checking information may be incorrect. [C:\Users\andrej\Desktop\DE1 project\Digital_Scoreboard\Digital_Scoreboard.srcs\sources_1\new\anode_picker.vhd:]
WARNING: [filemgmt 56-199] Attempt to get parsing info during refresh. "On-the-fly" syntax checking information may be incorrect. [C:\Users\andrej\Desktop\DE1 project\Digital_Scoreboard\Digital_Scoreboard.srcs\sources_1\imports\new\bin2seg.vhd:]
WARNING: [filemgmt 56-199] Attempt to get parsing info during refresh. "On-the-fly" syntax checking information may be incorrect. [C:\Users\andrej\Desktop\DE1 project\Digital_Scoreboard\Digital_Scoreboard.srcs\sources_1\new\top_level.vhd:]
WARNING: [filemgmt 56-199] Attempt to get parsing info during refresh. "On-the-fly" syntax checking information may be incorrect. [C:\Users\andrej\Desktop\DE1 project\Digital_Scoreboard\Digital_Scoreboard.srcs\sources_1\new\top_level.vhd:]
WARNING: [filemgmt 56-199] Attempt to get parsing info during refresh. "On-the-fly" syntax checking information may be incorrect. [C:\Users\andrej\Desktop\DE1 project\Digital_Scoreboard\Digital_Scoreboard.srcs\sources_1\new\top_level.vhd:]
WARNING: [filemgmt 56-199] Attempt to get parsing info during refresh. "On-the-fly" syntax checking information may be incorrect. [C:\Users\andrej\Desktop\DE1 project\Digital_Scoreboard\Digital_Scoreboard.srcs\sources_1\new\anode_picker.vhd:]
WARNING: [filemgmt 56-199] Attempt to get parsing info during refresh. "On-the-fly" syntax checking information may be incorrect. [C:\Users\andrej\Desktop\DE1 project\Digital_Scoreboard\Digital_Scoreboard.srcs\sources_1\imports\new\bin2seg.vhd:]
WARNING: [filemgmt 56-199] Attempt to get parsing info during refresh. "On-the-fly" syntax checking information may be incorrect. [C:\Users\andrej\Desktop\DE1 project\Digital_Scoreboard\Digital_Scoreboard.srcs\sources_1\new\top_level.vhd:]
WARNING: [filemgmt 56-199] Attempt to get parsing info during refresh. "On-the-fly" syntax checking information may be incorrect. [C:\Users\andrej\Desktop\DE1 project\Digital_Scoreboard\Digital_Scoreboard.srcs\sources_1\new\top_level.vhd:]
WARNING: [filemgmt 56-199] Attempt to get parsing info during refresh. "On-the-fly" syntax checking information may be incorrect. [C:\Users\andrej\Desktop\DE1 project\Digital_Scoreboard\Digital_Scoreboard.srcs\sources_1\new\top_level.vhd:]
ERROR: [Common 17-180] Spawn failed: No error
WARNING: [filemgmt 56-199] Attempt to get parsing info during refresh. "On-the-fly" syntax checking information may be incorrect. [C:\Users\andrej\Desktop\DE1 project\Digital_Scoreboard\Digital_Scoreboard.srcs\sources_1\new\anode_picker.vhd:]
WARNING: [filemgmt 56-199] Attempt to get parsing info during refresh. "On-the-fly" syntax checking information may be incorrect. [C:\Users\andrej\Desktop\DE1 project\Digital_Scoreboard\Digital_Scoreboard.srcs\sources_1\imports\new\bin2seg.vhd:]
WARNING: [filemgmt 56-199] Attempt to get parsing info during refresh. "On-the-fly" syntax checking information may be incorrect. [C:\Users\andrej\Desktop\DE1 project\Digital_Scoreboard\Digital_Scoreboard.srcs\sources_1\new\top_level.vhd:]
WARNING: [filemgmt 56-199] Attempt to get parsing info during refresh. "On-the-fly" syntax checking information may be incorrect. [C:\Users\andrej\Desktop\DE1 project\Digital_Scoreboard\Digital_Scoreboard.srcs\sources_1\imports\new\bin2seg.vhd:]
WARNING: [filemgmt 56-199] Attempt to get parsing info during refresh. "On-the-fly" syntax checking information may be incorrect. [C:\Users\andrej\Desktop\DE1 project\Digital_Scoreboard\Digital_Scoreboard.srcs\sources_1\imports\new\bin2seg.vhd:]
ERROR: [Common 17-180] Spawn failed: No error
WARNING: [filemgmt 56-199] Attempt to get parsing info during refresh. "On-the-fly" syntax checking information may be incorrect. [C:\Users\andrej\Desktop\DE1 project\Digital_Scoreboard\Digital_Scoreboard.srcs\sources_1\new\anode_picker.vhd:]
WARNING: [filemgmt 56-199] Attempt to get parsing info during refresh. "On-the-fly" syntax checking information may be incorrect. [C:\Users\andrej\Desktop\DE1 project\Digital_Scoreboard\Digital_Scoreboard.srcs\sources_1\imports\new\bin2seg.vhd:]
WARNING: [filemgmt 56-199] Attempt to get parsing info during refresh. "On-the-fly" syntax checking information may be incorrect. [C:\Users\andrej\Desktop\DE1 project\Digital_Scoreboard\Digital_Scoreboard.srcs\sources_1\new\top_level.vhd:]
WARNING: [filemgmt 56-199] Attempt to get parsing info during refresh. "On-the-fly" syntax checking information may be incorrect. [C:\Users\andrej\Desktop\DE1 project\Digital_Scoreboard\Digital_Scoreboard.srcs\sources_1\imports\new\bin2seg.vhd:]
WARNING: [filemgmt 56-199] Attempt to get parsing info during refresh. "On-the-fly" syntax checking information may be incorrect. [C:\Users\andrej\Desktop\DE1 project\Digital_Scoreboard\Digital_Scoreboard.srcs\sources_1\imports\new\bin2seg.vhd:]
ERROR: [Common 17-180] Spawn failed: No error
WARNING: [filemgmt 56-199] Attempt to get parsing info during refresh. "On-the-fly" syntax checking information may be incorrect. [C:\Users\andrej\Desktop\DE1 project\Digital_Scoreboard\Digital_Scoreboard.srcs\sources_1\new\anode_picker.vhd:]
WARNING: [filemgmt 56-199] Attempt to get parsing info during refresh. "On-the-fly" syntax checking information may be incorrect. [C:\Users\andrej\Desktop\DE1 project\Digital_Scoreboard\Digital_Scoreboard.srcs\sources_1\imports\new\bin2seg.vhd:]
WARNING: [filemgmt 56-199] Attempt to get parsing info during refresh. "On-the-fly" syntax checking information may be incorrect. [C:\Users\andrej\Desktop\DE1 project\Digital_Scoreboard\Digital_Scoreboard.srcs\sources_1\new\top_level.vhd:]
WARNING: [filemgmt 56-199] Attempt to get parsing info during refresh. "On-the-fly" syntax checking information may be incorrect. [C:\Users\andrej\Desktop\DE1 project\Digital_Scoreboard\Digital_Scoreboard.srcs\sources_1\new\anode_picker.vhd:]
WARNING: [filemgmt 56-199] Attempt to get parsing info during refresh. "On-the-fly" syntax checking information may be incorrect. [C:\Users\andrej\Desktop\DE1 project\Digital_Scoreboard\Digital_Scoreboard.srcs\sources_1\new\anode_picker.vhd:]
WARNING: [filemgmt 56-199] Attempt to get parsing info during refresh. "On-the-fly" syntax checking information may be incorrect. [C:\Users\andrej\Desktop\DE1 project\Digital_Scoreboard\Digital_Scoreboard.srcs\sources_1\new\anode_picker.vhd:]
WARNING: [filemgmt 56-199] Attempt to get parsing info during refresh. "On-the-fly" syntax checking information may be incorrect. [C:\Users\andrej\Desktop\DE1 project\Digital_Scoreboard\Digital_Scoreboard.srcs\sources_1\imports\new\bin2seg.vhd:]
WARNING: [filemgmt 56-199] Attempt to get parsing info during refresh. "On-the-fly" syntax checking information may be incorrect. [C:\Users\andrej\Desktop\DE1 project\Digital_Scoreboard\Digital_Scoreboard.srcs\sources_1\new\top_level.vhd:]
WARNING: [filemgmt 56-199] Attempt to get parsing info during refresh. "On-the-fly" syntax checking information may be incorrect. [C:\Users\andrej\Desktop\DE1 project\Digital_Scoreboard\Digital_Scoreboard.srcs\sources_1\imports\new\bin2seg.vhd:]
WARNING: [filemgmt 56-199] Attempt to get parsing info during refresh. "On-the-fly" syntax checking information may be incorrect. [C:\Users\andrej\Desktop\DE1 project\Digital_Scoreboard\Digital_Scoreboard.srcs\sources_1\imports\new\bin2seg.vhd:]
WARNING: [filemgmt 56-199] Attempt to get parsing info during refresh. "On-the-fly" syntax checking information may be incorrect. [C:\Users\andrej\Desktop\DE1 project\Digital_Scoreboard\Digital_Scoreboard.srcs\sources_1\new\anode_picker.vhd:]
WARNING: [filemgmt 56-199] Attempt to get parsing info during refresh. "On-the-fly" syntax checking information may be incorrect. [C:\Users\andrej\Desktop\DE1 project\Digital_Scoreboard\Digital_Scoreboard.srcs\sources_1\imports\new\bin2seg.vhd:]
WARNING: [filemgmt 56-199] Attempt to get parsing info during refresh. "On-the-fly" syntax checking information may be incorrect. [C:\Users\andrej\Desktop\DE1 project\Digital_Scoreboard\Digital_Scoreboard.srcs\sources_1\new\top_level.vhd:]
WARNING: [filemgmt 56-199] Attempt to get parsing info during refresh. "On-the-fly" syntax checking information may be incorrect. [C:\Users\andrej\Desktop\DE1 project\Digital_Scoreboard\Digital_Scoreboard.srcs\sources_1\new\anode_picker.vhd:]
WARNING: [filemgmt 56-199] Attempt to get parsing info during refresh. "On-the-fly" syntax checking information may be incorrect. [C:\Users\andrej\Desktop\DE1 project\Digital_Scoreboard\Digital_Scoreboard.srcs\sources_1\new\anode_picker.vhd:]
ERROR: [Common 17-180] Spawn failed: No error
WARNING: [filemgmt 56-199] Attempt to get parsing info during refresh. "On-the-fly" syntax checking information may be incorrect. [C:\Users\andrej\Desktop\DE1 project\Digital_Scoreboard\Digital_Scoreboard.srcs\sources_1\new\anode_picker.vhd:]
WARNING: [filemgmt 56-199] Attempt to get parsing info during refresh. "On-the-fly" syntax checking information may be incorrect. [C:\Users\andrej\Desktop\DE1 project\Digital_Scoreboard\Digital_Scoreboard.srcs\sources_1\imports\new\bin2seg.vhd:]
WARNING: [filemgmt 56-199] Attempt to get parsing info during refresh. "On-the-fly" syntax checking information may be incorrect. [C:\Users\andrej\Desktop\DE1 project\Digital_Scoreboard\Digital_Scoreboard.srcs\sources_1\new\top_level.vhd:]
WARNING: [filemgmt 56-199] Attempt to get parsing info during refresh. "On-the-fly" syntax checking information may be incorrect. [C:\Users\andrej\Desktop\DE1 project\Digital_Scoreboard\Digital_Scoreboard.srcs\sources_1\new\scoreboard.vhd:]
WARNING: [filemgmt 56-199] Attempt to get parsing info during refresh. "On-the-fly" syntax checking information may be incorrect. [C:\Users\andrej\Desktop\DE1 project\Digital_Scoreboard\Digital_Scoreboard.srcs\sources_1\new\anode_picker.vhd:]
WARNING: [filemgmt 56-199] Attempt to get parsing info during refresh. "On-the-fly" syntax checking information may be incorrect. [C:\Users\andrej\Desktop\DE1 project\Digital_Scoreboard\Digital_Scoreboard.srcs\sources_1\new\anode_picker.vhd:]
WARNING: [filemgmt 56-199] Attempt to get parsing info during refresh. "On-the-fly" syntax checking information may be incorrect. [C:\Users\andrej\Desktop\DE1 project\Digital_Scoreboard\Digital_Scoreboard.srcs\sources_1\new\anode_picker.vhd:]
WARNING: [filemgmt 56-199] Attempt to get parsing info during refresh. "On-the-fly" syntax checking information may be incorrect. [C:\Users\andrej\Desktop\DE1 project\Digital_Scoreboard\Digital_Scoreboard.srcs\sources_1\imports\new\bin2seg.vhd:]
WARNING: [filemgmt 56-199] Attempt to get parsing info during refresh. "On-the-fly" syntax checking information may be incorrect. [C:\Users\andrej\Desktop\DE1 project\Digital_Scoreboard\Digital_Scoreboard.srcs\sources_1\new\top_level.vhd:]
WARNING: [filemgmt 56-199] Attempt to get parsing info during refresh. "On-the-fly" syntax checking information may be incorrect. [C:\Users\andrej\Desktop\DE1 project\Digital_Scoreboard\Digital_Scoreboard.srcs\sources_1\new\scoreboard.vhd:]
WARNING: [filemgmt 56-199] Attempt to get parsing info during refresh. "On-the-fly" syntax checking information may be incorrect. [C:\Users\andrej\Desktop\DE1 project\Digital_Scoreboard\Digital_Scoreboard.srcs\sources_1\new\scoreboard.vhd:]
WARNING: [filemgmt 56-199] Attempt to get parsing info during refresh. "On-the-fly" syntax checking information may be incorrect. [C:\Users\andrej\Desktop\DE1 project\Digital_Scoreboard\Digital_Scoreboard.srcs\sources_1\new\scoreboard.vhd:]
ERROR: [Common 17-180] Spawn failed: No error
WARNING: [filemgmt 56-199] Attempt to get parsing info during refresh. "On-the-fly" syntax checking information may be incorrect. [C:\Users\andrej\Desktop\DE1 project\Digital_Scoreboard\Digital_Scoreboard.srcs\sources_1\new\anode_picker.vhd:]
WARNING: [filemgmt 56-199] Attempt to get parsing info during refresh. "On-the-fly" syntax checking information may be incorrect. [C:\Users\andrej\Desktop\DE1 project\Digital_Scoreboard\Digital_Scoreboard.srcs\sources_1\imports\new\bin2seg.vhd:]
WARNING: [filemgmt 56-199] Attempt to get parsing info during refresh. "On-the-fly" syntax checking information may be incorrect. [C:\Users\andrej\Desktop\DE1 project\Digital_Scoreboard\Digital_Scoreboard.srcs\sources_1\new\top_level.vhd:]
WARNING: [filemgmt 56-199] Attempt to get parsing info during refresh. "On-the-fly" syntax checking information may be incorrect. [C:\Users\andrej\Desktop\DE1 project\Digital_Scoreboard\Digital_Scoreboard.srcs\sources_1\new\scoreboard.vhd:]
WARNING: [filemgmt 56-199] Attempt to get parsing info during refresh. "On-the-fly" syntax checking information may be incorrect. [C:\Users\andrej\Desktop\DE1 project\Digital_Scoreboard\Digital_Scoreboard.srcs\sources_1\new\top_level.vhd:]
WARNING: [filemgmt 56-199] Attempt to get parsing info during refresh. "On-the-fly" syntax checking information may be incorrect. [C:\Users\andrej\Desktop\DE1 project\Digital_Scoreboard\Digital_Scoreboard.srcs\sources_1\new\top_level.vhd:]
ERROR: [Common 17-180] Spawn failed: No error
WARNING: [filemgmt 56-199] Attempt to get parsing info during refresh. "On-the-fly" syntax checking information may be incorrect. [C:\Users\andrej\Desktop\DE1 project\Digital_Scoreboard\Digital_Scoreboard.srcs\sources_1\new\anode_picker.vhd:]
WARNING: [filemgmt 56-199] Attempt to get parsing info during refresh. "On-the-fly" syntax checking information may be incorrect. [C:\Users\andrej\Desktop\DE1 project\Digital_Scoreboard\Digital_Scoreboard.srcs\sources_1\imports\new\bin2seg.vhd:]
WARNING: [filemgmt 56-199] Attempt to get parsing info during refresh. "On-the-fly" syntax checking information may be incorrect. [C:\Users\andrej\Desktop\DE1 project\Digital_Scoreboard\Digital_Scoreboard.srcs\sources_1\new\top_level.vhd:]
WARNING: [filemgmt 56-199] Attempt to get parsing info during refresh. "On-the-fly" syntax checking information may be incorrect. [C:\Users\andrej\Desktop\DE1 project\Digital_Scoreboard\Digital_Scoreboard.srcs\sources_1\new\scoreboard.vhd:]
WARNING: [filemgmt 56-199] Attempt to get parsing info during refresh. "On-the-fly" syntax checking information may be incorrect. [C:\Users\andrej\Desktop\DE1 project\Digital_Scoreboard\Digital_Scoreboard.srcs\sources_1\new\top_level.vhd:]
WARNING: [filemgmt 56-199] Attempt to get parsing info during refresh. "On-the-fly" syntax checking information may be incorrect. [C:\Users\andrej\Desktop\DE1 project\Digital_Scoreboard\Digital_Scoreboard.srcs\sources_1\new\top_level.vhd:]
WARNING: [filemgmt 56-199] Attempt to get parsing info during refresh. "On-the-fly" syntax checking information may be incorrect. [C:\Users\andrej\Desktop\DE1 project\Digital_Scoreboard\Digital_Scoreboard.srcs\sources_1\new\anode_picker.vhd:]
WARNING: [filemgmt 56-199] Attempt to get parsing info during refresh. "On-the-fly" syntax checking information may be incorrect. [C:\Users\andrej\Desktop\DE1 project\Digital_Scoreboard\Digital_Scoreboard.srcs\sources_1\imports\new\bin2seg.vhd:]
WARNING: [filemgmt 56-199] Attempt to get parsing info during refresh. "On-the-fly" syntax checking information may be incorrect. [C:\Users\andrej\Desktop\DE1 project\Digital_Scoreboard\Digital_Scoreboard.srcs\sources_1\new\top_level.vhd:]
WARNING: [filemgmt 56-199] Attempt to get parsing info during refresh. "On-the-fly" syntax checking information may be incorrect. [C:\Users\andrej\Desktop\DE1 project\Digital_Scoreboard\Digital_Scoreboard.srcs\sources_1\new\scoreboard.vhd:]
WARNING: [filemgmt 56-199] Attempt to get parsing info during refresh. "On-the-fly" syntax checking information may be incorrect. [C:\Users\andrej\Desktop\DE1 project\Digital_Scoreboard\Digital_Scoreboard.srcs\sources_1\imports\new\bin2seg.vhd:]
WARNING: [filemgmt 56-199] Attempt to get parsing info during refresh. "On-the-fly" syntax checking information may be incorrect. [C:\Users\andrej\Desktop\DE1 project\Digital_Scoreboard\Digital_Scoreboard.srcs\sources_1\imports\new\bin2seg.vhd:]
ERROR: [Common 17-180] Spawn failed: No error
ERROR: [Common 17-180] Spawn failed: No error
WARNING: [filemgmt 56-199] Attempt to get parsing info during refresh. "On-the-fly" syntax checking information may be incorrect. [C:\Users\andrej\Desktop\DE1 project\Digital_Scoreboard\Digital_Scoreboard.srcs\sources_1\new\anode_picker.vhd:]
WARNING: [filemgmt 56-199] Attempt to get parsing info during refresh. "On-the-fly" syntax checking information may be incorrect. [C:\Users\andrej\Desktop\DE1 project\Digital_Scoreboard\Digital_Scoreboard.srcs\sources_1\new\anode_picker.vhd:]
WARNING: [filemgmt 56-199] Attempt to get parsing info during refresh. "On-the-fly" syntax checking information may be incorrect. [C:\Users\andrej\Desktop\DE1 project\Digital_Scoreboard\Digital_Scoreboard.srcs\sources_1\imports\new\bin2seg.vhd:]
WARNING: [filemgmt 56-199] Attempt to get parsing info during refresh. "On-the-fly" syntax checking information may be incorrect. [C:\Users\andrej\Desktop\DE1 project\Digital_Scoreboard\Digital_Scoreboard.srcs\sources_1\new\top_level.vhd:]
WARNING: [filemgmt 56-199] Attempt to get parsing info during refresh. "On-the-fly" syntax checking information may be incorrect. [C:\Users\andrej\Desktop\DE1 project\Digital_Scoreboard\Digital_Scoreboard.srcs\sources_1\new\scoreboard.vhd:]
WARNING: [filemgmt 56-199] Attempt to get parsing info during refresh. "On-the-fly" syntax checking information may be incorrect. [C:\Users\andrej\Desktop\DE1 project\Digital_Scoreboard\Digital_Scoreboard.srcs\sources_1\new\anode_picker.vhd:]
WARNING: [filemgmt 56-199] Attempt to get parsing info during refresh. "On-the-fly" syntax checking information may be incorrect. [C:\Users\andrej\Desktop\DE1 project\Digital_Scoreboard\Digital_Scoreboard.srcs\sources_1\new\anode_picker.vhd:]
WARNING: [filemgmt 56-199] Attempt to get parsing info during refresh. "On-the-fly" syntax checking information may be incorrect. [C:\Users\andrej\Desktop\DE1 project\Digital_Scoreboard\Digital_Scoreboard.srcs\sources_1\new\anode_picker.vhd:]
WARNING: [filemgmt 56-199] Attempt to get parsing info during refresh. "On-the-fly" syntax checking information may be incorrect. [C:\Users\andrej\Desktop\DE1 project\Digital_Scoreboard\Digital_Scoreboard.srcs\sources_1\imports\new\bin2seg.vhd:]
WARNING: [filemgmt 56-199] Attempt to get parsing info during refresh. "On-the-fly" syntax checking information may be incorrect. [C:\Users\andrej\Desktop\DE1 project\Digital_Scoreboard\Digital_Scoreboard.srcs\sources_1\new\top_level.vhd:]
WARNING: [filemgmt 56-199] Attempt to get parsing info during refresh. "On-the-fly" syntax checking information may be incorrect. [C:\Users\andrej\Desktop\DE1 project\Digital_Scoreboard\Digital_Scoreboard.srcs\sources_1\new\scoreboard.vhd:]
WARNING: [filemgmt 56-199] Attempt to get parsing info during refresh. "On-the-fly" syntax checking information may be incorrect. [C:\Users\andrej\Desktop\DE1 project\Digital_Scoreboard\Digital_Scoreboard.srcs\sources_1\new\scoreboard.vhd:]
WARNING: [filemgmt 56-199] Attempt to get parsing info during refresh. "On-the-fly" syntax checking information may be incorrect. [C:\Users\andrej\Desktop\DE1 project\Digital_Scoreboard\Digital_Scoreboard.srcs\sources_1\new\scoreboard.vhd:]
ERROR: [Common 17-180] Spawn failed: No error
WARNING: [filemgmt 56-199] Attempt to get parsing info during refresh. "On-the-fly" syntax checking information may be incorrect. [C:\Users\andrej\Desktop\DE1 project\Digital_Scoreboard\Digital_Scoreboard.srcs\sources_1\new\anode_picker.vhd:]
WARNING: [filemgmt 56-199] Attempt to get parsing info during refresh. "On-the-fly" syntax checking information may be incorrect. [C:\Users\andrej\Desktop\DE1 project\Digital_Scoreboard\Digital_Scoreboard.srcs\sources_1\imports\new\bin2seg.vhd:]
WARNING: [filemgmt 56-199] Attempt to get parsing info during refresh. "On-the-fly" syntax checking information may be incorrect. [C:\Users\andrej\Desktop\DE1 project\Digital_Scoreboard\Digital_Scoreboard.srcs\sources_1\new\top_level.vhd:]
WARNING: [filemgmt 56-199] Attempt to get parsing info during refresh. "On-the-fly" syntax checking information may be incorrect. [C:\Users\andrej\Desktop\DE1 project\Digital_Scoreboard\Digital_Scoreboard.srcs\sources_1\new\scoreboard.vhd:]
WARNING: [filemgmt 56-199] Attempt to get parsing info during refresh. "On-the-fly" syntax checking information may be incorrect. [C:\Users\andrej\Desktop\DE1 project\Digital_Scoreboard\Digital_Scoreboard.srcs\sources_1\new\top_level.vhd:]
WARNING: [filemgmt 56-199] Attempt to get parsing info during refresh. "On-the-fly" syntax checking information may be incorrect. [C:\Users\andrej\Desktop\DE1 project\Digital_Scoreboard\Digital_Scoreboard.srcs\sources_1\new\top_level.vhd:]
ERROR: [Common 17-180] Spawn failed: No error
WARNING: [filemgmt 56-199] Attempt to get parsing info during refresh. "On-the-fly" syntax checking information may be incorrect. [C:\Users\andrej\Desktop\DE1 project\Digital_Scoreboard\Digital_Scoreboard.srcs\sources_1\new\anode_picker.vhd:]
WARNING: [filemgmt 56-199] Attempt to get parsing info during refresh. "On-the-fly" syntax checking information may be incorrect. [C:\Users\andrej\Desktop\DE1 project\Digital_Scoreboard\Digital_Scoreboard.srcs\sources_1\imports\new\bin2seg.vhd:]
WARNING: [filemgmt 56-199] Attempt to get parsing info during refresh. "On-the-fly" syntax checking information may be incorrect. [C:\Users\andrej\Desktop\DE1 project\Digital_Scoreboard\Digital_Scoreboard.srcs\sources_1\new\top_level.vhd:]
WARNING: [filemgmt 56-199] Attempt to get parsing info during refresh. "On-the-fly" syntax checking information may be incorrect. [C:\Users\andrej\Desktop\DE1 project\Digital_Scoreboard\Digital_Scoreboard.srcs\sources_1\new\scoreboard.vhd:]
WARNING: [filemgmt 56-199] Attempt to get parsing info during refresh. "On-the-fly" syntax checking information may be incorrect. [C:\Users\andrej\Desktop\DE1 project\Digital_Scoreboard\Digital_Scoreboard.srcs\sources_1\new\anode_picker.vhd:]
WARNING: [filemgmt 56-199] Attempt to get parsing info during refresh. "On-the-fly" syntax checking information may be incorrect. [C:\Users\andrej\Desktop\DE1 project\Digital_Scoreboard\Digital_Scoreboard.srcs\sources_1\new\anode_picker.vhd:]
WARNING: [filemgmt 56-199] Attempt to get parsing info during refresh. "On-the-fly" syntax checking information may be incorrect. [C:\Users\andrej\Desktop\DE1 project\Digital_Scoreboard\Digital_Scoreboard.srcs\sources_1\new\anode_picker.vhd:]
WARNING: [filemgmt 56-199] Attempt to get parsing info during refresh. "On-the-fly" syntax checking information may be incorrect. [C:\Users\andrej\Desktop\DE1 project\Digital_Scoreboard\Digital_Scoreboard.srcs\sources_1\imports\new\bin2seg.vhd:]
WARNING: [filemgmt 56-199] Attempt to get parsing info during refresh. "On-the-fly" syntax checking information may be incorrect. [C:\Users\andrej\Desktop\DE1 project\Digital_Scoreboard\Digital_Scoreboard.srcs\sources_1\new\top_level.vhd:]
WARNING: [filemgmt 56-199] Attempt to get parsing info during refresh. "On-the-fly" syntax checking information may be incorrect. [C:\Users\andrej\Desktop\DE1 project\Digital_Scoreboard\Digital_Scoreboard.srcs\sources_1\new\scoreboard.vhd:]
WARNING: [filemgmt 56-199] Attempt to get parsing info during refresh. "On-the-fly" syntax checking information may be incorrect. [C:\Users\andrej\Desktop\DE1 project\Digital_Scoreboard\Digital_Scoreboard.srcs\sources_1\new\scoreboard.vhd:]
WARNING: [filemgmt 56-199] Attempt to get parsing info during refresh. "On-the-fly" syntax checking information may be incorrect. [C:\Users\andrej\Desktop\DE1 project\Digital_Scoreboard\Digital_Scoreboard.srcs\sources_1\new\scoreboard.vhd:]
ERROR: [Common 17-180] Spawn failed: No error
ERROR: [Common 17-180] Spawn failed: No error
WARNING: [filemgmt 56-199] Attempt to get parsing info during refresh. "On-the-fly" syntax checking information may be incorrect. [C:\Users\andrej\Desktop\DE1 project\Digital_Scoreboard\Digital_Scoreboard.srcs\sources_1\new\anode_picker.vhd:]
WARNING: [filemgmt 56-199] Attempt to get parsing info during refresh. "On-the-fly" syntax checking information may be incorrect. [C:\Users\andrej\Desktop\DE1 project\Digital_Scoreboard\Digital_Scoreboard.srcs\sources_1\new\anode_picker.vhd:]
WARNING: [filemgmt 56-199] Attempt to get parsing info during refresh. "On-the-fly" syntax checking information may be incorrect. [C:\Users\andrej\Desktop\DE1 project\Digital_Scoreboard\Digital_Scoreboard.srcs\sources_1\imports\new\bin2seg.vhd:]
WARNING: [filemgmt 56-199] Attempt to get parsing info during refresh. "On-the-fly" syntax checking information may be incorrect. [C:\Users\andrej\Desktop\DE1 project\Digital_Scoreboard\Digital_Scoreboard.srcs\sources_1\new\top_level.vhd:]
WARNING: [filemgmt 56-199] Attempt to get parsing info during refresh. "On-the-fly" syntax checking information may be incorrect. [C:\Users\andrej\Desktop\DE1 project\Digital_Scoreboard\Digital_Scoreboard.srcs\sources_1\new\scoreboard.vhd:]
WARNING: [filemgmt 56-199] Attempt to get parsing info during refresh. "On-the-fly" syntax checking information may be incorrect. [C:\Users\andrej\Desktop\DE1 project\Digital_Scoreboard\Digital_Scoreboard.srcs\sources_1\new\anode_picker.vhd:]
WARNING: [filemgmt 56-199] Attempt to get parsing info during refresh. "On-the-fly" syntax checking information may be incorrect. [C:\Users\andrej\Desktop\DE1 project\Digital_Scoreboard\Digital_Scoreboard.srcs\sources_1\new\anode_picker.vhd:]
WARNING: [filemgmt 56-199] Attempt to get parsing info during refresh. "On-the-fly" syntax checking information may be incorrect. [C:\Users\andrej\Desktop\DE1 project\Digital_Scoreboard\Digital_Scoreboard.srcs\sources_1\new\anode_picker.vhd:]
WARNING: [filemgmt 56-199] Attempt to get parsing info during refresh. "On-the-fly" syntax checking information may be incorrect. [C:\Users\andrej\Desktop\DE1 project\Digital_Scoreboard\Digital_Scoreboard.srcs\sources_1\imports\new\bin2seg.vhd:]
WARNING: [filemgmt 56-199] Attempt to get parsing info during refresh. "On-the-fly" syntax checking information may be incorrect. [C:\Users\andrej\Desktop\DE1 project\Digital_Scoreboard\Digital_Scoreboard.srcs\sources_1\new\top_level.vhd:]
WARNING: [filemgmt 56-199] Attempt to get parsing info during refresh. "On-the-fly" syntax checking information may be incorrect. [C:\Users\andrej\Desktop\DE1 project\Digital_Scoreboard\Digital_Scoreboard.srcs\sources_1\new\scoreboard.vhd:]
WARNING: [filemgmt 56-199] Attempt to get parsing info during refresh. "On-the-fly" syntax checking information may be incorrect. [C:\Users\andrej\Desktop\DE1 project\Digital_Scoreboard\Digital_Scoreboard.srcs\sources_1\new\scoreboard.vhd:]
WARNING: [filemgmt 56-199] Attempt to get parsing info during refresh. "On-the-fly" syntax checking information may be incorrect. [C:\Users\andrej\Desktop\DE1 project\Digital_Scoreboard\Digital_Scoreboard.srcs\sources_1\new\scoreboard.vhd:]
ERROR: [Common 17-180] Spawn failed: No error
ERROR: [Common 17-180] Spawn failed: No error
WARNING: [filemgmt 56-199] Attempt to get parsing info during refresh. "On-the-fly" syntax checking information may be incorrect. [C:\Users\andrej\Desktop\DE1 project\Digital_Scoreboard\Digital_Scoreboard.srcs\sources_1\new\anode_picker.vhd:]
WARNING: [filemgmt 56-199] Attempt to get parsing info during refresh. "On-the-fly" syntax checking information may be incorrect. [C:\Users\andrej\Desktop\DE1 project\Digital_Scoreboard\Digital_Scoreboard.srcs\sources_1\imports\new\bin2seg.vhd:]
WARNING: [filemgmt 56-199] Attempt to get parsing info during refresh. "On-the-fly" syntax checking information may be incorrect. [C:\Users\andrej\Desktop\DE1 project\Digital_Scoreboard\Digital_Scoreboard.srcs\sources_1\new\top_level.vhd:]
WARNING: [filemgmt 56-199] Attempt to get parsing info during refresh. "On-the-fly" syntax checking information may be incorrect. [C:\Users\andrej\Desktop\DE1 project\Digital_Scoreboard\Digital_Scoreboard.srcs\sources_1\new\scoreboard.vhd:]
WARNING: [filemgmt 56-199] Attempt to get parsing info during refresh. "On-the-fly" syntax checking information may be incorrect. [C:\Users\andrej\Desktop\DE1 project\Digital_Scoreboard\Digital_Scoreboard.srcs\sources_1\new\top_level.vhd:]
WARNING: [filemgmt 56-199] Attempt to get parsing info during refresh. "On-the-fly" syntax checking information may be incorrect. [C:\Users\andrej\Desktop\DE1 project\Digital_Scoreboard\Digital_Scoreboard.srcs\sources_1\new\top_level.vhd:]
WARNING: [filemgmt 56-199] Attempt to get parsing info during refresh. "On-the-fly" syntax checking information may be incorrect. [C:\Users\andrej\Desktop\DE1 project\Digital_Scoreboard\Digital_Scoreboard.srcs\sources_1\new\anode_picker.vhd:]
WARNING: [filemgmt 56-199] Attempt to get parsing info during refresh. "On-the-fly" syntax checking information may be incorrect. [C:\Users\andrej\Desktop\DE1 project\Digital_Scoreboard\Digital_Scoreboard.srcs\sources_1\new\counter_sec.vhd:]
WARNING: [filemgmt 56-199] Attempt to get parsing info during refresh. "On-the-fly" syntax checking information may be incorrect. [C:\Users\andrej\Desktop\DE1 project\Digital_Scoreboard\Digital_Scoreboard.srcs\sources_1\imports\new\bin2seg.vhd:]
WARNING: [filemgmt 56-199] Attempt to get parsing info during refresh. "On-the-fly" syntax checking information may be incorrect. [C:\Users\andrej\Desktop\DE1 project\Digital_Scoreboard\Digital_Scoreboard.srcs\sources_1\new\top_level.vhd:]
WARNING: [filemgmt 56-199] Attempt to get parsing info during refresh. "On-the-fly" syntax checking information may be incorrect. [C:\Users\andrej\Desktop\DE1 project\Digital_Scoreboard\Digital_Scoreboard.srcs\sources_1\new\scoreboard.vhd:]
WARNING: [filemgmt 56-199] Attempt to get parsing info during refresh. "On-the-fly" syntax checking information may be incorrect. [C:\Users\andrej\Desktop\DE1 project\Digital_Scoreboard\Digital_Scoreboard.srcs\sources_1\new\anode_picker.vhd:]
WARNING: [filemgmt 56-199] Attempt to get parsing info during refresh. "On-the-fly" syntax checking information may be incorrect. [C:\Users\andrej\Desktop\DE1 project\Digital_Scoreboard\Digital_Scoreboard.srcs\sources_1\new\anode_picker.vhd:]
WARNING: [filemgmt 56-199] Attempt to get parsing info during refresh. "On-the-fly" syntax checking information may be incorrect. [C:\Users\andrej\Desktop\DE1 project\Digital_Scoreboard\Digital_Scoreboard.srcs\sources_1\new\anode_picker.vhd:]
WARNING: [filemgmt 56-199] Attempt to get parsing info during refresh. "On-the-fly" syntax checking information may be incorrect. [C:\Users\andrej\Desktop\DE1 project\Digital_Scoreboard\Digital_Scoreboard.srcs\sources_1\new\counter_sec.vhd:]
WARNING: [filemgmt 56-199] Attempt to get parsing info during refresh. "On-the-fly" syntax checking information may be incorrect. [C:\Users\andrej\Desktop\DE1 project\Digital_Scoreboard\Digital_Scoreboard.srcs\sources_1\imports\new\bin2seg.vhd:]
WARNING: [filemgmt 56-199] Attempt to get parsing info during refresh. "On-the-fly" syntax checking information may be incorrect. [C:\Users\andrej\Desktop\DE1 project\Digital_Scoreboard\Digital_Scoreboard.srcs\sources_1\new\top_level.vhd:]
WARNING: [filemgmt 56-199] Attempt to get parsing info during refresh. "On-the-fly" syntax checking information may be incorrect. [C:\Users\andrej\Desktop\DE1 project\Digital_Scoreboard\Digital_Scoreboard.srcs\sources_1\new\scoreboard.vhd:]
WARNING: [filemgmt 56-199] Attempt to get parsing info during refresh. "On-the-fly" syntax checking information may be incorrect. [C:\Users\andrej\Desktop\DE1 project\Digital_Scoreboard\Digital_Scoreboard.srcs\sources_1\new\scoreboard.vhd:]
WARNING: [filemgmt 56-199] Attempt to get parsing info during refresh. "On-the-fly" syntax checking information may be incorrect. [C:\Users\andrej\Desktop\DE1 project\Digital_Scoreboard\Digital_Scoreboard.srcs\sources_1\new\scoreboard.vhd:]
WARNING: [filemgmt 56-199] Attempt to get parsing info during refresh. "On-the-fly" syntax checking information may be incorrect. [C:\Users\andrej\Desktop\DE1 project\Digital_Scoreboard\Digital_Scoreboard.srcs\sources_1\new\anode_picker.vhd:]
WARNING: [filemgmt 56-199] Attempt to get parsing info during refresh. "On-the-fly" syntax checking information may be incorrect. [C:\Users\andrej\Desktop\DE1 project\Digital_Scoreboard\Digital_Scoreboard.srcs\sources_1\new\counter_sec.vhd:]
WARNING: [filemgmt 56-199] Attempt to get parsing info during refresh. "On-the-fly" syntax checking information may be incorrect. [C:\Users\andrej\Desktop\DE1 project\Digital_Scoreboard\Digital_Scoreboard.srcs\sources_1\imports\new\bin2seg.vhd:]
WARNING: [filemgmt 56-199] Attempt to get parsing info during refresh. "On-the-fly" syntax checking information may be incorrect. [C:\Users\andrej\Desktop\DE1 project\Digital_Scoreboard\Digital_Scoreboard.srcs\sources_1\new\anode_picker.vhd:]
WARNING: [filemgmt 56-199] Attempt to get parsing info during refresh. "On-the-fly" syntax checking information may be incorrect. [C:\Users\andrej\Desktop\DE1 project\Digital_Scoreboard\Digital_Scoreboard.srcs\sources_1\new\counter_sec.vhd:]
WARNING: [filemgmt 56-199] Attempt to get parsing info during refresh. "On-the-fly" syntax checking information may be incorrect. [C:\Users\andrej\Desktop\DE1 project\Digital_Scoreboard\Digital_Scoreboard.srcs\sources_1\imports\new\bin2seg.vhd:]
WARNING: [filemgmt 56-199] Attempt to get parsing info during refresh. "On-the-fly" syntax checking information may be incorrect. [C:\Users\andrej\Desktop\DE1 project\Digital_Scoreboard\Digital_Scoreboard.srcs\sources_1\new\top_level.vhd:]
WARNING: [filemgmt 56-199] Attempt to get parsing info during refresh. "On-the-fly" syntax checking information may be incorrect. [C:\Users\andrej\Desktop\DE1 project\Digital_Scoreboard\Digital_Scoreboard.srcs\sources_1\new\scoreboard.vhd:]
WARNING: [filemgmt 56-199] Attempt to get parsing info during refresh. "On-the-fly" syntax checking information may be incorrect. [C:\Users\andrej\Desktop\DE1 project\Digital_Scoreboard\Digital_Scoreboard.srcs\sources_1\new\anode_picker.vhd:]
WARNING: [filemgmt 56-199] Attempt to get parsing info during refresh. "On-the-fly" syntax checking information may be incorrect. [C:\Users\andrej\Desktop\DE1 project\Digital_Scoreboard\Digital_Scoreboard.srcs\sources_1\new\anode_picker.vhd:]
WARNING: [filemgmt 56-199] Attempt to get parsing info during refresh. "On-the-fly" syntax checking information may be incorrect. [C:\Users\andrej\Desktop\DE1 project\Digital_Scoreboard\Digital_Scoreboard.srcs\sources_1\new\anode_picker.vhd:]
WARNING: [filemgmt 56-199] Attempt to get parsing info during refresh. "On-the-fly" syntax checking information may be incorrect. [C:\Users\andrej\Desktop\DE1 project\Digital_Scoreboard\Digital_Scoreboard.srcs\sources_1\new\counter_sec.vhd:]
WARNING: [filemgmt 56-199] Attempt to get parsing info during refresh. "On-the-fly" syntax checking information may be incorrect. [C:\Users\andrej\Desktop\DE1 project\Digital_Scoreboard\Digital_Scoreboard.srcs\sources_1\imports\new\bin2seg.vhd:]
WARNING: [filemgmt 56-199] Attempt to get parsing info during refresh. "On-the-fly" syntax checking information may be incorrect. [C:\Users\andrej\Desktop\DE1 project\Digital_Scoreboard\Digital_Scoreboard.srcs\sources_1\new\top_level.vhd:]
WARNING: [filemgmt 56-199] Attempt to get parsing info during refresh. "On-the-fly" syntax checking information may be incorrect. [C:\Users\andrej\Desktop\DE1 project\Digital_Scoreboard\Digital_Scoreboard.srcs\sources_1\new\scoreboard.vhd:]
WARNING: [filemgmt 56-199] Attempt to get parsing info during refresh. "On-the-fly" syntax checking information may be incorrect. [C:\Users\andrej\Desktop\DE1 project\Digital_Scoreboard\Digital_Scoreboard.srcs\sources_1\new\scoreboard.vhd:]
WARNING: [filemgmt 56-199] Attempt to get parsing info during refresh. "On-the-fly" syntax checking information may be incorrect. [C:\Users\andrej\Desktop\DE1 project\Digital_Scoreboard\Digital_Scoreboard.srcs\sources_1\new\scoreboard.vhd:]
WARNING: [filemgmt 56-199] Attempt to get parsing info during refresh. "On-the-fly" syntax checking information may be incorrect. [C:\Users\andrej\Desktop\DE1 project\Digital_Scoreboard\Digital_Scoreboard.srcs\sources_1\new\anode_picker.vhd:]
WARNING: [filemgmt 56-199] Attempt to get parsing info during refresh. "On-the-fly" syntax checking information may be incorrect. [C:\Users\andrej\Desktop\DE1 project\Digital_Scoreboard\Digital_Scoreboard.srcs\sources_1\new\counter_sec.vhd:]
WARNING: [filemgmt 56-199] Attempt to get parsing info during refresh. "On-the-fly" syntax checking information may be incorrect. [C:\Users\andrej\Desktop\DE1 project\Digital_Scoreboard\Digital_Scoreboard.srcs\sources_1\imports\new\bin2seg.vhd:]
WARNING: [filemgmt 56-199] Attempt to get parsing info during refresh. "On-the-fly" syntax checking information may be incorrect. [C:\Users\andrej\Desktop\DE1 project\Digital_Scoreboard\Digital_Scoreboard.srcs\sources_1\new\top_level.vhd:]
WARNING: [filemgmt 56-199] Attempt to get parsing info during refresh. "On-the-fly" syntax checking information may be incorrect. [C:\Users\andrej\Desktop\DE1 project\Digital_Scoreboard\Digital_Scoreboard.srcs\sources_1\new\scoreboard.vhd:]
WARNING: [filemgmt 56-199] Attempt to get parsing info during refresh. "On-the-fly" syntax checking information may be incorrect. [C:\Users\andrej\Desktop\DE1 project\Digital_Scoreboard\Digital_Scoreboard.srcs\sources_1\imports\new\bin2seg.vhd:]
WARNING: [filemgmt 56-199] Attempt to get parsing info during refresh. "On-the-fly" syntax checking information may be incorrect. [C:\Users\andrej\Desktop\DE1 project\Digital_Scoreboard\Digital_Scoreboard.srcs\sources_1\imports\new\bin2seg.vhd:]
reset_run synth_1
launch_runs impl_1 -to_step write_bitstream -jobs 20
[Thu Apr 24 16:59:41 2025] Launched synth_1...
Run output will be captured here: C:/Users/andrej/Desktop/DE1 project/Digital_Scoreboard/Digital_Scoreboard.runs/synth_1/runme.log
[Thu Apr 24 16:59:41 2025] Launched impl_1...
Run output will be captured here: C:/Users/andrej/Desktop/DE1 project/Digital_Scoreboard/Digital_Scoreboard.runs/impl_1/runme.log
WARNING: [filemgmt 56-199] Attempt to get parsing info during refresh. "On-the-fly" syntax checking information may be incorrect. [C:\Users\andrej\Desktop\DE1 project\Digital_Scoreboard\Digital_Scoreboard.srcs\sources_1\new\anode_picker.vhd:]
WARNING: [filemgmt 56-199] Attempt to get parsing info during refresh. "On-the-fly" syntax checking information may be incorrect. [C:\Users\andrej\Desktop\DE1 project\Digital_Scoreboard\Digital_Scoreboard.srcs\sources_1\new\counter_sec.vhd:]
WARNING: [filemgmt 56-199] Attempt to get parsing info during refresh. "On-the-fly" syntax checking information may be incorrect. [C:\Users\andrej\Desktop\DE1 project\Digital_Scoreboard\Digital_Scoreboard.srcs\sources_1\imports\new\bin2seg.vhd:]
WARNING: [filemgmt 56-199] Attempt to get parsing info during refresh. "On-the-fly" syntax checking information may be incorrect. [C:\Users\andrej\Desktop\DE1 project\Digital_Scoreboard\Digital_Scoreboard.srcs\sources_1\new\top_level.vhd:]
WARNING: [filemgmt 56-199] Attempt to get parsing info during refresh. "On-the-fly" syntax checking information may be incorrect. [C:\Users\andrej\Desktop\DE1 project\Digital_Scoreboard\Digital_Scoreboard.srcs\sources_1\new\scoreboard.vhd:]
WARNING: [filemgmt 56-199] Attempt to get parsing info during refresh. "On-the-fly" syntax checking information may be incorrect. [C:\Users\andrej\Desktop\DE1 project\Digital_Scoreboard\Digital_Scoreboard.srcs\sources_1\new\anode_picker.vhd:]
WARNING: [filemgmt 56-199] Attempt to get parsing info during refresh. "On-the-fly" syntax checking information may be incorrect. [C:\Users\andrej\Desktop\DE1 project\Digital_Scoreboard\Digital_Scoreboard.srcs\sources_1\new\anode_picker.vhd:]
WARNING: [filemgmt 56-199] Attempt to get parsing info during refresh. "On-the-fly" syntax checking information may be incorrect. [C:\Users\andrej\Desktop\DE1 project\Digital_Scoreboard\Digital_Scoreboard.srcs\sources_1\new\anode_picker.vhd:]
WARNING: [filemgmt 56-199] Attempt to get parsing info during refresh. "On-the-fly" syntax checking information may be incorrect. [C:\Users\andrej\Desktop\DE1 project\Digital_Scoreboard\Digital_Scoreboard.srcs\sources_1\new\counter_sec.vhd:]
WARNING: [filemgmt 56-199] Attempt to get parsing info during refresh. "On-the-fly" syntax checking information may be incorrect. [C:\Users\andrej\Desktop\DE1 project\Digital_Scoreboard\Digital_Scoreboard.srcs\sources_1\imports\new\bin2seg.vhd:]
WARNING: [filemgmt 56-199] Attempt to get parsing info during refresh. "On-the-fly" syntax checking information may be incorrect. [C:\Users\andrej\Desktop\DE1 project\Digital_Scoreboard\Digital_Scoreboard.srcs\sources_1\new\top_level.vhd:]
WARNING: [filemgmt 56-199] Attempt to get parsing info during refresh. "On-the-fly" syntax checking information may be incorrect. [C:\Users\andrej\Desktop\DE1 project\Digital_Scoreboard\Digital_Scoreboard.srcs\sources_1\new\scoreboard.vhd:]
WARNING: [filemgmt 56-199] Attempt to get parsing info during refresh. "On-the-fly" syntax checking information may be incorrect. [C:\Users\andrej\Desktop\DE1 project\Digital_Scoreboard\Digital_Scoreboard.srcs\sources_1\new\top_level.vhd:]
WARNING: [filemgmt 56-199] Attempt to get parsing info during refresh. "On-the-fly" syntax checking information may be incorrect. [C:\Users\andrej\Desktop\DE1 project\Digital_Scoreboard\Digital_Scoreboard.srcs\sources_1\new\top_level.vhd:]
WARNING: [filemgmt 56-199] Attempt to get parsing info during refresh. "On-the-fly" syntax checking information may be incorrect. [C:\Users\andrej\Desktop\DE1 project\Digital_Scoreboard\Digital_Scoreboard.srcs\sources_1\new\anode_picker.vhd:]
WARNING: [filemgmt 56-199] Attempt to get parsing info during refresh. "On-the-fly" syntax checking information may be incorrect. [C:\Users\andrej\Desktop\DE1 project\Digital_Scoreboard\Digital_Scoreboard.srcs\sources_1\new\counter_sec.vhd:]
WARNING: [filemgmt 56-199] Attempt to get parsing info during refresh. "On-the-fly" syntax checking information may be incorrect. [C:\Users\andrej\Desktop\DE1 project\Digital_Scoreboard\Digital_Scoreboard.srcs\sources_1\imports\new\bin2seg.vhd:]
WARNING: [filemgmt 56-199] Attempt to get parsing info during refresh. "On-the-fly" syntax checking information may be incorrect. [C:\Users\andrej\Desktop\DE1 project\Digital_Scoreboard\Digital_Scoreboard.srcs\sources_1\new\top_level.vhd:]
WARNING: [filemgmt 56-199] Attempt to get parsing info during refresh. "On-the-fly" syntax checking information may be incorrect. [C:\Users\andrej\Desktop\DE1 project\Digital_Scoreboard\Digital_Scoreboard.srcs\sources_1\new\scoreboard.vhd:]
WARNING: [filemgmt 56-199] Attempt to get parsing info during refresh. "On-the-fly" syntax checking information may be incorrect. [C:\Users\andrej\Desktop\DE1 project\Digital_Scoreboard\Digital_Scoreboard.srcs\sources_1\imports\new\bin2seg.vhd:]
WARNING: [filemgmt 56-199] Attempt to get parsing info during refresh. "On-the-fly" syntax checking information may be incorrect. [C:\Users\andrej\Desktop\DE1 project\Digital_Scoreboard\Digital_Scoreboard.srcs\sources_1\imports\new\bin2seg.vhd:]
WARNING: [filemgmt 56-199] Attempt to get parsing info during refresh. "On-the-fly" syntax checking information may be incorrect. [C:\Users\andrej\Desktop\DE1 project\Digital_Scoreboard\Digital_Scoreboard.srcs\sources_1\new\anode_picker.vhd:]
WARNING: [filemgmt 56-199] Attempt to get parsing info during refresh. "On-the-fly" syntax checking information may be incorrect. [C:\Users\andrej\Desktop\DE1 project\Digital_Scoreboard\Digital_Scoreboard.srcs\sources_1\new\counter_sec.vhd:]
WARNING: [filemgmt 56-199] Attempt to get parsing info during refresh. "On-the-fly" syntax checking information may be incorrect. [C:\Users\andrej\Desktop\DE1 project\Digital_Scoreboard\Digital_Scoreboard.srcs\sources_1\imports\new\bin2seg.vhd:]
WARNING: [filemgmt 56-199] Attempt to get parsing info during refresh. "On-the-fly" syntax checking information may be incorrect. [C:\Users\andrej\Desktop\DE1 project\Digital_Scoreboard\Digital_Scoreboard.srcs\sources_1\new\top_level.vhd:]
WARNING: [filemgmt 56-199] Attempt to get parsing info during refresh. "On-the-fly" syntax checking information may be incorrect. [C:\Users\andrej\Desktop\DE1 project\Digital_Scoreboard\Digital_Scoreboard.srcs\sources_1\new\scoreboard.vhd:]
WARNING: [filemgmt 56-199] Attempt to get parsing info during refresh. "On-the-fly" syntax checking information may be incorrect. [C:\Users\andrej\Desktop\DE1 project\Digital_Scoreboard\Digital_Scoreboard.srcs\sources_1\new\scoreboard.vhd:]
WARNING: [filemgmt 56-199] Attempt to get parsing info during refresh. "On-the-fly" syntax checking information may be incorrect. [C:\Users\andrej\Desktop\DE1 project\Digital_Scoreboard\Digital_Scoreboard.srcs\sources_1\new\scoreboard.vhd:]
WARNING: [filemgmt 56-199] Attempt to get parsing info during refresh. "On-the-fly" syntax checking information may be incorrect. [C:\Users\andrej\Desktop\DE1 project\Digital_Scoreboard\Digital_Scoreboard.srcs\sources_1\new\anode_picker.vhd:]
WARNING: [filemgmt 56-199] Attempt to get parsing info during refresh. "On-the-fly" syntax checking information may be incorrect. [C:\Users\andrej\Desktop\DE1 project\Digital_Scoreboard\Digital_Scoreboard.srcs\sources_1\new\counter_sec.vhd:]
WARNING: [filemgmt 56-199] Attempt to get parsing info during refresh. "On-the-fly" syntax checking information may be incorrect. [C:\Users\andrej\Desktop\DE1 project\Digital_Scoreboard\Digital_Scoreboard.srcs\sources_1\imports\new\bin2seg.vhd:]
WARNING: [filemgmt 56-199] Attempt to get parsing info during refresh. "On-the-fly" syntax checking information may be incorrect. [C:\Users\andrej\Desktop\DE1 project\Digital_Scoreboard\Digital_Scoreboard.srcs\sources_1\new\top_level.vhd:]
WARNING: [filemgmt 56-199] Attempt to get parsing info during refresh. "On-the-fly" syntax checking information may be incorrect. [C:\Users\andrej\Desktop\DE1 project\Digital_Scoreboard\Digital_Scoreboard.srcs\sources_1\new\scoreboard.vhd:]
WARNING: [filemgmt 56-199] Attempt to get parsing info during refresh. "On-the-fly" syntax checking information may be incorrect. [C:\Users\andrej\Desktop\DE1 project\Digital_Scoreboard\Digital_Scoreboard.srcs\sources_1\new\anode_picker.vhd:]
WARNING: [filemgmt 56-199] Attempt to get parsing info during refresh. "On-the-fly" syntax checking information may be incorrect. [C:\Users\andrej\Desktop\DE1 project\Digital_Scoreboard\Digital_Scoreboard.srcs\sources_1\new\anode_picker.vhd:]
WARNING: [filemgmt 56-199] Attempt to get parsing info during refresh. "On-the-fly" syntax checking information may be incorrect. [C:\Users\andrej\Desktop\DE1 project\Digital_Scoreboard\Digital_Scoreboard.srcs\sources_1\new\anode_picker.vhd:]
WARNING: [filemgmt 56-199] Attempt to get parsing info during refresh. "On-the-fly" syntax checking information may be incorrect. [C:\Users\andrej\Desktop\DE1 project\Digital_Scoreboard\Digital_Scoreboard.srcs\sources_1\new\counter_sec.vhd:]
WARNING: [filemgmt 56-199] Attempt to get parsing info during refresh. "On-the-fly" syntax checking information may be incorrect. [C:\Users\andrej\Desktop\DE1 project\Digital_Scoreboard\Digital_Scoreboard.srcs\sources_1\imports\new\bin2seg.vhd:]
WARNING: [filemgmt 56-199] Attempt to get parsing info during refresh. "On-the-fly" syntax checking information may be incorrect. [C:\Users\andrej\Desktop\DE1 project\Digital_Scoreboard\Digital_Scoreboard.srcs\sources_1\new\top_level.vhd:]
WARNING: [filemgmt 56-199] Attempt to get parsing info during refresh. "On-the-fly" syntax checking information may be incorrect. [C:\Users\andrej\Desktop\DE1 project\Digital_Scoreboard\Digital_Scoreboard.srcs\sources_1\new\scoreboard.vhd:]
WARNING: [filemgmt 56-199] Attempt to get parsing info during refresh. "On-the-fly" syntax checking information may be incorrect. [C:\Users\andrej\Desktop\DE1 project\Digital_Scoreboard\Digital_Scoreboard.srcs\sources_1\new\scoreboard.vhd:]
WARNING: [filemgmt 56-199] Attempt to get parsing info during refresh. "On-the-fly" syntax checking information may be incorrect. [C:\Users\andrej\Desktop\DE1 project\Digital_Scoreboard\Digital_Scoreboard.srcs\sources_1\new\scoreboard.vhd:]
ERROR: [Common 17-180] Spawn failed: No error
WARNING: [filemgmt 56-199] Attempt to get parsing info during refresh. "On-the-fly" syntax checking information may be incorrect. [C:\Users\andrej\Desktop\DE1 project\Digital_Scoreboard\Digital_Scoreboard.srcs\sources_1\new\anode_picker.vhd:]
WARNING: [filemgmt 56-199] Attempt to get parsing info during refresh. "On-the-fly" syntax checking information may be incorrect. [C:\Users\andrej\Desktop\DE1 project\Digital_Scoreboard\Digital_Scoreboard.srcs\sources_1\new\counter_sec.vhd:]
WARNING: [filemgmt 56-199] Attempt to get parsing info during refresh. "On-the-fly" syntax checking information may be incorrect. [C:\Users\andrej\Desktop\DE1 project\Digital_Scoreboard\Digital_Scoreboard.srcs\sources_1\imports\new\bin2seg.vhd:]
WARNING: [filemgmt 56-199] Attempt to get parsing info during refresh. "On-the-fly" syntax checking information may be incorrect. [C:\Users\andrej\Desktop\DE1 project\Digital_Scoreboard\Digital_Scoreboard.srcs\sources_1\new\top_level.vhd:]
WARNING: [filemgmt 56-199] Attempt to get parsing info during refresh. "On-the-fly" syntax checking information may be incorrect. [C:\Users\andrej\Desktop\DE1 project\Digital_Scoreboard\Digital_Scoreboard.srcs\sources_1\new\scoreboard.vhd:]
WARNING: [filemgmt 56-199] Attempt to get parsing info during refresh. "On-the-fly" syntax checking information may be incorrect. [C:\Users\andrej\Desktop\DE1 project\Digital_Scoreboard\Digital_Scoreboard.srcs\sources_1\new\top_level.vhd:]
WARNING: [filemgmt 56-199] Attempt to get parsing info during refresh. "On-the-fly" syntax checking information may be incorrect. [C:\Users\andrej\Desktop\DE1 project\Digital_Scoreboard\Digital_Scoreboard.srcs\sources_1\new\top_level.vhd:]
ERROR: [Common 17-180] Spawn failed: No error
WARNING: [filemgmt 56-199] Attempt to get parsing info during refresh. "On-the-fly" syntax checking information may be incorrect. [C:\Users\andrej\Desktop\DE1 project\Digital_Scoreboard\Digital_Scoreboard.srcs\sources_1\new\anode_picker.vhd:]
WARNING: [filemgmt 56-199] Attempt to get parsing info during refresh. "On-the-fly" syntax checking information may be incorrect. [C:\Users\andrej\Desktop\DE1 project\Digital_Scoreboard\Digital_Scoreboard.srcs\sources_1\new\counter_sec.vhd:]
WARNING: [filemgmt 56-199] Attempt to get parsing info during refresh. "On-the-fly" syntax checking information may be incorrect. [C:\Users\andrej\Desktop\DE1 project\Digital_Scoreboard\Digital_Scoreboard.srcs\sources_1\imports\new\bin2seg.vhd:]
WARNING: [filemgmt 56-199] Attempt to get parsing info during refresh. "On-the-fly" syntax checking information may be incorrect. [C:\Users\andrej\Desktop\DE1 project\Digital_Scoreboard\Digital_Scoreboard.srcs\sources_1\new\top_level.vhd:]
WARNING: [filemgmt 56-199] Attempt to get parsing info during refresh. "On-the-fly" syntax checking information may be incorrect. [C:\Users\andrej\Desktop\DE1 project\Digital_Scoreboard\Digital_Scoreboard.srcs\sources_1\new\scoreboard.vhd:]
WARNING: [filemgmt 56-199] Attempt to get parsing info during refresh. "On-the-fly" syntax checking information may be incorrect. [C:\Users\andrej\Desktop\DE1 project\Digital_Scoreboard\Digital_Scoreboard.srcs\sources_1\imports\new\bin2seg.vhd:]
WARNING: [filemgmt 56-199] Attempt to get parsing info during refresh. "On-the-fly" syntax checking information may be incorrect. [C:\Users\andrej\Desktop\DE1 project\Digital_Scoreboard\Digital_Scoreboard.srcs\sources_1\imports\new\bin2seg.vhd:]
ERROR: [Common 17-180] Spawn failed: No error
WARNING: [filemgmt 56-199] Attempt to get parsing info during refresh. "On-the-fly" syntax checking information may be incorrect. [C:\Users\andrej\Desktop\DE1 project\Digital_Scoreboard\Digital_Scoreboard.srcs\sources_1\new\anode_picker.vhd:]
WARNING: [filemgmt 56-199] Attempt to get parsing info during refresh. "On-the-fly" syntax checking information may be incorrect. [C:\Users\andrej\Desktop\DE1 project\Digital_Scoreboard\Digital_Scoreboard.srcs\sources_1\new\counter_sec.vhd:]
WARNING: [filemgmt 56-199] Attempt to get parsing info during refresh. "On-the-fly" syntax checking information may be incorrect. [C:\Users\andrej\Desktop\DE1 project\Digital_Scoreboard\Digital_Scoreboard.srcs\sources_1\imports\new\bin2seg.vhd:]
WARNING: [filemgmt 56-199] Attempt to get parsing info during refresh. "On-the-fly" syntax checking information may be incorrect. [C:\Users\andrej\Desktop\DE1 project\Digital_Scoreboard\Digital_Scoreboard.srcs\sources_1\new\top_level.vhd:]
WARNING: [filemgmt 56-199] Attempt to get parsing info during refresh. "On-the-fly" syntax checking information may be incorrect. [C:\Users\andrej\Desktop\DE1 project\Digital_Scoreboard\Digital_Scoreboard.srcs\sources_1\new\scoreboard.vhd:]
WARNING: [filemgmt 56-199] Attempt to get parsing info during refresh. "On-the-fly" syntax checking information may be incorrect. [C:\Users\andrej\Desktop\DE1 project\Digital_Scoreboard\Digital_Scoreboard.srcs\sources_1\new\anode_picker.vhd:]
WARNING: [filemgmt 56-199] Attempt to get parsing info during refresh. "On-the-fly" syntax checking information may be incorrect. [C:\Users\andrej\Desktop\DE1 project\Digital_Scoreboard\Digital_Scoreboard.srcs\sources_1\new\anode_picker.vhd:]
WARNING: [filemgmt 56-199] Attempt to get parsing info during refresh. "On-the-fly" syntax checking information may be incorrect. [C:\Users\andrej\Desktop\DE1 project\Digital_Scoreboard\Digital_Scoreboard.srcs\sources_1\new\anode_picker.vhd:]
WARNING: [filemgmt 56-199] Attempt to get parsing info during refresh. "On-the-fly" syntax checking information may be incorrect. [C:\Users\andrej\Desktop\DE1 project\Digital_Scoreboard\Digital_Scoreboard.srcs\sources_1\new\counter_sec.vhd:]
WARNING: [filemgmt 56-199] Attempt to get parsing info during refresh. "On-the-fly" syntax checking information may be incorrect. [C:\Users\andrej\Desktop\DE1 project\Digital_Scoreboard\Digital_Scoreboard.srcs\sources_1\imports\new\bin2seg.vhd:]
WARNING: [filemgmt 56-199] Attempt to get parsing info during refresh. "On-the-fly" syntax checking information may be incorrect. [C:\Users\andrej\Desktop\DE1 project\Digital_Scoreboard\Digital_Scoreboard.srcs\sources_1\new\top_level.vhd:]
WARNING: [filemgmt 56-199] Attempt to get parsing info during refresh. "On-the-fly" syntax checking information may be incorrect. [C:\Users\andrej\Desktop\DE1 project\Digital_Scoreboard\Digital_Scoreboard.srcs\sources_1\new\scoreboard.vhd:]
WARNING: [filemgmt 56-199] Attempt to get parsing info during refresh. "On-the-fly" syntax checking information may be incorrect. [C:\Users\andrej\Desktop\DE1 project\Digital_Scoreboard\Digital_Scoreboard.srcs\sources_1\new\scoreboard.vhd:]
WARNING: [filemgmt 56-199] Attempt to get parsing info during refresh. "On-the-fly" syntax checking information may be incorrect. [C:\Users\andrej\Desktop\DE1 project\Digital_Scoreboard\Digital_Scoreboard.srcs\sources_1\new\scoreboard.vhd:]
WARNING: [filemgmt 56-199] Attempt to get parsing info during refresh. "On-the-fly" syntax checking information may be incorrect. [C:\Users\andrej\Desktop\DE1 project\Digital_Scoreboard\Digital_Scoreboard.srcs\sources_1\new\anode_picker.vhd:]
WARNING: [filemgmt 56-199] Attempt to get parsing info during refresh. "On-the-fly" syntax checking information may be incorrect. [C:\Users\andrej\Desktop\DE1 project\Digital_Scoreboard\Digital_Scoreboard.srcs\sources_1\new\counter_sec.vhd:]
WARNING: [filemgmt 56-199] Attempt to get parsing info during refresh. "On-the-fly" syntax checking information may be incorrect. [C:\Users\andrej\Desktop\DE1 project\Digital_Scoreboard\Digital_Scoreboard.srcs\sources_1\imports\new\bin2seg.vhd:]
WARNING: [filemgmt 56-199] Attempt to get parsing info during refresh. "On-the-fly" syntax checking information may be incorrect. [C:\Users\andrej\Desktop\DE1 project\Digital_Scoreboard\Digital_Scoreboard.srcs\sources_1\new\top_level.vhd:]
WARNING: [filemgmt 56-199] Attempt to get parsing info during refresh. "On-the-fly" syntax checking information may be incorrect. [C:\Users\andrej\Desktop\DE1 project\Digital_Scoreboard\Digital_Scoreboard.srcs\sources_1\new\scoreboard.vhd:]
WARNING: [filemgmt 56-199] Attempt to get parsing info during refresh. "On-the-fly" syntax checking information may be incorrect. [C:\Users\andrej\Desktop\DE1 project\Digital_Scoreboard\Digital_Scoreboard.srcs\sources_1\new\counter_sec.vhd:]
WARNING: [filemgmt 56-199] Attempt to get parsing info during refresh. "On-the-fly" syntax checking information may be incorrect. [C:\Users\andrej\Desktop\DE1 project\Digital_Scoreboard\Digital_Scoreboard.srcs\sources_1\new\counter_sec.vhd:]
ERROR: [Common 17-180] Spawn failed: No error
WARNING: [filemgmt 56-199] Attempt to get parsing info during refresh. "On-the-fly" syntax checking information may be incorrect. [C:\Users\andrej\Desktop\DE1 project\Digital_Scoreboard\Digital_Scoreboard.srcs\sources_1\new\anode_picker.vhd:]
WARNING: [filemgmt 56-199] Attempt to get parsing info during refresh. "On-the-fly" syntax checking information may be incorrect. [C:\Users\andrej\Desktop\DE1 project\Digital_Scoreboard\Digital_Scoreboard.srcs\sources_1\new\counter_sec.vhd:]
WARNING: [filemgmt 56-199] Attempt to get parsing info during refresh. "On-the-fly" syntax checking information may be incorrect. [C:\Users\andrej\Desktop\DE1 project\Digital_Scoreboard\Digital_Scoreboard.srcs\sources_1\imports\new\bin2seg.vhd:]
WARNING: [filemgmt 56-199] Attempt to get parsing info during refresh. "On-the-fly" syntax checking information may be incorrect. [C:\Users\andrej\Desktop\DE1 project\Digital_Scoreboard\Digital_Scoreboard.srcs\sources_1\new\top_level.vhd:]
WARNING: [filemgmt 56-199] Attempt to get parsing info during refresh. "On-the-fly" syntax checking information may be incorrect. [C:\Users\andrej\Desktop\DE1 project\Digital_Scoreboard\Digital_Scoreboard.srcs\sources_1\new\scoreboard.vhd:]
WARNING: [filemgmt 56-199] Attempt to get parsing info during refresh. "On-the-fly" syntax checking information may be incorrect. [C:\Users\andrej\Desktop\DE1 project\Digital_Scoreboard\Digital_Scoreboard.srcs\sources_1\new\top_level.vhd:]
WARNING: [filemgmt 56-199] Attempt to get parsing info during refresh. "On-the-fly" syntax checking information may be incorrect. [C:\Users\andrej\Desktop\DE1 project\Digital_Scoreboard\Digital_Scoreboard.srcs\sources_1\new\top_level.vhd:]
ERROR: [Common 17-180] Spawn failed: No error
WARNING: [filemgmt 56-199] Attempt to get parsing info during refresh. "On-the-fly" syntax checking information may be incorrect. [C:\Users\andrej\Desktop\DE1 project\Digital_Scoreboard\Digital_Scoreboard.srcs\sources_1\new\anode_picker.vhd:]
WARNING: [filemgmt 56-199] Attempt to get parsing info during refresh. "On-the-fly" syntax checking information may be incorrect. [C:\Users\andrej\Desktop\DE1 project\Digital_Scoreboard\Digital_Scoreboard.srcs\sources_1\new\counter_sec.vhd:]
WARNING: [filemgmt 56-199] Attempt to get parsing info during refresh. "On-the-fly" syntax checking information may be incorrect. [C:\Users\andrej\Desktop\DE1 project\Digital_Scoreboard\Digital_Scoreboard.srcs\sources_1\imports\new\bin2seg.vhd:]
WARNING: [filemgmt 56-199] Attempt to get parsing info during refresh. "On-the-fly" syntax checking information may be incorrect. [C:\Users\andrej\Desktop\DE1 project\Digital_Scoreboard\Digital_Scoreboard.srcs\sources_1\new\top_level.vhd:]
WARNING: [filemgmt 56-199] Attempt to get parsing info during refresh. "On-the-fly" syntax checking information may be incorrect. [C:\Users\andrej\Desktop\DE1 project\Digital_Scoreboard\Digital_Scoreboard.srcs\sources_1\new\scoreboard.vhd:]
WARNING: [filemgmt 56-199] Attempt to get parsing info during refresh. "On-the-fly" syntax checking information may be incorrect. [C:\Users\andrej\Desktop\DE1 project\Digital_Scoreboard\Digital_Scoreboard.srcs\sources_1\new\anode_picker.vhd:]
WARNING: [filemgmt 56-199] Attempt to get parsing info during refresh. "On-the-fly" syntax checking information may be incorrect. [C:\Users\andrej\Desktop\DE1 project\Digital_Scoreboard\Digital_Scoreboard.srcs\sources_1\new\anode_picker.vhd:]
WARNING: [filemgmt 56-199] Attempt to get parsing info during refresh. "On-the-fly" syntax checking information may be incorrect. [C:\Users\andrej\Desktop\DE1 project\Digital_Scoreboard\Digital_Scoreboard.srcs\sources_1\new\anode_picker.vhd:]
WARNING: [filemgmt 56-199] Attempt to get parsing info during refresh. "On-the-fly" syntax checking information may be incorrect. [C:\Users\andrej\Desktop\DE1 project\Digital_Scoreboard\Digital_Scoreboard.srcs\sources_1\new\counter_sec.vhd:]
WARNING: [filemgmt 56-199] Attempt to get parsing info during refresh. "On-the-fly" syntax checking information may be incorrect. [C:\Users\andrej\Desktop\DE1 project\Digital_Scoreboard\Digital_Scoreboard.srcs\sources_1\imports\new\bin2seg.vhd:]
WARNING: [filemgmt 56-199] Attempt to get parsing info during refresh. "On-the-fly" syntax checking information may be incorrect. [C:\Users\andrej\Desktop\DE1 project\Digital_Scoreboard\Digital_Scoreboard.srcs\sources_1\new\top_level.vhd:]
WARNING: [filemgmt 56-199] Attempt to get parsing info during refresh. "On-the-fly" syntax checking information may be incorrect. [C:\Users\andrej\Desktop\DE1 project\Digital_Scoreboard\Digital_Scoreboard.srcs\sources_1\new\scoreboard.vhd:]
WARNING: [filemgmt 56-199] Attempt to get parsing info during refresh. "On-the-fly" syntax checking information may be incorrect. [C:\Users\andrej\Desktop\DE1 project\Digital_Scoreboard\Digital_Scoreboard.srcs\sources_1\new\counter_sec.vhd:]
WARNING: [filemgmt 56-199] Attempt to get parsing info during refresh. "On-the-fly" syntax checking information may be incorrect. [C:\Users\andrej\Desktop\DE1 project\Digital_Scoreboard\Digital_Scoreboard.srcs\sources_1\new\counter_sec.vhd:]
WARNING: [filemgmt 56-199] Attempt to get parsing info during refresh. "On-the-fly" syntax checking information may be incorrect. [C:\Users\andrej\Desktop\DE1 project\Digital_Scoreboard\Digital_Scoreboard.srcs\sources_1\new\anode_picker.vhd:]
WARNING: [filemgmt 56-199] Attempt to get parsing info during refresh. "On-the-fly" syntax checking information may be incorrect. [C:\Users\andrej\Desktop\DE1 project\Digital_Scoreboard\Digital_Scoreboard.srcs\sources_1\new\counter_sec.vhd:]
WARNING: [filemgmt 56-199] Attempt to get parsing info during refresh. "On-the-fly" syntax checking information may be incorrect. [C:\Users\andrej\Desktop\DE1 project\Digital_Scoreboard\Digital_Scoreboard.srcs\sources_1\imports\new\bin2seg.vhd:]
WARNING: [filemgmt 56-199] Attempt to get parsing info during refresh. "On-the-fly" syntax checking information may be incorrect. [C:\Users\andrej\Desktop\DE1 project\Digital_Scoreboard\Digital_Scoreboard.srcs\sources_1\new\top_level.vhd:]
WARNING: [filemgmt 56-199] Attempt to get parsing info during refresh. "On-the-fly" syntax checking information may be incorrect. [C:\Users\andrej\Desktop\DE1 project\Digital_Scoreboard\Digital_Scoreboard.srcs\sources_1\new\scoreboard.vhd:]
WARNING: [filemgmt 56-199] Attempt to get parsing info during refresh. "On-the-fly" syntax checking information may be incorrect. [C:\Users\andrej\Desktop\DE1 project\Digital_Scoreboard\Digital_Scoreboard.srcs\sources_1\new\top_level.vhd:]
WARNING: [filemgmt 56-199] Attempt to get parsing info during refresh. "On-the-fly" syntax checking information may be incorrect. [C:\Users\andrej\Desktop\DE1 project\Digital_Scoreboard\Digital_Scoreboard.srcs\sources_1\new\top_level.vhd:]
WARNING: [filemgmt 56-199] Attempt to get parsing info during refresh. "On-the-fly" syntax checking information may be incorrect. [C:\Users\andrej\Desktop\DE1 project\Digital_Scoreboard\Digital_Scoreboard.srcs\sources_1\new\anode_picker.vhd:]
WARNING: [filemgmt 56-199] Attempt to get parsing info during refresh. "On-the-fly" syntax checking information may be incorrect. [C:\Users\andrej\Desktop\DE1 project\Digital_Scoreboard\Digital_Scoreboard.srcs\sources_1\new\counter_sec.vhd:]
WARNING: [filemgmt 56-199] Attempt to get parsing info during refresh. "On-the-fly" syntax checking information may be incorrect. [C:\Users\andrej\Desktop\DE1 project\Digital_Scoreboard\Digital_Scoreboard.srcs\sources_1\imports\new\bin2seg.vhd:]
WARNING: [filemgmt 56-199] Attempt to get parsing info during refresh. "On-the-fly" syntax checking information may be incorrect. [C:\Users\andrej\Desktop\DE1 project\Digital_Scoreboard\Digital_Scoreboard.srcs\sources_1\new\top_level.vhd:]
WARNING: [filemgmt 56-199] Attempt to get parsing info during refresh. "On-the-fly" syntax checking information may be incorrect. [C:\Users\andrej\Desktop\DE1 project\Digital_Scoreboard\Digital_Scoreboard.srcs\sources_1\new\scoreboard.vhd:]
WARNING: [filemgmt 56-199] Attempt to get parsing info during refresh. "On-the-fly" syntax checking information may be incorrect. [C:\Users\andrej\Desktop\DE1 project\Digital_Scoreboard\Digital_Scoreboard.srcs\sources_1\new\scoreboard.vhd:]
WARNING: [filemgmt 56-199] Attempt to get parsing info during refresh. "On-the-fly" syntax checking information may be incorrect. [C:\Users\andrej\Desktop\DE1 project\Digital_Scoreboard\Digital_Scoreboard.srcs\sources_1\new\scoreboard.vhd:]
WARNING: [filemgmt 56-199] Attempt to get parsing info during refresh. "On-the-fly" syntax checking information may be incorrect. [C:\Users\andrej\Desktop\DE1 project\Digital_Scoreboard\Digital_Scoreboard.srcs\sources_1\new\anode_picker.vhd:]
WARNING: [filemgmt 56-199] Attempt to get parsing info during refresh. "On-the-fly" syntax checking information may be incorrect. [C:\Users\andrej\Desktop\DE1 project\Digital_Scoreboard\Digital_Scoreboard.srcs\sources_1\new\counter_sec.vhd:]
WARNING: [filemgmt 56-199] Attempt to get parsing info during refresh. "On-the-fly" syntax checking information may be incorrect. [C:\Users\andrej\Desktop\DE1 project\Digital_Scoreboard\Digital_Scoreboard.srcs\sources_1\imports\new\bin2seg.vhd:]
WARNING: [filemgmt 56-199] Attempt to get parsing info during refresh. "On-the-fly" syntax checking information may be incorrect. [C:\Users\andrej\Desktop\DE1 project\Digital_Scoreboard\Digital_Scoreboard.srcs\sources_1\new\top_level.vhd:]
WARNING: [filemgmt 56-199] Attempt to get parsing info during refresh. "On-the-fly" syntax checking information may be incorrect. [C:\Users\andrej\Desktop\DE1 project\Digital_Scoreboard\Digital_Scoreboard.srcs\sources_1\new\scoreboard.vhd:]
WARNING: [filemgmt 56-199] Attempt to get parsing info during refresh. "On-the-fly" syntax checking information may be incorrect. [C:\Users\andrej\Desktop\DE1 project\Digital_Scoreboard\Digital_Scoreboard.srcs\sources_1\new\top_level.vhd:]
WARNING: [filemgmt 56-199] Attempt to get parsing info during refresh. "On-the-fly" syntax checking information may be incorrect. [C:\Users\andrej\Desktop\DE1 project\Digital_Scoreboard\Digital_Scoreboard.srcs\sources_1\new\top_level.vhd:]
WARNING: [filemgmt 56-199] Attempt to get parsing info during refresh. "On-the-fly" syntax checking information may be incorrect. [C:\Users\andrej\Desktop\DE1 project\Digital_Scoreboard\Digital_Scoreboard.srcs\sources_1\new\anode_picker.vhd:]
WARNING: [filemgmt 56-199] Attempt to get parsing info during refresh. "On-the-fly" syntax checking information may be incorrect. [C:\Users\andrej\Desktop\DE1 project\Digital_Scoreboard\Digital_Scoreboard.srcs\sources_1\new\counter_sec.vhd:]
WARNING: [filemgmt 56-199] Attempt to get parsing info during refresh. "On-the-fly" syntax checking information may be incorrect. [C:\Users\andrej\Desktop\DE1 project\Digital_Scoreboard\Digital_Scoreboard.srcs\sources_1\imports\new\bin2seg.vhd:]
WARNING: [filemgmt 56-199] Attempt to get parsing info during refresh. "On-the-fly" syntax checking information may be incorrect. [C:\Users\andrej\Desktop\DE1 project\Digital_Scoreboard\Digital_Scoreboard.srcs\sources_1\new\top_level.vhd:]
WARNING: [filemgmt 56-199] Attempt to get parsing info during refresh. "On-the-fly" syntax checking information may be incorrect. [C:\Users\andrej\Desktop\DE1 project\Digital_Scoreboard\Digital_Scoreboard.srcs\sources_1\new\scoreboard.vhd:]
WARNING: [filemgmt 56-199] Attempt to get parsing info during refresh. "On-the-fly" syntax checking information may be incorrect. [C:\Users\andrej\Desktop\DE1 project\Digital_Scoreboard\Digital_Scoreboard.srcs\sources_1\imports\new\bin2seg.vhd:]
WARNING: [filemgmt 56-199] Attempt to get parsing info during refresh. "On-the-fly" syntax checking information may be incorrect. [C:\Users\andrej\Desktop\DE1 project\Digital_Scoreboard\Digital_Scoreboard.srcs\sources_1\imports\new\bin2seg.vhd:]
WARNING: [filemgmt 56-199] Attempt to get parsing info during refresh. "On-the-fly" syntax checking information may be incorrect. [C:\Users\andrej\Desktop\DE1 project\Digital_Scoreboard\Digital_Scoreboard.srcs\sources_1\new\anode_picker.vhd:]
WARNING: [filemgmt 56-199] Attempt to get parsing info during refresh. "On-the-fly" syntax checking information may be incorrect. [C:\Users\andrej\Desktop\DE1 project\Digital_Scoreboard\Digital_Scoreboard.srcs\sources_1\new\counter_sec.vhd:]
WARNING: [filemgmt 56-199] Attempt to get parsing info during refresh. "On-the-fly" syntax checking information may be incorrect. [C:\Users\andrej\Desktop\DE1 project\Digital_Scoreboard\Digital_Scoreboard.srcs\sources_1\imports\new\bin2seg.vhd:]
WARNING: [filemgmt 56-199] Attempt to get parsing info during refresh. "On-the-fly" syntax checking information may be incorrect. [C:\Users\andrej\Desktop\DE1 project\Digital_Scoreboard\Digital_Scoreboard.srcs\sources_1\new\top_level.vhd:]
WARNING: [filemgmt 56-199] Attempt to get parsing info during refresh. "On-the-fly" syntax checking information may be incorrect. [C:\Users\andrej\Desktop\DE1 project\Digital_Scoreboard\Digital_Scoreboard.srcs\sources_1\new\scoreboard.vhd:]
WARNING: [filemgmt 56-199] Attempt to get parsing info during refresh. "On-the-fly" syntax checking information may be incorrect. [C:\Users\andrej\Desktop\DE1 project\Digital_Scoreboard\Digital_Scoreboard.srcs\sources_1\new\scoreboard.vhd:]
WARNING: [filemgmt 56-199] Attempt to get parsing info during refresh. "On-the-fly" syntax checking information may be incorrect. [C:\Users\andrej\Desktop\DE1 project\Digital_Scoreboard\Digital_Scoreboard.srcs\sources_1\new\scoreboard.vhd:]
WARNING: [filemgmt 56-199] Attempt to get parsing info during refresh. "On-the-fly" syntax checking information may be incorrect. [C:\Users\andrej\Desktop\DE1 project\Digital_Scoreboard\Digital_Scoreboard.srcs\sources_1\new\anode_picker.vhd:]
WARNING: [filemgmt 56-199] Attempt to get parsing info during refresh. "On-the-fly" syntax checking information may be incorrect. [C:\Users\andrej\Desktop\DE1 project\Digital_Scoreboard\Digital_Scoreboard.srcs\sources_1\new\counter_sec.vhd:]
WARNING: [filemgmt 56-199] Attempt to get parsing info during refresh. "On-the-fly" syntax checking information may be incorrect. [C:\Users\andrej\Desktop\DE1 project\Digital_Scoreboard\Digital_Scoreboard.srcs\sources_1\imports\new\bin2seg.vhd:]
WARNING: [filemgmt 56-199] Attempt to get parsing info during refresh. "On-the-fly" syntax checking information may be incorrect. [C:\Users\andrej\Desktop\DE1 project\Digital_Scoreboard\Digital_Scoreboard.srcs\sources_1\new\top_level.vhd:]
WARNING: [filemgmt 56-199] Attempt to get parsing info during refresh. "On-the-fly" syntax checking information may be incorrect. [C:\Users\andrej\Desktop\DE1 project\Digital_Scoreboard\Digital_Scoreboard.srcs\sources_1\new\scoreboard.vhd:]
WARNING: [filemgmt 56-199] Attempt to get parsing info during refresh. "On-the-fly" syntax checking information may be incorrect. [C:\Users\andrej\Desktop\DE1 project\Digital_Scoreboard\Digital_Scoreboard.srcs\sources_1\new\anode_picker.vhd:]
WARNING: [filemgmt 56-199] Attempt to get parsing info during refresh. "On-the-fly" syntax checking information may be incorrect. [C:\Users\andrej\Desktop\DE1 project\Digital_Scoreboard\Digital_Scoreboard.srcs\sources_1\new\anode_picker.vhd:]
WARNING: [filemgmt 56-199] Attempt to get parsing info during refresh. "On-the-fly" syntax checking information may be incorrect. [C:\Users\andrej\Desktop\DE1 project\Digital_Scoreboard\Digital_Scoreboard.srcs\sources_1\new\anode_picker.vhd:]
WARNING: [filemgmt 56-199] Attempt to get parsing info during refresh. "On-the-fly" syntax checking information may be incorrect. [C:\Users\andrej\Desktop\DE1 project\Digital_Scoreboard\Digital_Scoreboard.srcs\sources_1\new\counter_sec.vhd:]
WARNING: [filemgmt 56-199] Attempt to get parsing info during refresh. "On-the-fly" syntax checking information may be incorrect. [C:\Users\andrej\Desktop\DE1 project\Digital_Scoreboard\Digital_Scoreboard.srcs\sources_1\imports\new\bin2seg.vhd:]
WARNING: [filemgmt 56-199] Attempt to get parsing info during refresh. "On-the-fly" syntax checking information may be incorrect. [C:\Users\andrej\Desktop\DE1 project\Digital_Scoreboard\Digital_Scoreboard.srcs\sources_1\new\top_level.vhd:]
WARNING: [filemgmt 56-199] Attempt to get parsing info during refresh. "On-the-fly" syntax checking information may be incorrect. [C:\Users\andrej\Desktop\DE1 project\Digital_Scoreboard\Digital_Scoreboard.srcs\sources_1\new\scoreboard.vhd:]
WARNING: [filemgmt 56-199] Attempt to get parsing info during refresh. "On-the-fly" syntax checking information may be incorrect. [C:\Users\andrej\Desktop\DE1 project\Digital_Scoreboard\Digital_Scoreboard.srcs\sources_1\new\anode_picker.vhd:]
WARNING: [filemgmt 56-199] Attempt to get parsing info during refresh. "On-the-fly" syntax checking information may be incorrect. [C:\Users\andrej\Desktop\DE1 project\Digital_Scoreboard\Digital_Scoreboard.srcs\sources_1\new\anode_picker.vhd:]
WARNING: [filemgmt 56-199] Attempt to get parsing info during refresh. "On-the-fly" syntax checking information may be incorrect. [C:\Users\andrej\Desktop\DE1 project\Digital_Scoreboard\Digital_Scoreboard.srcs\sources_1\new\anode_picker.vhd:]
WARNING: [filemgmt 56-199] Attempt to get parsing info during refresh. "On-the-fly" syntax checking information may be incorrect. [C:\Users\andrej\Desktop\DE1 project\Digital_Scoreboard\Digital_Scoreboard.srcs\sources_1\new\counter_sec.vhd:]
WARNING: [filemgmt 56-199] Attempt to get parsing info during refresh. "On-the-fly" syntax checking information may be incorrect. [C:\Users\andrej\Desktop\DE1 project\Digital_Scoreboard\Digital_Scoreboard.srcs\sources_1\imports\new\bin2seg.vhd:]
WARNING: [filemgmt 56-199] Attempt to get parsing info during refresh. "On-the-fly" syntax checking information may be incorrect. [C:\Users\andrej\Desktop\DE1 project\Digital_Scoreboard\Digital_Scoreboard.srcs\sources_1\new\top_level.vhd:]
WARNING: [filemgmt 56-199] Attempt to get parsing info during refresh. "On-the-fly" syntax checking information may be incorrect. [C:\Users\andrej\Desktop\DE1 project\Digital_Scoreboard\Digital_Scoreboard.srcs\sources_1\new\scoreboard.vhd:]
WARNING: [filemgmt 56-199] Attempt to get parsing info during refresh. "On-the-fly" syntax checking information may be incorrect. [C:\Users\andrej\Desktop\DE1 project\Digital_Scoreboard\Digital_Scoreboard.srcs\sources_1\new\counter_sec.vhd:]
WARNING: [filemgmt 56-199] Attempt to get parsing info during refresh. "On-the-fly" syntax checking information may be incorrect. [C:\Users\andrej\Desktop\DE1 project\Digital_Scoreboard\Digital_Scoreboard.srcs\sources_1\new\counter_sec.vhd:]
WARNING: [filemgmt 56-199] Attempt to get parsing info during refresh. "On-the-fly" syntax checking information may be incorrect. [C:\Users\andrej\Desktop\DE1 project\Digital_Scoreboard\Digital_Scoreboard.srcs\sources_1\new\anode_picker.vhd:]
WARNING: [filemgmt 56-199] Attempt to get parsing info during refresh. "On-the-fly" syntax checking information may be incorrect. [C:\Users\andrej\Desktop\DE1 project\Digital_Scoreboard\Digital_Scoreboard.srcs\sources_1\new\counter_sec.vhd:]
WARNING: [filemgmt 56-199] Attempt to get parsing info during refresh. "On-the-fly" syntax checking information may be incorrect. [C:\Users\andrej\Desktop\DE1 project\Digital_Scoreboard\Digital_Scoreboard.srcs\sources_1\imports\new\bin2seg.vhd:]
WARNING: [filemgmt 56-199] Attempt to get parsing info during refresh. "On-the-fly" syntax checking information may be incorrect. [C:\Users\andrej\Desktop\DE1 project\Digital_Scoreboard\Digital_Scoreboard.srcs\sources_1\new\top_level.vhd:]
WARNING: [filemgmt 56-199] Attempt to get parsing info during refresh. "On-the-fly" syntax checking information may be incorrect. [C:\Users\andrej\Desktop\DE1 project\Digital_Scoreboard\Digital_Scoreboard.srcs\sources_1\new\scoreboard.vhd:]
WARNING: [filemgmt 56-199] Attempt to get parsing info during refresh. "On-the-fly" syntax checking information may be incorrect. [C:\Users\andrej\Desktop\DE1 project\Digital_Scoreboard\Digital_Scoreboard.srcs\sources_1\imports\new\bin2seg.vhd:]
WARNING: [filemgmt 56-199] Attempt to get parsing info during refresh. "On-the-fly" syntax checking information may be incorrect. [C:\Users\andrej\Desktop\DE1 project\Digital_Scoreboard\Digital_Scoreboard.srcs\sources_1\imports\new\bin2seg.vhd:]
WARNING: [filemgmt 56-199] Attempt to get parsing info during refresh. "On-the-fly" syntax checking information may be incorrect. [C:\Users\andrej\Desktop\DE1 project\Digital_Scoreboard\Digital_Scoreboard.srcs\sources_1\new\anode_picker.vhd:]
WARNING: [filemgmt 56-199] Attempt to get parsing info during refresh. "On-the-fly" syntax checking information may be incorrect. [C:\Users\andrej\Desktop\DE1 project\Digital_Scoreboard\Digital_Scoreboard.srcs\sources_1\new\counter_sec.vhd:]
WARNING: [filemgmt 56-199] Attempt to get parsing info during refresh. "On-the-fly" syntax checking information may be incorrect. [C:\Users\andrej\Desktop\DE1 project\Digital_Scoreboard\Digital_Scoreboard.srcs\sources_1\imports\new\bin2seg.vhd:]
WARNING: [filemgmt 56-199] Attempt to get parsing info during refresh. "On-the-fly" syntax checking information may be incorrect. [C:\Users\andrej\Desktop\DE1 project\Digital_Scoreboard\Digital_Scoreboard.srcs\sources_1\new\top_level.vhd:]
WARNING: [filemgmt 56-199] Attempt to get parsing info during refresh. "On-the-fly" syntax checking information may be incorrect. [C:\Users\andrej\Desktop\DE1 project\Digital_Scoreboard\Digital_Scoreboard.srcs\sources_1\new\scoreboard.vhd:]
WARNING: [filemgmt 56-199] Attempt to get parsing info during refresh. "On-the-fly" syntax checking information may be incorrect. [C:\Users\andrej\Desktop\DE1 project\Digital_Scoreboard\Digital_Scoreboard.srcs\sources_1\new\top_level.vhd:]
WARNING: [filemgmt 56-199] Attempt to get parsing info during refresh. "On-the-fly" syntax checking information may be incorrect. [C:\Users\andrej\Desktop\DE1 project\Digital_Scoreboard\Digital_Scoreboard.srcs\sources_1\new\top_level.vhd:]
reset_run synth_1
launch_runs impl_1 -to_step write_bitstream -jobs 20
[Thu Apr 24 17:03:18 2025] Launched synth_1...
Run output will be captured here: C:/Users/andrej/Desktop/DE1 project/Digital_Scoreboard/Digital_Scoreboard.runs/synth_1/runme.log
[Thu Apr 24 17:03:18 2025] Launched impl_1...
Run output will be captured here: C:/Users/andrej/Desktop/DE1 project/Digital_Scoreboard/Digital_Scoreboard.runs/impl_1/runme.log
WARNING: [filemgmt 56-199] Attempt to get parsing info during refresh. "On-the-fly" syntax checking information may be incorrect. [C:\Users\andrej\Desktop\DE1 project\Digital_Scoreboard\Digital_Scoreboard.srcs\sources_1\new\anode_picker.vhd:]
WARNING: [filemgmt 56-199] Attempt to get parsing info during refresh. "On-the-fly" syntax checking information may be incorrect. [C:\Users\andrej\Desktop\DE1 project\Digital_Scoreboard\Digital_Scoreboard.srcs\sources_1\new\counter_sec.vhd:]
WARNING: [filemgmt 56-199] Attempt to get parsing info during refresh. "On-the-fly" syntax checking information may be incorrect. [C:\Users\andrej\Desktop\DE1 project\Digital_Scoreboard\Digital_Scoreboard.srcs\sources_1\imports\new\bin2seg.vhd:]
WARNING: [filemgmt 56-199] Attempt to get parsing info during refresh. "On-the-fly" syntax checking information may be incorrect. [C:\Users\andrej\Desktop\DE1 project\Digital_Scoreboard\Digital_Scoreboard.srcs\sources_1\new\top_level.vhd:]
WARNING: [filemgmt 56-199] Attempt to get parsing info during refresh. "On-the-fly" syntax checking information may be incorrect. [C:\Users\andrej\Desktop\DE1 project\Digital_Scoreboard\Digital_Scoreboard.srcs\sources_1\new\scoreboard.vhd:]
WARNING: [filemgmt 56-199] Attempt to get parsing info during refresh. "On-the-fly" syntax checking information may be incorrect. [C:\Users\andrej\Desktop\DE1 project\Digital_Scoreboard\Digital_Scoreboard.srcs\sources_1\new\scoreboard.vhd:]
WARNING: [filemgmt 56-199] Attempt to get parsing info during refresh. "On-the-fly" syntax checking information may be incorrect. [C:\Users\andrej\Desktop\DE1 project\Digital_Scoreboard\Digital_Scoreboard.srcs\sources_1\new\scoreboard.vhd:]
WARNING: [filemgmt 56-199] Attempt to get parsing info during refresh. "On-the-fly" syntax checking information may be incorrect. [C:\Users\andrej\Desktop\DE1 project\Digital_Scoreboard\Digital_Scoreboard.srcs\sources_1\new\anode_picker.vhd:]
WARNING: [filemgmt 56-199] Attempt to get parsing info during refresh. "On-the-fly" syntax checking information may be incorrect. [C:\Users\andrej\Desktop\DE1 project\Digital_Scoreboard\Digital_Scoreboard.srcs\sources_1\new\counter_sec.vhd:]
WARNING: [filemgmt 56-199] Attempt to get parsing info during refresh. "On-the-fly" syntax checking information may be incorrect. [C:\Users\andrej\Desktop\DE1 project\Digital_Scoreboard\Digital_Scoreboard.srcs\sources_1\imports\new\bin2seg.vhd:]
WARNING: [filemgmt 56-199] Attempt to get parsing info during refresh. "On-the-fly" syntax checking information may be incorrect. [C:\Users\andrej\Desktop\DE1 project\Digital_Scoreboard\Digital_Scoreboard.srcs\sources_1\new\top_level.vhd:]
WARNING: [filemgmt 56-199] Attempt to get parsing info during refresh. "On-the-fly" syntax checking information may be incorrect. [C:\Users\andrej\Desktop\DE1 project\Digital_Scoreboard\Digital_Scoreboard.srcs\sources_1\new\scoreboard.vhd:]
WARNING: [filemgmt 56-199] Attempt to get parsing info during refresh. "On-the-fly" syntax checking information may be incorrect. [C:\Users\andrej\Desktop\DE1 project\Digital_Scoreboard\Digital_Scoreboard.srcs\sources_1\new\anode_picker.vhd:]
WARNING: [filemgmt 56-199] Attempt to get parsing info during refresh. "On-the-fly" syntax checking information may be incorrect. [C:\Users\andrej\Desktop\DE1 project\Digital_Scoreboard\Digital_Scoreboard.srcs\sources_1\new\anode_picker.vhd:]
WARNING: [filemgmt 56-199] Attempt to get parsing info during refresh. "On-the-fly" syntax checking information may be incorrect. [C:\Users\andrej\Desktop\DE1 project\Digital_Scoreboard\Digital_Scoreboard.srcs\sources_1\new\anode_picker.vhd:]
WARNING: [filemgmt 56-199] Attempt to get parsing info during refresh. "On-the-fly" syntax checking information may be incorrect. [C:\Users\andrej\Desktop\DE1 project\Digital_Scoreboard\Digital_Scoreboard.srcs\sources_1\new\counter_sec.vhd:]
WARNING: [filemgmt 56-199] Attempt to get parsing info during refresh. "On-the-fly" syntax checking information may be incorrect. [C:\Users\andrej\Desktop\DE1 project\Digital_Scoreboard\Digital_Scoreboard.srcs\sources_1\imports\new\bin2seg.vhd:]
WARNING: [filemgmt 56-199] Attempt to get parsing info during refresh. "On-the-fly" syntax checking information may be incorrect. [C:\Users\andrej\Desktop\DE1 project\Digital_Scoreboard\Digital_Scoreboard.srcs\sources_1\new\top_level.vhd:]
WARNING: [filemgmt 56-199] Attempt to get parsing info during refresh. "On-the-fly" syntax checking information may be incorrect. [C:\Users\andrej\Desktop\DE1 project\Digital_Scoreboard\Digital_Scoreboard.srcs\sources_1\new\scoreboard.vhd:]
WARNING: [filemgmt 56-199] Attempt to get parsing info during refresh. "On-the-fly" syntax checking information may be incorrect. [C:\Users\andrej\Desktop\DE1 project\Digital_Scoreboard\Digital_Scoreboard.srcs\sources_1\new\top_level.vhd:]
WARNING: [filemgmt 56-199] Attempt to get parsing info during refresh. "On-the-fly" syntax checking information may be incorrect. [C:\Users\andrej\Desktop\DE1 project\Digital_Scoreboard\Digital_Scoreboard.srcs\sources_1\new\top_level.vhd:]
WARNING: [filemgmt 56-199] Attempt to get parsing info during refresh. "On-the-fly" syntax checking information may be incorrect. [C:\Users\andrej\Desktop\DE1 project\Digital_Scoreboard\Digital_Scoreboard.srcs\sources_1\new\anode_picker.vhd:]
WARNING: [filemgmt 56-199] Attempt to get parsing info during refresh. "On-the-fly" syntax checking information may be incorrect. [C:\Users\andrej\Desktop\DE1 project\Digital_Scoreboard\Digital_Scoreboard.srcs\sources_1\new\counter_sec.vhd:]
WARNING: [filemgmt 56-199] Attempt to get parsing info during refresh. "On-the-fly" syntax checking information may be incorrect. [C:\Users\andrej\Desktop\DE1 project\Digital_Scoreboard\Digital_Scoreboard.srcs\sources_1\imports\new\bin2seg.vhd:]
WARNING: [filemgmt 56-199] Attempt to get parsing info during refresh. "On-the-fly" syntax checking information may be incorrect. [C:\Users\andrej\Desktop\DE1 project\Digital_Scoreboard\Digital_Scoreboard.srcs\sources_1\new\top_level.vhd:]
WARNING: [filemgmt 56-199] Attempt to get parsing info during refresh. "On-the-fly" syntax checking information may be incorrect. [C:\Users\andrej\Desktop\DE1 project\Digital_Scoreboard\Digital_Scoreboard.srcs\sources_1\new\scoreboard.vhd:]
WARNING: [filemgmt 56-199] Attempt to get parsing info during refresh. "On-the-fly" syntax checking information may be incorrect. [C:\Users\andrej\Desktop\DE1 project\Digital_Scoreboard\Digital_Scoreboard.srcs\sources_1\imports\new\bin2seg.vhd:]
WARNING: [filemgmt 56-199] Attempt to get parsing info during refresh. "On-the-fly" syntax checking information may be incorrect. [C:\Users\andrej\Desktop\DE1 project\Digital_Scoreboard\Digital_Scoreboard.srcs\sources_1\imports\new\bin2seg.vhd:]
ERROR: [Common 17-180] Spawn failed: No error
exit
INFO: [Common 17-206] Exiting Vivado at Thu Apr 24 17:08:15 2025...
